INFO - 2025-06-12 07:27:45 --> Session: Class initialized using 'CodeIgniter\Session\Handlers\FileHandler' driver.
INFO - 2025-06-12 07:27:59 --> Session: Class initialized using 'CodeIgniter\Session\Handlers\FileHandler' driver.
INFO - 2025-06-12 07:28:18 --> Session: Class initialized using 'CodeIgniter\Session\Handlers\FileHandler' driver.
INFO - 2025-06-12 07:28:18 --> Session: Class initialized using 'CodeIgniter\Session\Handlers\FileHandler' driver.
INFO - 2025-06-12 07:28:45 --> Session: Class initialized using 'CodeIgniter\Session\Handlers\FileHandler' driver.
INFO - 2025-06-12 07:28:48 --> Session: Class initialized using 'CodeIgniter\Session\Handlers\FileHandler' driver.
INFO - 2025-06-12 07:31:04 --> Session: Class initialized using 'CodeIgniter\Session\Handlers\FileHandler' driver.
INFO - 2025-06-12 07:35:25 --> Session: Class initialized using 'CodeIgniter\Session\Handlers\FileHandler' driver.
ERROR - 2025-06-12 07:35:33 --> mysqli_sql_exception: Lock wait timeout exceeded; try restarting transaction in C:\Proyectos\reservalo2.0\system\Database\MySQLi\Connection.php:306
Stack trace:
#0 C:\Proyectos\reservalo2.0\system\Database\MySQLi\Connection.php(306): mysqli->query('UPDATE `usuario...', 0)
#1 C:\Proyectos\reservalo2.0\system\Database\BaseConnection.php(693): CodeIgniter\Database\MySQLi\Connection->execute('UPDATE `usuario...')
#2 C:\Proyectos\reservalo2.0\system\Database\BaseConnection.php(607): CodeIgniter\Database\BaseConnection->simpleQuery('UPDATE `usuario...')
#3 C:\Proyectos\reservalo2.0\system\Database\BaseBuilder.php(2474): CodeIgniter\Database\BaseConnection->query('UPDATE `usuario...', Array, false)
#4 C:\Proyectos\reservalo2.0\app\Models\loginModel.php(152): CodeIgniter\Database\BaseBuilder->update(Array)
#5 C:\Proyectos\reservalo2.0\app\Controllers\Login.php(192): App\Models\loginModel->anadirToken(Array, 5)
#6 C:\Proyectos\reservalo2.0\system\CodeIgniter.php(941): App\Controllers\Login->forgotPassword()
#7 C:\Proyectos\reservalo2.0\system\CodeIgniter.php(502): CodeIgniter\CodeIgniter->runController(Object(App\Controllers\Login))
#8 C:\Proyectos\reservalo2.0\system\CodeIgniter.php(361): CodeIgniter\CodeIgniter->handleRequest(NULL, Object(Config\Cache), false)
#9 C:\Proyectos\reservalo2.0\index.php(79): CodeIgniter\CodeIgniter->run()
#10 {main}
CRITICAL - 2025-06-12 07:35:33 --> CodeIgniter\Database\Exceptions\DatabaseException: Lock wait timeout exceeded; try restarting transaction
in SYSTEMPATH\Database\BaseConnection.php on line 647.
 1 SYSTEMPATH\Database\BaseBuilder.php(2474): CodeIgniter\Database\BaseConnection->query('UPDATE `usuarios` SET `token` = :token:, `token_date` = :token_date:
WHERE `id_usuario` = :id_usuario:', [...], false)
 2 APPPATH\Models\loginModel.php(152): CodeIgniter\Database\BaseBuilder->update([...])
 3 APPPATH\Controllers\Login.php(192): App\Models\loginModel->anadirToken([...], 5)
 4 SYSTEMPATH\CodeIgniter.php(941): App\Controllers\Login->forgotPassword()
 5 SYSTEMPATH\CodeIgniter.php(502): CodeIgniter\CodeIgniter->runController(Object(App\Controllers\Login))
 6 SYSTEMPATH\CodeIgniter.php(361): CodeIgniter\CodeIgniter->handleRequest(null, Object(Config\Cache), false)
 7 FCPATH\index.php(79): CodeIgniter\CodeIgniter->run()
CRITICAL - 2025-06-12 07:35:33 --> [Caused by] CodeIgniter\Database\Exceptions\DatabaseException: Lock wait timeout exceeded; try restarting transaction
in SYSTEMPATH\Database\MySQLi\Connection.php on line 311.
 1 SYSTEMPATH\Database\BaseConnection.php(693): CodeIgniter\Database\MySQLi\Connection->execute('UPDATE `usuarios` SET `token` = \'868a3a247412a63aea51dd8906a9962e5693bfd205d5808dfd264ff8d6fbb705831971a1c96a7bf709e5c518d86ff2c9f321\', `token_date` = \'2025-06-12 08:34:42\'
WHERE `id_usuario` = 5')
 2 SYSTEMPATH\Database\BaseConnection.php(607): CodeIgniter\Database\BaseConnection->simpleQuery('UPDATE `usuarios` SET `token` = \'868a3a247412a63aea51dd8906a9962e5693bfd205d5808dfd264ff8d6fbb705831971a1c96a7bf709e5c518d86ff2c9f321\', `token_date` = \'2025-06-12 08:34:42\'
WHERE `id_usuario` = 5')
 3 SYSTEMPATH\Database\BaseBuilder.php(2474): CodeIgniter\Database\BaseConnection->query('UPDATE `usuarios` SET `token` = :token:, `token_date` = :token_date:
WHERE `id_usuario` = :id_usuario:', [...], false)
 4 APPPATH\Models\loginModel.php(152): CodeIgniter\Database\BaseBuilder->update([...])
 5 APPPATH\Controllers\Login.php(192): App\Models\loginModel->anadirToken([...], 5)
 6 SYSTEMPATH\CodeIgniter.php(941): App\Controllers\Login->forgotPassword()
 7 SYSTEMPATH\CodeIgniter.php(502): CodeIgniter\CodeIgniter->runController(Object(App\Controllers\Login))
 8 SYSTEMPATH\CodeIgniter.php(361): CodeIgniter\CodeIgniter->handleRequest(null, Object(Config\Cache), false)
 9 FCPATH\index.php(79): CodeIgniter\CodeIgniter->run()
CRITICAL - 2025-06-12 07:35:33 --> [Caused by] mysqli_sql_exception: Lock wait timeout exceeded; try restarting transaction
in SYSTEMPATH\Database\MySQLi\Connection.php on line 306.
 1 SYSTEMPATH\Database\MySQLi\Connection.php(306): mysqli->query('UPDATE `usuarios` SET `token` = \'868a3a247412a63aea51dd8906a9962e5693bfd205d5808dfd264ff8d6fbb705831971a1c96a7bf709e5c518d86ff2c9f321\', `token_date` = \'2025-06-12 08:34:42\'
WHERE `id_usuario` = 5', 0)
 2 SYSTEMPATH\Database\BaseConnection.php(693): CodeIgniter\Database\MySQLi\Connection->execute('UPDATE `usuarios` SET `token` = \'868a3a247412a63aea51dd8906a9962e5693bfd205d5808dfd264ff8d6fbb705831971a1c96a7bf709e5c518d86ff2c9f321\', `token_date` = \'2025-06-12 08:34:42\'
WHERE `id_usuario` = 5')
 3 SYSTEMPATH\Database\BaseConnection.php(607): CodeIgniter\Database\BaseConnection->simpleQuery('UPDATE `usuarios` SET `token` = \'868a3a247412a63aea51dd8906a9962e5693bfd205d5808dfd264ff8d6fbb705831971a1c96a7bf709e5c518d86ff2c9f321\', `token_date` = \'2025-06-12 08:34:42\'
WHERE `id_usuario` = 5')
 4 SYSTEMPATH\Database\BaseBuilder.php(2474): CodeIgniter\Database\BaseConnection->query('UPDATE `usuarios` SET `token` = :token:, `token_date` = :token_date:
WHERE `id_usuario` = :id_usuario:', [...], false)
 5 APPPATH\Models\loginModel.php(152): CodeIgniter\Database\BaseBuilder->update([...])
 6 APPPATH\Controllers\Login.php(192): App\Models\loginModel->anadirToken([...], 5)
 7 SYSTEMPATH\CodeIgniter.php(941): App\Controllers\Login->forgotPassword()
 8 SYSTEMPATH\CodeIgniter.php(502): CodeIgniter\CodeIgniter->runController(Object(App\Controllers\Login))
 9 SYSTEMPATH\CodeIgniter.php(361): CodeIgniter\CodeIgniter->handleRequest(null, Object(Config\Cache), false)
10 FCPATH\index.php(79): CodeIgniter\CodeIgniter->run()
ERROR - 2025-06-12 07:37:02 --> mysqli_sql_exception: Lock wait timeout exceeded; try restarting transaction in C:\Proyectos\reservalo2.0\system\Database\MySQLi\Connection.php:306
Stack trace:
#0 C:\Proyectos\reservalo2.0\system\Database\MySQLi\Connection.php(306): mysqli->query('UPDATE `usuario...', 0)
#1 C:\Proyectos\reservalo2.0\system\Database\BaseConnection.php(693): CodeIgniter\Database\MySQLi\Connection->execute('UPDATE `usuario...')
#2 C:\Proyectos\reservalo2.0\system\Database\BaseConnection.php(607): CodeIgniter\Database\BaseConnection->simpleQuery('UPDATE `usuario...')
#3 C:\Proyectos\reservalo2.0\system\Database\BaseBuilder.php(2474): CodeIgniter\Database\BaseConnection->query('UPDATE `usuario...', Array, false)
#4 C:\Proyectos\reservalo2.0\app\Models\loginModel.php(152): CodeIgniter\Database\BaseBuilder->update(Array)
#5 C:\Proyectos\reservalo2.0\app\Controllers\Login.php(192): App\Models\loginModel->anadirToken(Array, 5)
#6 C:\Proyectos\reservalo2.0\system\CodeIgniter.php(941): App\Controllers\Login->forgotPassword()
#7 C:\Proyectos\reservalo2.0\system\CodeIgniter.php(502): CodeIgniter\CodeIgniter->runController(Object(App\Controllers\Login))
#8 C:\Proyectos\reservalo2.0\system\CodeIgniter.php(361): CodeIgniter\CodeIgniter->handleRequest(NULL, Object(Config\Cache), false)
#9 C:\Proyectos\reservalo2.0\index.php(79): CodeIgniter\CodeIgniter->run()
#10 {main}
CRITICAL - 2025-06-12 07:37:02 --> CodeIgniter\Database\Exceptions\DatabaseException: Lock wait timeout exceeded; try restarting transaction
in SYSTEMPATH\Database\BaseConnection.php on line 647.
 1 SYSTEMPATH\Database\BaseBuilder.php(2474): CodeIgniter\Database\BaseConnection->query('UPDATE `usuarios` SET `token` = :token:, `token_date` = :token_date:
WHERE `id_usuario` = :id_usuario:', [...], false)
 2 APPPATH\Models\loginModel.php(152): CodeIgniter\Database\BaseBuilder->update([...])
 3 APPPATH\Controllers\Login.php(192): App\Models\loginModel->anadirToken([...], 5)
 4 SYSTEMPATH\CodeIgniter.php(941): App\Controllers\Login->forgotPassword()
 5 SYSTEMPATH\CodeIgniter.php(502): CodeIgniter\CodeIgniter->runController(Object(App\Controllers\Login))
 6 SYSTEMPATH\CodeIgniter.php(361): CodeIgniter\CodeIgniter->handleRequest(null, Object(Config\Cache), false)
 7 FCPATH\index.php(79): CodeIgniter\CodeIgniter->run()
CRITICAL - 2025-06-12 07:37:02 --> [Caused by] CodeIgniter\Database\Exceptions\DatabaseException: Lock wait timeout exceeded; try restarting transaction
in SYSTEMPATH\Database\MySQLi\Connection.php on line 311.
 1 SYSTEMPATH\Database\BaseConnection.php(693): CodeIgniter\Database\MySQLi\Connection->execute('UPDATE `usuarios` SET `token` = \'ed20743f89d693b856b218e7eedf028751d9e6b244772aadf05cfc92b50c838481765ff53c1d864c234be459ed55feec8a88\', `token_date` = \'2025-06-12 08:36:11\'
WHERE `id_usuario` = 5')
 2 SYSTEMPATH\Database\BaseConnection.php(607): CodeIgniter\Database\BaseConnection->simpleQuery('UPDATE `usuarios` SET `token` = \'ed20743f89d693b856b218e7eedf028751d9e6b244772aadf05cfc92b50c838481765ff53c1d864c234be459ed55feec8a88\', `token_date` = \'2025-06-12 08:36:11\'
WHERE `id_usuario` = 5')
 3 SYSTEMPATH\Database\BaseBuilder.php(2474): CodeIgniter\Database\BaseConnection->query('UPDATE `usuarios` SET `token` = :token:, `token_date` = :token_date:
WHERE `id_usuario` = :id_usuario:', [...], false)
 4 APPPATH\Models\loginModel.php(152): CodeIgniter\Database\BaseBuilder->update([...])
 5 APPPATH\Controllers\Login.php(192): App\Models\loginModel->anadirToken([...], 5)
 6 SYSTEMPATH\CodeIgniter.php(941): App\Controllers\Login->forgotPassword()
 7 SYSTEMPATH\CodeIgniter.php(502): CodeIgniter\CodeIgniter->runController(Object(App\Controllers\Login))
 8 SYSTEMPATH\CodeIgniter.php(361): CodeIgniter\CodeIgniter->handleRequest(null, Object(Config\Cache), false)
 9 FCPATH\index.php(79): CodeIgniter\CodeIgniter->run()
CRITICAL - 2025-06-12 07:37:02 --> [Caused by] mysqli_sql_exception: Lock wait timeout exceeded; try restarting transaction
in SYSTEMPATH\Database\MySQLi\Connection.php on line 306.
 1 SYSTEMPATH\Database\MySQLi\Connection.php(306): mysqli->query('UPDATE `usuarios` SET `token` = \'ed20743f89d693b856b218e7eedf028751d9e6b244772aadf05cfc92b50c838481765ff53c1d864c234be459ed55feec8a88\', `token_date` = \'2025-06-12 08:36:11\'
WHERE `id_usuario` = 5', 0)
 2 SYSTEMPATH\Database\BaseConnection.php(693): CodeIgniter\Database\MySQLi\Connection->execute('UPDATE `usuarios` SET `token` = \'ed20743f89d693b856b218e7eedf028751d9e6b244772aadf05cfc92b50c838481765ff53c1d864c234be459ed55feec8a88\', `token_date` = \'2025-06-12 08:36:11\'
WHERE `id_usuario` = 5')
 3 SYSTEMPATH\Database\BaseConnection.php(607): CodeIgniter\Database\BaseConnection->simpleQuery('UPDATE `usuarios` SET `token` = \'ed20743f89d693b856b218e7eedf028751d9e6b244772aadf05cfc92b50c838481765ff53c1d864c234be459ed55feec8a88\', `token_date` = \'2025-06-12 08:36:11\'
WHERE `id_usuario` = 5')
 4 SYSTEMPATH\Database\BaseBuilder.php(2474): CodeIgniter\Database\BaseConnection->query('UPDATE `usuarios` SET `token` = :token:, `token_date` = :token_date:
WHERE `id_usuario` = :id_usuario:', [...], false)
 5 APPPATH\Models\loginModel.php(152): CodeIgniter\Database\BaseBuilder->update([...])
 6 APPPATH\Controllers\Login.php(192): App\Models\loginModel->anadirToken([...], 5)
 7 SYSTEMPATH\CodeIgniter.php(941): App\Controllers\Login->forgotPassword()
 8 SYSTEMPATH\CodeIgniter.php(502): CodeIgniter\CodeIgniter->runController(Object(App\Controllers\Login))
 9 SYSTEMPATH\CodeIgniter.php(361): CodeIgniter\CodeIgniter->handleRequest(null, Object(Config\Cache), false)
10 FCPATH\index.php(79): CodeIgniter\CodeIgniter->run()
INFO - 2025-06-12 07:51:10 --> Session: Class initialized using 'CodeIgniter\Session\Handlers\FileHandler' driver.
INFO - 2025-06-12 07:56:26 --> Session: Class initialized using 'CodeIgniter\Session\Handlers\FileHandler' driver.
INFO - 2025-06-12 07:56:55 --> Session: Class initialized using 'CodeIgniter\Session\Handlers\FileHandler' driver.
INFO - 2025-06-12 07:56:56 --> Session: Class initialized using 'CodeIgniter\Session\Handlers\FileHandler' driver.
INFO - 2025-06-12 08:08:07 --> Session: Class initialized using 'CodeIgniter\Session\Handlers\FileHandler' driver.
INFO - 2025-06-12 08:08:07 --> Session: Class initialized using 'CodeIgniter\Session\Handlers\FileHandler' driver.
INFO - 2025-06-12 08:09:37 --> Session: Class initialized using 'CodeIgniter\Session\Handlers\FileHandler' driver.
