INFO - 2025-02-20 11:26:12 --> Session: Class initialized using 'CodeIgniter\Session\Handlers\FileHandler' driver.
CRITICAL - 2025-02-20 11:41:37 --> ErrorException: Undefined variable $numeroInstalaciones
in APPPATH\Controllers\Home.php on line 27.
 1 APPPATH\Controllers\Home.php(27): CodeIgniter\Debug\Exceptions->errorHandler(2, 'Undefined variable $numeroInstalaciones', 'D:\\proyectos\\reservalo\\app\\Controllers\\Home.php', 27)
 2 SYSTEMPATH\CodeIgniter.php(941): App\Controllers\Home->index()
 3 SYSTEMPATH\CodeIgniter.php(502): CodeIgniter\CodeIgniter->runController(Object(App\Controllers\Home))
 4 SYSTEMPATH\CodeIgniter.php(361): CodeIgniter\CodeIgniter->handleRequest(null, Object(Config\Cache), false)
 5 FCPATH\index.php(79): CodeIgniter\CodeIgniter->run()
INFO - 2025-02-20 11:42:36 --> Session: Class initialized using 'CodeIgniter\Session\Handlers\FileHandler' driver.
CRITICAL - 2025-02-20 11:42:36 --> ErrorException: Undefined variable $deportivas
in APPPATH\Views\index.php on line 177.
 1 APPPATH\Views\index.php(177): CodeIgniter\Debug\Exceptions->errorHandler(2, 'Undefined variable $deportivas', 'D:\\proyectos\\reservalo\\app\\Views\\index.php', 177)
 2 SYSTEMPATH\View\View.php(228): include('D:\\proyectos\\reservalo\\app\\Views\\index.php')
 3 SYSTEMPATH\View\View.php(231): CodeIgniter\View\View->CodeIgniter\View\{closure}()
 4 SYSTEMPATH\Common.php(1178): CodeIgniter\View\View->render('index', [], true)
 5 APPPATH\Controllers\Home.php(28): view('index', [...])
 6 SYSTEMPATH\CodeIgniter.php(941): App\Controllers\Home->index()
 7 SYSTEMPATH\CodeIgniter.php(502): CodeIgniter\CodeIgniter->runController(Object(App\Controllers\Home))
 8 SYSTEMPATH\CodeIgniter.php(361): CodeIgniter\CodeIgniter->handleRequest(null, Object(Config\Cache), false)
 9 FCPATH\index.php(79): CodeIgniter\CodeIgniter->run()
INFO - 2025-02-20 11:42:37 --> Session: Class initialized using 'CodeIgniter\Session\Handlers\FileHandler' driver.
CRITICAL - 2025-02-20 11:42:37 --> ErrorException: Undefined variable $deportivas
in APPPATH\Views\index.php on line 177.
 1 APPPATH\Views\index.php(177): CodeIgniter\Debug\Exceptions->errorHandler(2, 'Undefined variable $deportivas', 'D:\\proyectos\\reservalo\\app\\Views\\index.php', 177)
 2 SYSTEMPATH\View\View.php(228): include('D:\\proyectos\\reservalo\\app\\Views\\index.php')
 3 SYSTEMPATH\View\View.php(231): CodeIgniter\View\View->CodeIgniter\View\{closure}()
 4 SYSTEMPATH\Common.php(1178): CodeIgniter\View\View->render('index', [], true)
 5 APPPATH\Controllers\Home.php(28): view('index', [...])
 6 SYSTEMPATH\CodeIgniter.php(941): App\Controllers\Home->index()
 7 SYSTEMPATH\CodeIgniter.php(502): CodeIgniter\CodeIgniter->runController(Object(App\Controllers\Home))
 8 SYSTEMPATH\CodeIgniter.php(361): CodeIgniter\CodeIgniter->handleRequest(null, Object(Config\Cache), false)
 9 FCPATH\index.php(79): CodeIgniter\CodeIgniter->run()
INFO - 2025-02-20 11:43:18 --> Session: Class initialized using 'CodeIgniter\Session\Handlers\FileHandler' driver.
INFO - 2025-02-20 11:44:12 --> Session: Class initialized using 'CodeIgniter\Session\Handlers\FileHandler' driver.
INFO - 2025-02-20 11:44:12 --> Session: Class initialized using 'CodeIgniter\Session\Handlers\FileHandler' driver.
INFO - 2025-02-20 11:44:12 --> Session: Class initialized using 'CodeIgniter\Session\Handlers\FileHandler' driver.
INFO - 2025-02-20 11:45:01 --> Session: Class initialized using 'CodeIgniter\Session\Handlers\FileHandler' driver.
INFO - 2025-02-20 11:45:02 --> Session: Class initialized using 'CodeIgniter\Session\Handlers\FileHandler' driver.
INFO - 2025-02-20 11:46:27 --> Session: Class initialized using 'CodeIgniter\Session\Handlers\FileHandler' driver.
INFO - 2025-02-20 11:46:28 --> Session: Class initialized using 'CodeIgniter\Session\Handlers\FileHandler' driver.
INFO - 2025-02-20 11:46:28 --> Session: Class initialized using 'CodeIgniter\Session\Handlers\FileHandler' driver.
INFO - 2025-02-20 11:46:31 --> Session: Class initialized using 'CodeIgniter\Session\Handlers\FileHandler' driver.
INFO - 2025-02-20 11:46:31 --> Session: Class initialized using 'CodeIgniter\Session\Handlers\FileHandler' driver.
INFO - 2025-02-20 11:46:33 --> Session: Class initialized using 'CodeIgniter\Session\Handlers\FileHandler' driver.
INFO - 2025-02-20 11:46:35 --> Session: Class initialized using 'CodeIgniter\Session\Handlers\FileHandler' driver.
INFO - 2025-02-20 11:47:21 --> Session: Class initialized using 'CodeIgniter\Session\Handlers\FileHandler' driver.
INFO - 2025-02-20 11:47:22 --> Session: Class initialized using 'CodeIgniter\Session\Handlers\FileHandler' driver.
INFO - 2025-02-20 11:47:39 --> Session: Class initialized using 'CodeIgniter\Session\Handlers\FileHandler' driver.
INFO - 2025-02-20 11:47:39 --> Session: Class initialized using 'CodeIgniter\Session\Handlers\FileHandler' driver.
INFO - 2025-02-20 11:47:39 --> Session: Class initialized using 'CodeIgniter\Session\Handlers\FileHandler' driver.
INFO - 2025-02-20 11:47:46 --> Session: Class initialized using 'CodeIgniter\Session\Handlers\FileHandler' driver.
INFO - 2025-02-20 11:47:47 --> Session: Class initialized using 'CodeIgniter\Session\Handlers\FileHandler' driver.
INFO - 2025-02-20 11:47:49 --> Session: Class initialized using 'CodeIgniter\Session\Handlers\FileHandler' driver.
CRITICAL - 2025-02-20 11:47:49 --> ErrorException: Undefined variable $instalacion
in APPPATH\Views\instalaciones\crudInstalaciones.php on line 175.
 1 APPPATH\Views\instalaciones\crudInstalaciones.php(175): CodeIgniter\Debug\Exceptions->errorHandler(2, 'Undefined variable $instalacion', 'D:\\proyectos\\reservalo\\app\\Views\\instalaciones\\crudInstalaciones.php', 175)
 2 SYSTEMPATH\View\View.php(228): include('D:\\proyectos\\reservalo\\app\\Views\\instalaciones\\crudInstalaciones.php')
 3 SYSTEMPATH\View\View.php(231): CodeIgniter\View\View->CodeIgniter\View\{closure}()
 4 SYSTEMPATH\Common.php(1178): CodeIgniter\View\View->render('instalaciones/crudInstalaciones', [], true)
 5 APPPATH\Controllers\instalaciones.php(513): view('instalaciones/crudInstalaciones', [...])
 6 SYSTEMPATH\CodeIgniter.php(941): App\Controllers\instalaciones->crudInstalaciones()
 7 SYSTEMPATH\CodeIgniter.php(502): CodeIgniter\CodeIgniter->runController(Object(App\Controllers\instalaciones))
 8 SYSTEMPATH\CodeIgniter.php(361): CodeIgniter\CodeIgniter->handleRequest(null, Object(Config\Cache), false)
 9 FCPATH\index.php(79): CodeIgniter\CodeIgniter->run()
INFO - 2025-02-20 11:49:08 --> Session: Class initialized using 'CodeIgniter\Session\Handlers\FileHandler' driver.
INFO - 2025-02-20 11:49:08 --> Session: Class initialized using 'CodeIgniter\Session\Handlers\FileHandler' driver.
INFO - 2025-02-20 11:49:59 --> Session: Class initialized using 'CodeIgniter\Session\Handlers\FileHandler' driver.
INFO - 2025-02-20 11:53:06 --> Session: Class initialized using 'CodeIgniter\Session\Handlers\FileHandler' driver.
CRITICAL - 2025-02-20 11:53:06 --> ErrorException: Undefined variable $instalacion
in APPPATH\Views\instalaciones\crudInstalaciones.php on line 180.
 1 APPPATH\Views\instalaciones\crudInstalaciones.php(180): CodeIgniter\Debug\Exceptions->errorHandler(2, 'Undefined variable $instalacion', 'D:\\proyectos\\reservalo\\app\\Views\\instalaciones\\crudInstalaciones.php', 180)
 2 SYSTEMPATH\View\View.php(228): include('D:\\proyectos\\reservalo\\app\\Views\\instalaciones\\crudInstalaciones.php')
 3 SYSTEMPATH\View\View.php(231): CodeIgniter\View\View->CodeIgniter\View\{closure}()
 4 SYSTEMPATH\Common.php(1178): CodeIgniter\View\View->render('instalaciones/crudInstalaciones', [], true)
 5 APPPATH\Controllers\instalaciones.php(513): view('instalaciones/crudInstalaciones', [...])
 6 SYSTEMPATH\CodeIgniter.php(941): App\Controllers\instalaciones->crudInstalaciones()
 7 SYSTEMPATH\CodeIgniter.php(502): CodeIgniter\CodeIgniter->runController(Object(App\Controllers\instalaciones))
 8 SYSTEMPATH\CodeIgniter.php(361): CodeIgniter\CodeIgniter->handleRequest(null, Object(Config\Cache), false)
 9 FCPATH\index.php(79): CodeIgniter\CodeIgniter->run()
INFO - 2025-02-20 11:53:08 --> Session: Class initialized using 'CodeIgniter\Session\Handlers\FileHandler' driver.
CRITICAL - 2025-02-20 11:53:08 --> ErrorException: Undefined variable $instalacion
in APPPATH\Views\instalaciones\crudInstalaciones.php on line 180.
 1 APPPATH\Views\instalaciones\crudInstalaciones.php(180): CodeIgniter\Debug\Exceptions->errorHandler(2, 'Undefined variable $instalacion', 'D:\\proyectos\\reservalo\\app\\Views\\instalaciones\\crudInstalaciones.php', 180)
 2 SYSTEMPATH\View\View.php(228): include('D:\\proyectos\\reservalo\\app\\Views\\instalaciones\\crudInstalaciones.php')
 3 SYSTEMPATH\View\View.php(231): CodeIgniter\View\View->CodeIgniter\View\{closure}()
 4 SYSTEMPATH\Common.php(1178): CodeIgniter\View\View->render('instalaciones/crudInstalaciones', [], true)
 5 APPPATH\Controllers\instalaciones.php(513): view('instalaciones/crudInstalaciones', [...])
 6 SYSTEMPATH\CodeIgniter.php(941): App\Controllers\instalaciones->crudInstalaciones()
 7 SYSTEMPATH\CodeIgniter.php(502): CodeIgniter\CodeIgniter->runController(Object(App\Controllers\instalaciones))
 8 SYSTEMPATH\CodeIgniter.php(361): CodeIgniter\CodeIgniter->handleRequest(null, Object(Config\Cache), false)
 9 FCPATH\index.php(79): CodeIgniter\CodeIgniter->run()
INFO - 2025-02-20 11:54:13 --> Session: Class initialized using 'CodeIgniter\Session\Handlers\FileHandler' driver.
CRITICAL - 2025-02-20 11:54:13 --> ErrorException: Undefined variable $instalacion
in APPPATH\Views\instalaciones\crudInstalaciones.php on line 180.
 1 APPPATH\Views\instalaciones\crudInstalaciones.php(180): CodeIgniter\Debug\Exceptions->errorHandler(2, 'Undefined variable $instalacion', 'D:\\proyectos\\reservalo\\app\\Views\\instalaciones\\crudInstalaciones.php', 180)
 2 SYSTEMPATH\View\View.php(228): include('D:\\proyectos\\reservalo\\app\\Views\\instalaciones\\crudInstalaciones.php')
 3 SYSTEMPATH\View\View.php(231): CodeIgniter\View\View->CodeIgniter\View\{closure}()
 4 SYSTEMPATH\Common.php(1178): CodeIgniter\View\View->render('instalaciones/crudInstalaciones', [], true)
 5 APPPATH\Controllers\instalaciones.php(513): view('instalaciones/crudInstalaciones', [...])
 6 SYSTEMPATH\CodeIgniter.php(941): App\Controllers\instalaciones->crudInstalaciones()
 7 SYSTEMPATH\CodeIgniter.php(502): CodeIgniter\CodeIgniter->runController(Object(App\Controllers\instalaciones))
 8 SYSTEMPATH\CodeIgniter.php(361): CodeIgniter\CodeIgniter->handleRequest(null, Object(Config\Cache), false)
 9 FCPATH\index.php(79): CodeIgniter\CodeIgniter->run()
INFO - 2025-02-20 11:54:15 --> Session: Class initialized using 'CodeIgniter\Session\Handlers\FileHandler' driver.
CRITICAL - 2025-02-20 11:54:15 --> ErrorException: Undefined variable $instalacion
in APPPATH\Views\instalaciones\crudInstalaciones.php on line 180.
 1 APPPATH\Views\instalaciones\crudInstalaciones.php(180): CodeIgniter\Debug\Exceptions->errorHandler(2, 'Undefined variable $instalacion', 'D:\\proyectos\\reservalo\\app\\Views\\instalaciones\\crudInstalaciones.php', 180)
 2 SYSTEMPATH\View\View.php(228): include('D:\\proyectos\\reservalo\\app\\Views\\instalaciones\\crudInstalaciones.php')
 3 SYSTEMPATH\View\View.php(231): CodeIgniter\View\View->CodeIgniter\View\{closure}()
 4 SYSTEMPATH\Common.php(1178): CodeIgniter\View\View->render('instalaciones/crudInstalaciones', [], true)
 5 APPPATH\Controllers\instalaciones.php(513): view('instalaciones/crudInstalaciones', [...])
 6 SYSTEMPATH\CodeIgniter.php(941): App\Controllers\instalaciones->crudInstalaciones()
 7 SYSTEMPATH\CodeIgniter.php(502): CodeIgniter\CodeIgniter->runController(Object(App\Controllers\instalaciones))
 8 SYSTEMPATH\CodeIgniter.php(361): CodeIgniter\CodeIgniter->handleRequest(null, Object(Config\Cache), false)
 9 FCPATH\index.php(79): CodeIgniter\CodeIgniter->run()
INFO - 2025-02-20 11:54:27 --> Session: Class initialized using 'CodeIgniter\Session\Handlers\FileHandler' driver.
CRITICAL - 2025-02-20 11:54:27 --> ErrorException: Undefined variable $instalacion
in APPPATH\Views\instalaciones\crudInstalaciones.php on line 180.
 1 APPPATH\Views\instalaciones\crudInstalaciones.php(180): CodeIgniter\Debug\Exceptions->errorHandler(2, 'Undefined variable $instalacion', 'D:\\proyectos\\reservalo\\app\\Views\\instalaciones\\crudInstalaciones.php', 180)
 2 SYSTEMPATH\View\View.php(228): include('D:\\proyectos\\reservalo\\app\\Views\\instalaciones\\crudInstalaciones.php')
 3 SYSTEMPATH\View\View.php(231): CodeIgniter\View\View->CodeIgniter\View\{closure}()
 4 SYSTEMPATH\Common.php(1178): CodeIgniter\View\View->render('instalaciones/crudInstalaciones', [], true)
 5 APPPATH\Controllers\instalaciones.php(513): view('instalaciones/crudInstalaciones', [...])
 6 SYSTEMPATH\CodeIgniter.php(941): App\Controllers\instalaciones->crudInstalaciones()
 7 SYSTEMPATH\CodeIgniter.php(502): CodeIgniter\CodeIgniter->runController(Object(App\Controllers\instalaciones))
 8 SYSTEMPATH\CodeIgniter.php(361): CodeIgniter\CodeIgniter->handleRequest(null, Object(Config\Cache), false)
 9 FCPATH\index.php(79): CodeIgniter\CodeIgniter->run()
INFO - 2025-02-20 11:57:35 --> Session: Class initialized using 'CodeIgniter\Session\Handlers\FileHandler' driver.
CRITICAL - 2025-02-20 11:57:35 --> ErrorException: Undefined variable $instalacion
in APPPATH\Views\instalaciones\crudInstalaciones.php on line 180.
 1 APPPATH\Views\instalaciones\crudInstalaciones.php(180): CodeIgniter\Debug\Exceptions->errorHandler(2, 'Undefined variable $instalacion', 'D:\\proyectos\\reservalo\\app\\Views\\instalaciones\\crudInstalaciones.php', 180)
 2 SYSTEMPATH\View\View.php(228): include('D:\\proyectos\\reservalo\\app\\Views\\instalaciones\\crudInstalaciones.php')
 3 SYSTEMPATH\View\View.php(231): CodeIgniter\View\View->CodeIgniter\View\{closure}()
 4 SYSTEMPATH\Common.php(1178): CodeIgniter\View\View->render('instalaciones/crudInstalaciones', [], true)
 5 APPPATH\Controllers\instalaciones.php(513): view('instalaciones/crudInstalaciones', [...])
 6 SYSTEMPATH\CodeIgniter.php(941): App\Controllers\instalaciones->crudInstalaciones()
 7 SYSTEMPATH\CodeIgniter.php(502): CodeIgniter\CodeIgniter->runController(Object(App\Controllers\instalaciones))
 8 SYSTEMPATH\CodeIgniter.php(361): CodeIgniter\CodeIgniter->handleRequest(null, Object(Config\Cache), false)
 9 FCPATH\index.php(79): CodeIgniter\CodeIgniter->run()
INFO - 2025-02-20 11:57:37 --> Session: Class initialized using 'CodeIgniter\Session\Handlers\FileHandler' driver.
CRITICAL - 2025-02-20 11:57:37 --> ErrorException: Undefined variable $instalacion
in APPPATH\Views\instalaciones\crudInstalaciones.php on line 180.
 1 APPPATH\Views\instalaciones\crudInstalaciones.php(180): CodeIgniter\Debug\Exceptions->errorHandler(2, 'Undefined variable $instalacion', 'D:\\proyectos\\reservalo\\app\\Views\\instalaciones\\crudInstalaciones.php', 180)
 2 SYSTEMPATH\View\View.php(228): include('D:\\proyectos\\reservalo\\app\\Views\\instalaciones\\crudInstalaciones.php')
 3 SYSTEMPATH\View\View.php(231): CodeIgniter\View\View->CodeIgniter\View\{closure}()
 4 SYSTEMPATH\Common.php(1178): CodeIgniter\View\View->render('instalaciones/crudInstalaciones', [], true)
 5 APPPATH\Controllers\instalaciones.php(513): view('instalaciones/crudInstalaciones', [...])
 6 SYSTEMPATH\CodeIgniter.php(941): App\Controllers\instalaciones->crudInstalaciones()
 7 SYSTEMPATH\CodeIgniter.php(502): CodeIgniter\CodeIgniter->runController(Object(App\Controllers\instalaciones))
 8 SYSTEMPATH\CodeIgniter.php(361): CodeIgniter\CodeIgniter->handleRequest(null, Object(Config\Cache), false)
 9 FCPATH\index.php(79): CodeIgniter\CodeIgniter->run()
INFO - 2025-02-20 11:58:05 --> Session: Class initialized using 'CodeIgniter\Session\Handlers\FileHandler' driver.
CRITICAL - 2025-02-20 11:58:05 --> ErrorException: Undefined variable $instalacion
in APPPATH\Views\instalaciones\crudInstalaciones.php on line 180.
 1 APPPATH\Views\instalaciones\crudInstalaciones.php(180): CodeIgniter\Debug\Exceptions->errorHandler(2, 'Undefined variable $instalacion', 'D:\\proyectos\\reservalo\\app\\Views\\instalaciones\\crudInstalaciones.php', 180)
 2 SYSTEMPATH\View\View.php(228): include('D:\\proyectos\\reservalo\\app\\Views\\instalaciones\\crudInstalaciones.php')
 3 SYSTEMPATH\View\View.php(231): CodeIgniter\View\View->CodeIgniter\View\{closure}()
 4 SYSTEMPATH\Common.php(1178): CodeIgniter\View\View->render('instalaciones/crudInstalaciones', [], true)
 5 APPPATH\Controllers\instalaciones.php(513): view('instalaciones/crudInstalaciones', [...])
 6 SYSTEMPATH\CodeIgniter.php(941): App\Controllers\instalaciones->crudInstalaciones()
 7 SYSTEMPATH\CodeIgniter.php(502): CodeIgniter\CodeIgniter->runController(Object(App\Controllers\instalaciones))
 8 SYSTEMPATH\CodeIgniter.php(361): CodeIgniter\CodeIgniter->handleRequest(null, Object(Config\Cache), false)
 9 FCPATH\index.php(79): CodeIgniter\CodeIgniter->run()
INFO - 2025-02-20 11:59:55 --> Session: Class initialized using 'CodeIgniter\Session\Handlers\FileHandler' driver.
CRITICAL - 2025-02-20 11:59:55 --> ErrorException: Undefined variable $instalacion
in APPPATH\Views\instalaciones\crudInstalaciones.php on line 180.
 1 APPPATH\Views\instalaciones\crudInstalaciones.php(180): CodeIgniter\Debug\Exceptions->errorHandler(2, 'Undefined variable $instalacion', 'D:\\proyectos\\reservalo\\app\\Views\\instalaciones\\crudInstalaciones.php', 180)
 2 SYSTEMPATH\View\View.php(228): include('D:\\proyectos\\reservalo\\app\\Views\\instalaciones\\crudInstalaciones.php')
 3 SYSTEMPATH\View\View.php(231): CodeIgniter\View\View->CodeIgniter\View\{closure}()
 4 SYSTEMPATH\Common.php(1178): CodeIgniter\View\View->render('instalaciones/crudInstalaciones', [], true)
 5 APPPATH\Controllers\instalaciones.php(513): view('instalaciones/crudInstalaciones', [...])
 6 SYSTEMPATH\CodeIgniter.php(941): App\Controllers\instalaciones->crudInstalaciones()
 7 SYSTEMPATH\CodeIgniter.php(502): CodeIgniter\CodeIgniter->runController(Object(App\Controllers\instalaciones))
 8 SYSTEMPATH\CodeIgniter.php(361): CodeIgniter\CodeIgniter->handleRequest(null, Object(Config\Cache), false)
 9 FCPATH\index.php(79): CodeIgniter\CodeIgniter->run()
INFO - 2025-02-20 12:00:30 --> Session: Class initialized using 'CodeIgniter\Session\Handlers\FileHandler' driver.
INFO - 2025-02-20 12:00:31 --> Session: Class initialized using 'CodeIgniter\Session\Handlers\FileHandler' driver.
INFO - 2025-02-20 12:00:38 --> Session: Class initialized using 'CodeIgniter\Session\Handlers\FileHandler' driver.
CRITICAL - 2025-02-20 12:00:38 --> ErrorException: Undefined variable $instalacion
in APPPATH\Views\instalaciones\crudInstalaciones.php on line 180.
 1 APPPATH\Views\instalaciones\crudInstalaciones.php(180): CodeIgniter\Debug\Exceptions->errorHandler(2, 'Undefined variable $instalacion', 'D:\\proyectos\\reservalo\\app\\Views\\instalaciones\\crudInstalaciones.php', 180)
 2 SYSTEMPATH\View\View.php(228): include('D:\\proyectos\\reservalo\\app\\Views\\instalaciones\\crudInstalaciones.php')
 3 SYSTEMPATH\View\View.php(231): CodeIgniter\View\View->CodeIgniter\View\{closure}()
 4 SYSTEMPATH\Common.php(1178): CodeIgniter\View\View->render('instalaciones/crudInstalaciones', [], true)
 5 APPPATH\Controllers\instalaciones.php(513): view('instalaciones/crudInstalaciones', [...])
 6 SYSTEMPATH\CodeIgniter.php(941): App\Controllers\instalaciones->crudInstalaciones()
 7 SYSTEMPATH\CodeIgniter.php(502): CodeIgniter\CodeIgniter->runController(Object(App\Controllers\instalaciones))
 8 SYSTEMPATH\CodeIgniter.php(361): CodeIgniter\CodeIgniter->handleRequest(null, Object(Config\Cache), false)
 9 FCPATH\index.php(79): CodeIgniter\CodeIgniter->run()
INFO - 2025-02-20 12:20:23 --> Session: Class initialized using 'CodeIgniter\Session\Handlers\FileHandler' driver.
INFO - 2025-02-20 12:20:35 --> Session: Class initialized using 'CodeIgniter\Session\Handlers\FileHandler' driver.
INFO - 2025-02-20 12:22:11 --> Session: Class initialized using 'CodeIgniter\Session\Handlers\FileHandler' driver.
INFO - 2025-02-20 12:22:14 --> Session: Class initialized using 'CodeIgniter\Session\Handlers\FileHandler' driver.
INFO - 2025-02-20 12:27:02 --> Session: Class initialized using 'CodeIgniter\Session\Handlers\FileHandler' driver.
INFO - 2025-02-20 12:27:04 --> Session: Class initialized using 'CodeIgniter\Session\Handlers\FileHandler' driver.
INFO - 2025-02-20 12:27:45 --> Session: Class initialized using 'CodeIgniter\Session\Handlers\FileHandler' driver.
CRITICAL - 2025-02-20 12:27:46 --> CodeIgniter\View\Exceptions\ViewException: Invalid file: "instalaciones/crudInstalaciones.php"
in SYSTEMPATH\Exceptions\FrameworkException.php on line 39.
 1 SYSTEMPATH\View\View.php(216): CodeIgniter\Exceptions\FrameworkException::forInvalidFile('instalaciones/crudInstalaciones.php')
 2 SYSTEMPATH\Common.php(1178): CodeIgniter\View\View->render('instalaciones/crudInstalaciones', [], true)
 3 APPPATH\Controllers\instalaciones.php(513): view('instalaciones/crudInstalaciones', [...])
 4 SYSTEMPATH\CodeIgniter.php(941): App\Controllers\instalaciones->crudInstalaciones()
 5 SYSTEMPATH\CodeIgniter.php(502): CodeIgniter\CodeIgniter->runController(Object(App\Controllers\instalaciones))
 6 SYSTEMPATH\CodeIgniter.php(361): CodeIgniter\CodeIgniter->handleRequest(null, Object(Config\Cache), false)
 7 FCPATH\index.php(79): CodeIgniter\CodeIgniter->run()
INFO - 2025-02-20 12:27:53 --> Session: Class initialized using 'CodeIgniter\Session\Handlers\FileHandler' driver.
CRITICAL - 2025-02-20 12:27:54 --> CodeIgniter\View\Exceptions\ViewException: Invalid file: "instalaciones/crudInstalaciones.php"
in SYSTEMPATH\Exceptions\FrameworkException.php on line 39.
 1 SYSTEMPATH\View\View.php(216): CodeIgniter\Exceptions\FrameworkException::forInvalidFile('instalaciones/crudInstalaciones.php')
 2 SYSTEMPATH\Common.php(1178): CodeIgniter\View\View->render('instalaciones/crudInstalaciones', [], true)
 3 APPPATH\Controllers\instalaciones.php(513): view('instalaciones/crudInstalaciones', [...])
 4 SYSTEMPATH\CodeIgniter.php(941): App\Controllers\instalaciones->crudInstalaciones()
 5 SYSTEMPATH\CodeIgniter.php(502): CodeIgniter\CodeIgniter->runController(Object(App\Controllers\instalaciones))
 6 SYSTEMPATH\CodeIgniter.php(361): CodeIgniter\CodeIgniter->handleRequest(null, Object(Config\Cache), false)
 7 FCPATH\index.php(79): CodeIgniter\CodeIgniter->run()
INFO - 2025-02-20 12:28:11 --> Session: Class initialized using 'CodeIgniter\Session\Handlers\FileHandler' driver.
INFO - 2025-02-20 12:28:13 --> Session: Class initialized using 'CodeIgniter\Session\Handlers\FileHandler' driver.
INFO - 2025-02-20 12:31:44 --> Session: Class initialized using 'CodeIgniter\Session\Handlers\FileHandler' driver.
INFO - 2025-02-20 12:31:46 --> Session: Class initialized using 'CodeIgniter\Session\Handlers\FileHandler' driver.
INFO - 2025-02-20 12:36:15 --> Session: Class initialized using 'CodeIgniter\Session\Handlers\FileHandler' driver.
INFO - 2025-02-20 12:36:17 --> Session: Class initialized using 'CodeIgniter\Session\Handlers\FileHandler' driver.
INFO - 2025-02-20 12:36:31 --> Session: Class initialized using 'CodeIgniter\Session\Handlers\FileHandler' driver.
INFO - 2025-02-20 12:36:34 --> Session: Class initialized using 'CodeIgniter\Session\Handlers\FileHandler' driver.
INFO - 2025-02-20 12:36:43 --> Session: Class initialized using 'CodeIgniter\Session\Handlers\FileHandler' driver.
INFO - 2025-02-20 12:36:46 --> Session: Class initialized using 'CodeIgniter\Session\Handlers\FileHandler' driver.
INFO - 2025-02-20 12:38:41 --> Session: Class initialized using 'CodeIgniter\Session\Handlers\FileHandler' driver.
INFO - 2025-02-20 12:39:14 --> Session: Class initialized using 'CodeIgniter\Session\Handlers\FileHandler' driver.
INFO - 2025-02-20 12:39:16 --> Session: Class initialized using 'CodeIgniter\Session\Handlers\FileHandler' driver.
INFO - 2025-02-20 12:39:19 --> Session: Class initialized using 'CodeIgniter\Session\Handlers\FileHandler' driver.
INFO - 2025-02-20 12:39:24 --> Session: Class initialized using 'CodeIgniter\Session\Handlers\FileHandler' driver.
INFO - 2025-02-20 12:39:26 --> Session: Class initialized using 'CodeIgniter\Session\Handlers\FileHandler' driver.
INFO - 2025-02-20 12:43:01 --> Session: Class initialized using 'CodeIgniter\Session\Handlers\FileHandler' driver.
INFO - 2025-02-20 12:43:39 --> Session: Class initialized using 'CodeIgniter\Session\Handlers\FileHandler' driver.
INFO - 2025-02-20 12:43:41 --> Session: Class initialized using 'CodeIgniter\Session\Handlers\FileHandler' driver.
INFO - 2025-02-20 12:43:43 --> Session: Class initialized using 'CodeIgniter\Session\Handlers\FileHandler' driver.
INFO - 2025-02-20 12:44:36 --> Session: Class initialized using 'CodeIgniter\Session\Handlers\FileHandler' driver.
INFO - 2025-02-20 12:44:38 --> Session: Class initialized using 'CodeIgniter\Session\Handlers\FileHandler' driver.
INFO - 2025-02-20 12:44:46 --> Session: Class initialized using 'CodeIgniter\Session\Handlers\FileHandler' driver.
INFO - 2025-02-20 12:44:48 --> Session: Class initialized using 'CodeIgniter\Session\Handlers\FileHandler' driver.
INFO - 2025-02-20 12:45:16 --> Session: Class initialized using 'CodeIgniter\Session\Handlers\FileHandler' driver.
INFO - 2025-02-20 12:45:16 --> Session: Class initialized using 'CodeIgniter\Session\Handlers\FileHandler' driver.
INFO - 2025-02-20 12:45:18 --> Session: Class initialized using 'CodeIgniter\Session\Handlers\FileHandler' driver.
INFO - 2025-02-20 12:46:51 --> Session: Class initialized using 'CodeIgniter\Session\Handlers\FileHandler' driver.
INFO - 2025-02-20 12:46:54 --> Session: Class initialized using 'CodeIgniter\Session\Handlers\FileHandler' driver.
INFO - 2025-02-20 12:49:04 --> Session: Class initialized using 'CodeIgniter\Session\Handlers\FileHandler' driver.
INFO - 2025-02-20 12:49:05 --> Session: Class initialized using 'CodeIgniter\Session\Handlers\FileHandler' driver.
INFO - 2025-02-20 12:49:08 --> Session: Class initialized using 'CodeIgniter\Session\Handlers\FileHandler' driver.
INFO - 2025-02-20 12:49:09 --> Session: Class initialized using 'CodeIgniter\Session\Handlers\FileHandler' driver.
INFO - 2025-02-20 12:49:20 --> Session: Class initialized using 'CodeIgniter\Session\Handlers\FileHandler' driver.
INFO - 2025-02-20 12:49:21 --> Session: Class initialized using 'CodeIgniter\Session\Handlers\FileHandler' driver.
INFO - 2025-02-20 12:49:40 --> Session: Class initialized using 'CodeIgniter\Session\Handlers\FileHandler' driver.
INFO - 2025-02-20 12:53:56 --> Session: Class initialized using 'CodeIgniter\Session\Handlers\FileHandler' driver.
INFO - 2025-02-20 12:53:59 --> Session: Class initialized using 'CodeIgniter\Session\Handlers\FileHandler' driver.
INFO - 2025-02-20 12:54:12 --> Session: Class initialized using 'CodeIgniter\Session\Handlers\FileHandler' driver.
INFO - 2025-02-20 12:54:14 --> Session: Class initialized using 'CodeIgniter\Session\Handlers\FileHandler' driver.
INFO - 2025-02-20 12:54:18 --> Session: Class initialized using 'CodeIgniter\Session\Handlers\FileHandler' driver.
INFO - 2025-02-20 12:54:21 --> Session: Class initialized using 'CodeIgniter\Session\Handlers\FileHandler' driver.
INFO - 2025-02-20 12:56:04 --> Session: Class initialized using 'CodeIgniter\Session\Handlers\FileHandler' driver.
INFO - 2025-02-20 12:57:26 --> Session: Class initialized using 'CodeIgniter\Session\Handlers\FileHandler' driver.
INFO - 2025-02-20 12:57:28 --> Session: Class initialized using 'CodeIgniter\Session\Handlers\FileHandler' driver.
INFO - 2025-02-20 12:57:30 --> Session: Class initialized using 'CodeIgniter\Session\Handlers\FileHandler' driver.
INFO - 2025-02-20 12:57:35 --> Session: Class initialized using 'CodeIgniter\Session\Handlers\FileHandler' driver.
INFO - 2025-02-20 12:57:38 --> Session: Class initialized using 'CodeIgniter\Session\Handlers\FileHandler' driver.
INFO - 2025-02-20 12:57:42 --> Session: Class initialized using 'CodeIgniter\Session\Handlers\FileHandler' driver.
INFO - 2025-02-20 12:57:45 --> Session: Class initialized using 'CodeIgniter\Session\Handlers\FileHandler' driver.
INFO - 2025-02-20 12:57:55 --> Session: Class initialized using 'CodeIgniter\Session\Handlers\FileHandler' driver.
INFO - 2025-02-20 12:57:56 --> Session: Class initialized using 'CodeIgniter\Session\Handlers\FileHandler' driver.
INFO - 2025-02-20 12:58:03 --> Session: Class initialized using 'CodeIgniter\Session\Handlers\FileHandler' driver.
INFO - 2025-02-20 12:58:05 --> Session: Class initialized using 'CodeIgniter\Session\Handlers\FileHandler' driver.
INFO - 2025-02-20 12:58:10 --> Session: Class initialized using 'CodeIgniter\Session\Handlers\FileHandler' driver.
INFO - 2025-02-20 12:58:11 --> Session: Class initialized using 'CodeIgniter\Session\Handlers\FileHandler' driver.
INFO - 2025-02-20 12:58:13 --> Session: Class initialized using 'CodeIgniter\Session\Handlers\FileHandler' driver.
INFO - 2025-02-20 12:58:16 --> Session: Class initialized using 'CodeIgniter\Session\Handlers\FileHandler' driver.
INFO - 2025-02-20 12:58:19 --> Session: Class initialized using 'CodeIgniter\Session\Handlers\FileHandler' driver.
INFO - 2025-02-20 12:58:21 --> Session: Class initialized using 'CodeIgniter\Session\Handlers\FileHandler' driver.
INFO - 2025-02-20 12:59:44 --> Session: Class initialized using 'CodeIgniter\Session\Handlers\FileHandler' driver.
INFO - 2025-02-20 12:59:46 --> Session: Class initialized using 'CodeIgniter\Session\Handlers\FileHandler' driver.
INFO - 2025-02-20 12:59:50 --> Session: Class initialized using 'CodeIgniter\Session\Handlers\FileHandler' driver.
INFO - 2025-02-20 12:59:53 --> Session: Class initialized using 'CodeIgniter\Session\Handlers\FileHandler' driver.
INFO - 2025-02-20 13:04:36 --> Session: Class initialized using 'CodeIgniter\Session\Handlers\FileHandler' driver.
INFO - 2025-02-20 13:04:37 --> Session: Class initialized using 'CodeIgniter\Session\Handlers\FileHandler' driver.
INFO - 2025-02-20 13:22:59 --> Session: Class initialized using 'CodeIgniter\Session\Handlers\FileHandler' driver.
CRITICAL - 2025-02-20 13:23:00 --> ErrorException: Undefined variable $instalaciones
in APPPATH\Views\index.php on line 202.
 1 APPPATH\Views\index.php(202): CodeIgniter\Debug\Exceptions->errorHandler(2, 'Undefined variable $instalaciones', 'D:\\proyectos\\reservalo\\app\\Views\\index.php', 202)
 2 SYSTEMPATH\View\View.php(228): include('D:\\proyectos\\reservalo\\app\\Views\\index.php')
 3 SYSTEMPATH\View\View.php(231): CodeIgniter\View\View->CodeIgniter\View\{closure}()
 4 SYSTEMPATH\Common.php(1178): CodeIgniter\View\View->render('index', [], true)
 5 APPPATH\Controllers\Home.php(33): view('index', [...])
 6 SYSTEMPATH\CodeIgniter.php(941): App\Controllers\Home->index()
 7 SYSTEMPATH\CodeIgniter.php(502): CodeIgniter\CodeIgniter->runController(Object(App\Controllers\Home))
 8 SYSTEMPATH\CodeIgniter.php(361): CodeIgniter\CodeIgniter->handleRequest(null, Object(Config\Cache), false)
 9 FCPATH\index.php(79): CodeIgniter\CodeIgniter->run()
INFO - 2025-02-20 13:23:14 --> Session: Class initialized using 'CodeIgniter\Session\Handlers\FileHandler' driver.
INFO - 2025-02-20 13:23:23 --> Session: Class initialized using 'CodeIgniter\Session\Handlers\FileHandler' driver.
INFO - 2025-02-20 13:23:39 --> Session: Class initialized using 'CodeIgniter\Session\Handlers\FileHandler' driver.
