ERROR - 2024-04-03 15:31:16 --> mysqli_sql_exception: Unknown column 'categoria' in 'where clause' in C:\proyectos\reservalo\system\Database\MySQLi\Connection.php:306
Stack trace:
#0 C:\proyectos\reservalo\system\Database\MySQLi\Connection.php(306): mysqli->query('SELECT *\nFROM `...', 0)
#1 C:\proyectos\reservalo\system\Database\BaseConnection.php(693): CodeIgniter\Database\MySQLi\Connection->execute('SELECT *\nFROM `...')
#2 C:\proyectos\reservalo\system\Database\BaseConnection.php(607): CodeIgniter\Database\BaseConnection->simpleQuery('SELECT *\nFROM `...')
#3 C:\proyectos\reservalo\system\Database\BaseBuilder.php(1616): CodeIgniter\Database\BaseConnection->query('SELECT *\nFROM `...', Array, false)
#4 C:\proyectos\reservalo\app\Models\instalacionesModel.php(39): CodeIgniter\Database\BaseBuilder->get()
#5 C:\proyectos\reservalo\app\Controllers\instalaciones.php(44): App\Models\instalacionesModel->filtradoInstalaciones('sal', '1')
#6 C:\proyectos\reservalo\system\CodeIgniter.php(941): App\Controllers\instalaciones->index()
#7 C:\proyectos\reservalo\system\CodeIgniter.php(502): CodeIgniter\CodeIgniter->runController(Object(App\Controllers\instalaciones))
#8 C:\proyectos\reservalo\system\CodeIgniter.php(361): CodeIgniter\CodeIgniter->handleRequest(NULL, Object(Config\Cache), false)
#9 C:\proyectos\reservalo\public\index.php(79): CodeIgniter\CodeIgniter->run()
#10 {main}
CRITICAL - 2024-04-03 15:31:16 --> CodeIgniter\Database\Exceptions\DatabaseException: Unknown column 'categoria' in 'where clause'
in SYSTEMPATH\Database\BaseConnection.php on line 647.
 1 SYSTEMPATH\Database\BaseBuilder.php(1616): CodeIgniter\Database\BaseConnection->query('SELECT *
FROM `instalaciones`
WHERE `nombre` = :nombre:
AND `categoria` = :categoria:', [...], false)
 2 APPPATH\Models\instalacionesModel.php(39): CodeIgniter\Database\BaseBuilder->get()
 3 APPPATH\Controllers\instalaciones.php(44): App\Models\instalacionesModel->filtradoInstalaciones('sal', '1')
 4 SYSTEMPATH\CodeIgniter.php(941): App\Controllers\instalaciones->index()
 5 SYSTEMPATH\CodeIgniter.php(502): CodeIgniter\CodeIgniter->runController(Object(App\Controllers\instalaciones))
 6 SYSTEMPATH\CodeIgniter.php(361): CodeIgniter\CodeIgniter->handleRequest(null, Object(Config\Cache), false)
 7 FCPATH\index.php(79): CodeIgniter\CodeIgniter->run()
CRITICAL - 2024-04-03 15:31:16 --> [Caused by] CodeIgniter\Database\Exceptions\DatabaseException: Unknown column 'categoria' in 'where clause'
in SYSTEMPATH\Database\MySQLi\Connection.php on line 311.
 1 SYSTEMPATH\Database\BaseConnection.php(693): CodeIgniter\Database\MySQLi\Connection->execute('SELECT *
FROM `instalaciones`
WHERE `nombre` = \'sal\'
AND `categoria` = \'1\'')
 2 SYSTEMPATH\Database\BaseConnection.php(607): CodeIgniter\Database\BaseConnection->simpleQuery('SELECT *
FROM `instalaciones`
WHERE `nombre` = \'sal\'
AND `categoria` = \'1\'')
 3 SYSTEMPATH\Database\BaseBuilder.php(1616): CodeIgniter\Database\BaseConnection->query('SELECT *
FROM `instalaciones`
WHERE `nombre` = :nombre:
AND `categoria` = :categoria:', [...], false)
 4 APPPATH\Models\instalacionesModel.php(39): CodeIgniter\Database\BaseBuilder->get()
 5 APPPATH\Controllers\instalaciones.php(44): App\Models\instalacionesModel->filtradoInstalaciones('sal', '1')
 6 SYSTEMPATH\CodeIgniter.php(941): App\Controllers\instalaciones->index()
 7 SYSTEMPATH\CodeIgniter.php(502): CodeIgniter\CodeIgniter->runController(Object(App\Controllers\instalaciones))
 8 SYSTEMPATH\CodeIgniter.php(361): CodeIgniter\CodeIgniter->handleRequest(null, Object(Config\Cache), false)
 9 FCPATH\index.php(79): CodeIgniter\CodeIgniter->run()
CRITICAL - 2024-04-03 15:31:16 --> [Caused by] mysqli_sql_exception: Unknown column 'categoria' in 'where clause'
in SYSTEMPATH\Database\MySQLi\Connection.php on line 306.
 1 SYSTEMPATH\Database\MySQLi\Connection.php(306): mysqli->query('SELECT *
FROM `instalaciones`
WHERE `nombre` = \'sal\'
AND `categoria` = \'1\'', 0)
 2 SYSTEMPATH\Database\BaseConnection.php(693): CodeIgniter\Database\MySQLi\Connection->execute('SELECT *
FROM `instalaciones`
WHERE `nombre` = \'sal\'
AND `categoria` = \'1\'')
 3 SYSTEMPATH\Database\BaseConnection.php(607): CodeIgniter\Database\BaseConnection->simpleQuery('SELECT *
FROM `instalaciones`
WHERE `nombre` = \'sal\'
AND `categoria` = \'1\'')
 4 SYSTEMPATH\Database\BaseBuilder.php(1616): CodeIgniter\Database\BaseConnection->query('SELECT *
FROM `instalaciones`
WHERE `nombre` = :nombre:
AND `categoria` = :categoria:', [...], false)
 5 APPPATH\Models\instalacionesModel.php(39): CodeIgniter\Database\BaseBuilder->get()
 6 APPPATH\Controllers\instalaciones.php(44): App\Models\instalacionesModel->filtradoInstalaciones('sal', '1')
 7 SYSTEMPATH\CodeIgniter.php(941): App\Controllers\instalaciones->index()
 8 SYSTEMPATH\CodeIgniter.php(502): CodeIgniter\CodeIgniter->runController(Object(App\Controllers\instalaciones))
 9 SYSTEMPATH\CodeIgniter.php(361): CodeIgniter\CodeIgniter->handleRequest(null, Object(Config\Cache), false)
10 FCPATH\index.php(79): CodeIgniter\CodeIgniter->run()
