CRITICAL - 2024-04-08 10:55:15 --> ErrorException: Undefined array key "imagen1"
in APPPATH\Views\instalaciones\instalacion.php on line 12.
 1 APPPATH\Views\instalaciones\instalacion.php(12): CodeIgniter\Debug\Exceptions->errorHandler(2, 'Undefined array key "imagen1"', 'C:\\proyectos\\reservalo\\app\\Views\\instalaciones\\instalacion.php', 12)
 2 SYSTEMPATH\View\View.php(228): include('C:\\proyectos\\reservalo\\app\\Views\\instalaciones\\instalacion.php')
 3 SYSTEMPATH\View\View.php(231): CodeIgniter\View\View->CodeIgniter\View\{closure}()
 4 SYSTEMPATH\Common.php(1178): CodeIgniter\View\View->render('instalaciones/instalacion', [], true)
 5 APPPATH\Controllers\instalaciones.php(82): view('instalaciones/instalacion', [...])
 6 SYSTEMPATH\CodeIgniter.php(941): App\Controllers\instalaciones->mostrarInstalacion(1)
 7 SYSTEMPATH\CodeIgniter.php(502): CodeIgniter\CodeIgniter->runController(Object(App\Controllers\instalaciones))
 8 SYSTEMPATH\CodeIgniter.php(361): CodeIgniter\CodeIgniter->handleRequest(null, Object(Config\Cache), false)
 9 FCPATH\index.php(79): CodeIgniter\CodeIgniter->run()
CRITICAL - 2024-04-08 10:56:04 --> ErrorException: Undefined array key "imagen1"
in APPPATH\Views\instalaciones\instalacion.php on line 12.
 1 APPPATH\Views\instalaciones\instalacion.php(12): CodeIgniter\Debug\Exceptions->errorHandler(2, 'Undefined array key "imagen1"', 'C:\\proyectos\\reservalo\\app\\Views\\instalaciones\\instalacion.php', 12)
 2 SYSTEMPATH\View\View.php(228): include('C:\\proyectos\\reservalo\\app\\Views\\instalaciones\\instalacion.php')
 3 SYSTEMPATH\View\View.php(231): CodeIgniter\View\View->CodeIgniter\View\{closure}()
 4 SYSTEMPATH\Common.php(1178): CodeIgniter\View\View->render('instalaciones/instalacion', [], true)
 5 APPPATH\Controllers\instalaciones.php(82): view('instalaciones/instalacion', [...])
 6 SYSTEMPATH\CodeIgniter.php(941): App\Controllers\instalaciones->mostrarInstalacion(1)
 7 SYSTEMPATH\CodeIgniter.php(502): CodeIgniter\CodeIgniter->runController(Object(App\Controllers\instalaciones))
 8 SYSTEMPATH\CodeIgniter.php(361): CodeIgniter\CodeIgniter->handleRequest(null, Object(Config\Cache), false)
 9 FCPATH\index.php(79): CodeIgniter\CodeIgniter->run()
