INFO - 2024-05-20 12:48:48 --> Session: Class initialized using 'CodeIgniter\Session\Handlers\FileHandler' driver.
INFO - 2024-05-20 12:49:41 --> Session: Class initialized using 'CodeIgniter\Session\Handlers\FileHandler' driver.
INFO - 2024-05-20 12:49:43 --> Session: Class initialized using 'CodeIgniter\Session\Handlers\FileHandler' driver.
INFO - 2024-05-20 12:49:44 --> Session: Class initialized using 'CodeIgniter\Session\Handlers\FileHandler' driver.
INFO - 2024-05-20 12:50:00 --> Session: Class initialized using 'CodeIgniter\Session\Handlers\FileHandler' driver.
INFO - 2024-05-20 12:50:03 --> Session: Class initialized using 'CodeIgniter\Session\Handlers\FileHandler' driver.
INFO - 2024-05-20 12:50:08 --> Session: Class initialized using 'CodeIgniter\Session\Handlers\FileHandler' driver.
INFO - 2024-05-20 12:50:25 --> Session: Class initialized using 'CodeIgniter\Session\Handlers\FileHandler' driver.
CRITICAL - 2024-05-20 12:51:21 --> ErrorException: Undefined array key "precio"
in APPPATH\Controllers\reservas.php on line 182.
 1 APPPATH\Controllers\reservas.php(182): CodeIgniter\Debug\Exceptions->errorHandler(2, 'Undefined array key "precio"', 'C:\\proyectos\\reservalo\\app\\Controllers\\reservas.php', 182)
 2 SYSTEMPATH\CodeIgniter.php(941): App\Controllers\reservas->realizarReserva()
 3 SYSTEMPATH\CodeIgniter.php(502): CodeIgniter\CodeIgniter->runController(Object(App\Controllers\reservas))
 4 SYSTEMPATH\CodeIgniter.php(361): CodeIgniter\CodeIgniter->handleRequest(null, Object(Config\Cache), false)
 5 FCPATH\index.php(79): CodeIgniter\CodeIgniter->run()
CRITICAL - 2024-05-20 12:52:42 --> ErrorException: Undefined array key "precio"
in APPPATH\Controllers\reservas.php on line 182.
 1 APPPATH\Controllers\reservas.php(182): CodeIgniter\Debug\Exceptions->errorHandler(2, 'Undefined array key "precio"', 'C:\\proyectos\\reservalo\\app\\Controllers\\reservas.php', 182)
 2 SYSTEMPATH\CodeIgniter.php(941): App\Controllers\reservas->realizarReserva()
 3 SYSTEMPATH\CodeIgniter.php(502): CodeIgniter\CodeIgniter->runController(Object(App\Controllers\reservas))
 4 SYSTEMPATH\CodeIgniter.php(361): CodeIgniter\CodeIgniter->handleRequest(null, Object(Config\Cache), false)
 5 FCPATH\index.php(79): CodeIgniter\CodeIgniter->run()
INFO - 2024-05-20 12:53:44 --> Session: Class initialized using 'CodeIgniter\Session\Handlers\FileHandler' driver.
INFO - 2024-05-20 12:54:26 --> Session: Class initialized using 'CodeIgniter\Session\Handlers\FileHandler' driver.
ERROR - 2024-05-20 12:54:26 --> mysqli_sql_exception: Unknown column 'id_forma_pago' in 'field list' in C:\proyectos\reservalo\system\Database\MySQLi\Connection.php:306
Stack trace:
#0 C:\proyectos\reservalo\system\Database\MySQLi\Connection.php(306): mysqli->query('INSERT INTO `re...', 0)
#1 C:\proyectos\reservalo\system\Database\BaseConnection.php(693): CodeIgniter\Database\MySQLi\Connection->execute('INSERT INTO `re...')
#2 C:\proyectos\reservalo\system\Database\BaseConnection.php(607): CodeIgniter\Database\BaseConnection->simpleQuery('INSERT INTO `re...')
#3 C:\proyectos\reservalo\system\Database\BaseBuilder.php(2307): CodeIgniter\Database\BaseConnection->query('INSERT INTO `re...', Array, false)
#4 C:\proyectos\reservalo\app\Models\reservasModel.php(142): CodeIgniter\Database\BaseBuilder->insert(Array)
#5 C:\proyectos\reservalo\app\Controllers\reservas.php(196): App\Models\reservasModel->insertReservas(Array)
#6 C:\proyectos\reservalo\system\CodeIgniter.php(941): App\Controllers\reservas->realizarReserva()
#7 C:\proyectos\reservalo\system\CodeIgniter.php(502): CodeIgniter\CodeIgniter->runController(Object(App\Controllers\reservas))
#8 C:\proyectos\reservalo\system\CodeIgniter.php(361): CodeIgniter\CodeIgniter->handleRequest(NULL, Object(Config\Cache), false)
#9 C:\proyectos\reservalo\index.php(79): CodeIgniter\CodeIgniter->run()
#10 {main}
CRITICAL - 2024-05-20 12:54:26 --> CodeIgniter\Database\Exceptions\DatabaseException: Unknown column 'id_forma_pago' in 'field list'
in SYSTEMPATH\Database\BaseConnection.php on line 647.
 1 SYSTEMPATH\Database\BaseBuilder.php(2307): CodeIgniter\Database\BaseConnection->query('INSERT INTO `reservas` (`id_pista`, `id_hora`, `id_usuario`, `id_forma_pago`, `fecha_reserva`, `necesita_material`, `importe_reserva`) VALUES (:id_pista:, :id_hora:, :id_usuario:, :id_forma_pago:, :fecha_reserva:, :necesita_material:, :importe_reserva:)', [...], false)
 2 APPPATH\Models\reservasModel.php(142): CodeIgniter\Database\BaseBuilder->insert([...])
 3 APPPATH\Controllers\reservas.php(196): App\Models\reservasModel->insertReservas([...])
 4 SYSTEMPATH\CodeIgniter.php(941): App\Controllers\reservas->realizarReserva()
 5 SYSTEMPATH\CodeIgniter.php(502): CodeIgniter\CodeIgniter->runController(Object(App\Controllers\reservas))
 6 SYSTEMPATH\CodeIgniter.php(361): CodeIgniter\CodeIgniter->handleRequest(null, Object(Config\Cache), false)
 7 FCPATH\index.php(79): CodeIgniter\CodeIgniter->run()
CRITICAL - 2024-05-20 12:54:26 --> [Caused by] CodeIgniter\Database\Exceptions\DatabaseException: Unknown column 'id_forma_pago' in 'field list'
in SYSTEMPATH\Database\MySQLi\Connection.php on line 311.
 1 SYSTEMPATH\Database\BaseConnection.php(693): CodeIgniter\Database\MySQLi\Connection->execute('INSERT INTO `reservas` (`id_pista`, `id_hora`, `id_usuario`, `id_forma_pago`, `fecha_reserva`, `necesita_material`, `importe_reserva`) VALUES (\'1\', \'12249\', \'9\', \'2\', \'2024-05-24\', 0, 5)')
 2 SYSTEMPATH\Database\BaseConnection.php(607): CodeIgniter\Database\BaseConnection->simpleQuery('INSERT INTO `reservas` (`id_pista`, `id_hora`, `id_usuario`, `id_forma_pago`, `fecha_reserva`, `necesita_material`, `importe_reserva`) VALUES (\'1\', \'12249\', \'9\', \'2\', \'2024-05-24\', 0, 5)')
 3 SYSTEMPATH\Database\BaseBuilder.php(2307): CodeIgniter\Database\BaseConnection->query('INSERT INTO `reservas` (`id_pista`, `id_hora`, `id_usuario`, `id_forma_pago`, `fecha_reserva`, `necesita_material`, `importe_reserva`) VALUES (:id_pista:, :id_hora:, :id_usuario:, :id_forma_pago:, :fecha_reserva:, :necesita_material:, :importe_reserva:)', [...], false)
 4 APPPATH\Models\reservasModel.php(142): CodeIgniter\Database\BaseBuilder->insert([...])
 5 APPPATH\Controllers\reservas.php(196): App\Models\reservasModel->insertReservas([...])
 6 SYSTEMPATH\CodeIgniter.php(941): App\Controllers\reservas->realizarReserva()
 7 SYSTEMPATH\CodeIgniter.php(502): CodeIgniter\CodeIgniter->runController(Object(App\Controllers\reservas))
 8 SYSTEMPATH\CodeIgniter.php(361): CodeIgniter\CodeIgniter->handleRequest(null, Object(Config\Cache), false)
 9 FCPATH\index.php(79): CodeIgniter\CodeIgniter->run()
CRITICAL - 2024-05-20 12:54:26 --> [Caused by] mysqli_sql_exception: Unknown column 'id_forma_pago' in 'field list'
in SYSTEMPATH\Database\MySQLi\Connection.php on line 306.
 1 SYSTEMPATH\Database\MySQLi\Connection.php(306): mysqli->query('INSERT INTO `reservas` (`id_pista`, `id_hora`, `id_usuario`, `id_forma_pago`, `fecha_reserva`, `necesita_material`, `importe_reserva`) VALUES (\'1\', \'12249\', \'9\', \'2\', \'2024-05-24\', 0, 5)', 0)
 2 SYSTEMPATH\Database\BaseConnection.php(693): CodeIgniter\Database\MySQLi\Connection->execute('INSERT INTO `reservas` (`id_pista`, `id_hora`, `id_usuario`, `id_forma_pago`, `fecha_reserva`, `necesita_material`, `importe_reserva`) VALUES (\'1\', \'12249\', \'9\', \'2\', \'2024-05-24\', 0, 5)')
 3 SYSTEMPATH\Database\BaseConnection.php(607): CodeIgniter\Database\BaseConnection->simpleQuery('INSERT INTO `reservas` (`id_pista`, `id_hora`, `id_usuario`, `id_forma_pago`, `fecha_reserva`, `necesita_material`, `importe_reserva`) VALUES (\'1\', \'12249\', \'9\', \'2\', \'2024-05-24\', 0, 5)')
 4 SYSTEMPATH\Database\BaseBuilder.php(2307): CodeIgniter\Database\BaseConnection->query('INSERT INTO `reservas` (`id_pista`, `id_hora`, `id_usuario`, `id_forma_pago`, `fecha_reserva`, `necesita_material`, `importe_reserva`) VALUES (:id_pista:, :id_hora:, :id_usuario:, :id_forma_pago:, :fecha_reserva:, :necesita_material:, :importe_reserva:)', [...], false)
 5 APPPATH\Models\reservasModel.php(142): CodeIgniter\Database\BaseBuilder->insert([...])
 6 APPPATH\Controllers\reservas.php(196): App\Models\reservasModel->insertReservas([...])
 7 SYSTEMPATH\CodeIgniter.php(941): App\Controllers\reservas->realizarReserva()
 8 SYSTEMPATH\CodeIgniter.php(502): CodeIgniter\CodeIgniter->runController(Object(App\Controllers\reservas))
 9 SYSTEMPATH\CodeIgniter.php(361): CodeIgniter\CodeIgniter->handleRequest(null, Object(Config\Cache), false)
10 FCPATH\index.php(79): CodeIgniter\CodeIgniter->run()
INFO - 2024-05-20 12:54:50 --> Session: Class initialized using 'CodeIgniter\Session\Handlers\FileHandler' driver.
ERROR - 2024-05-20 12:54:50 --> mysqli_sql_exception: Unknown column 'id_forma_pago' in 'field list' in C:\proyectos\reservalo\system\Database\MySQLi\Connection.php:306
Stack trace:
#0 C:\proyectos\reservalo\system\Database\MySQLi\Connection.php(306): mysqli->query('INSERT INTO `re...', 0)
#1 C:\proyectos\reservalo\system\Database\BaseConnection.php(693): CodeIgniter\Database\MySQLi\Connection->execute('INSERT INTO `re...')
#2 C:\proyectos\reservalo\system\Database\BaseConnection.php(607): CodeIgniter\Database\BaseConnection->simpleQuery('INSERT INTO `re...')
#3 C:\proyectos\reservalo\system\Database\BaseBuilder.php(2307): CodeIgniter\Database\BaseConnection->query('INSERT INTO `re...', Array, false)
#4 C:\proyectos\reservalo\app\Models\reservasModel.php(142): CodeIgniter\Database\BaseBuilder->insert(Array)
#5 C:\proyectos\reservalo\app\Controllers\reservas.php(196): App\Models\reservasModel->insertReservas(Array)
#6 C:\proyectos\reservalo\system\CodeIgniter.php(941): App\Controllers\reservas->realizarReserva()
#7 C:\proyectos\reservalo\system\CodeIgniter.php(502): CodeIgniter\CodeIgniter->runController(Object(App\Controllers\reservas))
#8 C:\proyectos\reservalo\system\CodeIgniter.php(361): CodeIgniter\CodeIgniter->handleRequest(NULL, Object(Config\Cache), false)
#9 C:\proyectos\reservalo\index.php(79): CodeIgniter\CodeIgniter->run()
#10 {main}
CRITICAL - 2024-05-20 12:56:21 --> CodeIgniter\Database\Exceptions\DatabaseException: Unknown column 'id_forma_pago' in 'field list'
in SYSTEMPATH\Database\BaseConnection.php on line 647.
 1 SYSTEMPATH\Database\BaseBuilder.php(2307): CodeIgniter\Database\BaseConnection->query('INSERT INTO `reservas` (`id_pista`, `id_hora`, `id_usuario`, `id_forma_pago`, `fecha_reserva`, `necesita_material`, `importe_reserva`) VALUES (:id_pista:, :id_hora:, :id_usuario:, :id_forma_pago:, :fecha_reserva:, :necesita_material:, :importe_reserva:)', [...], false)
 2 APPPATH\Models\reservasModel.php(142): CodeIgniter\Database\BaseBuilder->insert([...])
 3 APPPATH\Controllers\reservas.php(196): App\Models\reservasModel->insertReservas([...])
 4 SYSTEMPATH\CodeIgniter.php(941): App\Controllers\reservas->realizarReserva()
 5 SYSTEMPATH\CodeIgniter.php(502): CodeIgniter\CodeIgniter->runController(Object(App\Controllers\reservas))
 6 SYSTEMPATH\CodeIgniter.php(361): CodeIgniter\CodeIgniter->handleRequest(null, Object(Config\Cache), false)
 7 FCPATH\index.php(79): CodeIgniter\CodeIgniter->run()
CRITICAL - 2024-05-20 12:56:21 --> [Caused by] CodeIgniter\Database\Exceptions\DatabaseException: Unknown column 'id_forma_pago' in 'field list'
in SYSTEMPATH\Database\MySQLi\Connection.php on line 311.
 1 SYSTEMPATH\Database\BaseConnection.php(693): CodeIgniter\Database\MySQLi\Connection->execute('INSERT INTO `reservas` (`id_pista`, `id_hora`, `id_usuario`, `id_forma_pago`, `fecha_reserva`, `necesita_material`, `importe_reserva`) VALUES (\'1\', \'12249\', \'9\', \'2\', \'2024-05-24\', 0, 5)')
 2 SYSTEMPATH\Database\BaseConnection.php(607): CodeIgniter\Database\BaseConnection->simpleQuery('INSERT INTO `reservas` (`id_pista`, `id_hora`, `id_usuario`, `id_forma_pago`, `fecha_reserva`, `necesita_material`, `importe_reserva`) VALUES (\'1\', \'12249\', \'9\', \'2\', \'2024-05-24\', 0, 5)')
 3 SYSTEMPATH\Database\BaseBuilder.php(2307): CodeIgniter\Database\BaseConnection->query('INSERT INTO `reservas` (`id_pista`, `id_hora`, `id_usuario`, `id_forma_pago`, `fecha_reserva`, `necesita_material`, `importe_reserva`) VALUES (:id_pista:, :id_hora:, :id_usuario:, :id_forma_pago:, :fecha_reserva:, :necesita_material:, :importe_reserva:)', [...], false)
 4 APPPATH\Models\reservasModel.php(142): CodeIgniter\Database\BaseBuilder->insert([...])
 5 APPPATH\Controllers\reservas.php(196): App\Models\reservasModel->insertReservas([...])
 6 SYSTEMPATH\CodeIgniter.php(941): App\Controllers\reservas->realizarReserva()
 7 SYSTEMPATH\CodeIgniter.php(502): CodeIgniter\CodeIgniter->runController(Object(App\Controllers\reservas))
 8 SYSTEMPATH\CodeIgniter.php(361): CodeIgniter\CodeIgniter->handleRequest(null, Object(Config\Cache), false)
 9 FCPATH\index.php(79): CodeIgniter\CodeIgniter->run()
CRITICAL - 2024-05-20 12:56:21 --> [Caused by] mysqli_sql_exception: Unknown column 'id_forma_pago' in 'field list'
in SYSTEMPATH\Database\MySQLi\Connection.php on line 306.
 1 SYSTEMPATH\Database\MySQLi\Connection.php(306): mysqli->query('INSERT INTO `reservas` (`id_pista`, `id_hora`, `id_usuario`, `id_forma_pago`, `fecha_reserva`, `necesita_material`, `importe_reserva`) VALUES (\'1\', \'12249\', \'9\', \'2\', \'2024-05-24\', 0, 5)', 0)
 2 SYSTEMPATH\Database\BaseConnection.php(693): CodeIgniter\Database\MySQLi\Connection->execute('INSERT INTO `reservas` (`id_pista`, `id_hora`, `id_usuario`, `id_forma_pago`, `fecha_reserva`, `necesita_material`, `importe_reserva`) VALUES (\'1\', \'12249\', \'9\', \'2\', \'2024-05-24\', 0, 5)')
 3 SYSTEMPATH\Database\BaseConnection.php(607): CodeIgniter\Database\BaseConnection->simpleQuery('INSERT INTO `reservas` (`id_pista`, `id_hora`, `id_usuario`, `id_forma_pago`, `fecha_reserva`, `necesita_material`, `importe_reserva`) VALUES (\'1\', \'12249\', \'9\', \'2\', \'2024-05-24\', 0, 5)')
 4 SYSTEMPATH\Database\BaseBuilder.php(2307): CodeIgniter\Database\BaseConnection->query('INSERT INTO `reservas` (`id_pista`, `id_hora`, `id_usuario`, `id_forma_pago`, `fecha_reserva`, `necesita_material`, `importe_reserva`) VALUES (:id_pista:, :id_hora:, :id_usuario:, :id_forma_pago:, :fecha_reserva:, :necesita_material:, :importe_reserva:)', [...], false)
 5 APPPATH\Models\reservasModel.php(142): CodeIgniter\Database\BaseBuilder->insert([...])
 6 APPPATH\Controllers\reservas.php(196): App\Models\reservasModel->insertReservas([...])
 7 SYSTEMPATH\CodeIgniter.php(941): App\Controllers\reservas->realizarReserva()
 8 SYSTEMPATH\CodeIgniter.php(502): CodeIgniter\CodeIgniter->runController(Object(App\Controllers\reservas))
 9 SYSTEMPATH\CodeIgniter.php(361): CodeIgniter\CodeIgniter->handleRequest(null, Object(Config\Cache), false)
10 FCPATH\index.php(79): CodeIgniter\CodeIgniter->run()
INFO - 2024-05-20 12:56:21 --> Session: Class initialized using 'CodeIgniter\Session\Handlers\FileHandler' driver.
INFO - 2024-05-20 12:56:45 --> Session: Class initialized using 'CodeIgniter\Session\Handlers\FileHandler' driver.
ERROR - 2024-05-20 12:56:45 --> mysqli_sql_exception: Cannot add or update a child row: a foreign key constraint fails (`reservalo`.`reservas`, CONSTRAINT `fk_id_hora_01` FOREIGN KEY (`id_hora`) REFERENCES `horario_semanal` (`id_hora`) ON DELETE NO ACTION ON UPDATE CASCADE) in C:\proyectos\reservalo\system\Database\MySQLi\Connection.php:306
Stack trace:
#0 C:\proyectos\reservalo\system\Database\MySQLi\Connection.php(306): mysqli->query('INSERT INTO `re...', 0)
#1 C:\proyectos\reservalo\system\Database\BaseConnection.php(693): CodeIgniter\Database\MySQLi\Connection->execute('INSERT INTO `re...')
#2 C:\proyectos\reservalo\system\Database\BaseConnection.php(607): CodeIgniter\Database\BaseConnection->simpleQuery('INSERT INTO `re...')
#3 C:\proyectos\reservalo\system\Database\BaseBuilder.php(2307): CodeIgniter\Database\BaseConnection->query('INSERT INTO `re...', Array, false)
#4 C:\proyectos\reservalo\app\Models\reservasModel.php(142): CodeIgniter\Database\BaseBuilder->insert(Array)
#5 C:\proyectos\reservalo\app\Controllers\reservas.php(196): App\Models\reservasModel->insertReservas(Array)
#6 C:\proyectos\reservalo\system\CodeIgniter.php(941): App\Controllers\reservas->realizarReserva()
#7 C:\proyectos\reservalo\system\CodeIgniter.php(502): CodeIgniter\CodeIgniter->runController(Object(App\Controllers\reservas))
#8 C:\proyectos\reservalo\system\CodeIgniter.php(361): CodeIgniter\CodeIgniter->handleRequest(NULL, Object(Config\Cache), false)
#9 C:\proyectos\reservalo\index.php(79): CodeIgniter\CodeIgniter->run()
#10 {main}
CRITICAL - 2024-05-20 14:02:49 --> ErrorException: Uncaught mysqli_sql_exception: Cannot add or update a child row: a foreign key constraint fails (`reservalo`.`reservas`, CONSTRAINT `fk_id_hora_01` FOREIGN KEY (`id_hora`) REFERENCES `horario_semanal` (`id_hora`) ON DELETE NO ACTION ON UPDATE CASCADE) in C:\proyectos\reservalo\system\Database\MySQLi\Connection.php:306
Stack trace:
#0 C:\proyectos\reservalo\system\Database\MySQLi\Connection.php(306): mysqli->query('INSERT INTO `re...', 0)
#1 C:\proyectos\reservalo\system\Database\BaseConnection.php(693): CodeIgniter\Database\MySQLi\Connection->execute('INSERT INTO `re...')
#2 C:\proyectos\reservalo\system\Database\BaseConnection.php(607): CodeIgniter\Database\BaseConnection->simpleQuery('INSERT INTO `re...')
#3 C:\proyectos\reservalo\system\Database\BaseBuilder.php(2307): CodeIgniter\Database\BaseConnection->query('INSERT INTO `re...', Array, false)
#4 C:\proyectos\reservalo\app\Models\reservasModel.php(142): CodeIgniter\Database\BaseBuilder->insert(Array)
#5 C:\proyectos\reservalo\app\Controllers\reservas.php(196): App\Models\reservasModel->insertReservas(Array)
#6 C:\proyectos\reservalo\system\CodeIgniter.php(941): App\Controllers\reservas->realizarReserva()
#7 C:\proyectos\reservalo\system\CodeIgniter.php(502): CodeIgniter\CodeIgniter->runController(Object(App\Controllers\reservas))
#8 C:\proyectos\reservalo\system\CodeIgniter.php(361): CodeIgniter\CodeIgniter->handleRequest(NULL, Object(Config\Cache), false)
#9 C:\proyectos\reservalo\index.php(79): CodeIgniter\CodeIgniter->run()
#10 {main}

Next CodeIgniter\Database\Exceptions\DatabaseException: Cannot add or update a child row: a foreign key constraint fails (`reservalo`.`reservas`, CONSTRAINT `fk_id_hora_01` FOREIGN KEY (`id_hora`) REFERENCES `horario_semanal` (`id_hora`) ON DELETE NO ACTION ON UPDATE CASCADE) in C:\proyectos\reservalo\system\Database\MySQLi\Connection.php:311
Stack trace:
#0 C:\proyectos\reservalo\system\Database\BaseConnection.php(693): CodeIgniter\Database\MySQLi\Connection->execute('INSERT INTO `re...')
#1 C:\proyectos\reservalo\system\Database\BaseConnection.php(607): CodeIgniter\Database\BaseConnection->simpleQuery('INSERT INTO `re...')
#2 C:\proyectos\reservalo\system\Database\BaseBuilder.php(2307): CodeIgniter\Database\BaseConnection->query('INSERT INTO `re...', Array, false)
#3 C:\proyectos\reservalo\app\Models\reservasModel.php(142): CodeIgniter\Database\BaseBuilder->insert(Array)
#4 C:\proyectos\reservalo\app\Controllers\reservas.php(196): App\Models\reservasModel->insertReservas(Array)
#5 C:\proyectos\reservalo\system\CodeIgniter.php(941): App\Controllers\reservas->realizarReserva()
#6 C:\proyectos\reservalo\system\CodeIgniter.php(502): CodeIgniter\CodeIgniter->runController(Object(App\Controllers\reservas))
#7 C:\proyectos\reservalo\system\CodeIgniter.php(361): CodeIgniter\CodeIgniter->handleRequest(NULL, Object(Config\Cache), false)
#8 C:\proyectos\reservalo\index.php(79): CodeIgniter\CodeIgniter->run()
#9 {main}
  thrown
in SYSTEMPATH\Database\MySQLi\Connection.php on line 311.
 1 [internal function]: CodeIgniter\Debug\Exceptions->shutdownHandler()
