INFO - 2025-06-10 09:39:40 --> Session: Class initialized using 'CodeIgniter\Session\Handlers\FileHandler' driver.
INFO - 2025-06-10 11:24:50 --> Session: Class initialized using 'CodeIgniter\Session\Handlers\FileHandler' driver.
INFO - 2025-06-10 14:18:44 --> Session: Class initialized using 'CodeIgniter\Session\Handlers\FileHandler' driver.
WARNING - 2025-06-10 14:42:23 --> [DEPRECATED] Function strftime() is deprecated in APPPATH\Controllers\Login.php on line 198.
 1 SYSTEMPATH\CodeIgniter.php(941): App\Controllers\Login->forgotPassword()
 2 SYSTEMPATH\CodeIgniter.php(502): CodeIgniter\CodeIgniter->runController(Object(App\Controllers\Login))
 3 SYSTEMPATH\CodeIgniter.php(361): CodeIgniter\CodeIgniter->handleRequest(null, Object(Config\Cache), false)
 4 FCPATH\index.php(79): CodeIgniter\CodeIgniter->run()
WARNING - 2025-06-10 14:45:02 --> [DEPRECATED] Function strftime() is deprecated in APPPATH\Controllers\Login.php on line 198.
 1 SYSTEMPATH\CodeIgniter.php(941): App\Controllers\Login->forgotPassword()
 2 SYSTEMPATH\CodeIgniter.php(502): CodeIgniter\CodeIgniter->runController(Object(App\Controllers\Login))
 3 SYSTEMPATH\CodeIgniter.php(361): CodeIgniter\CodeIgniter->handleRequest(null, Object(Config\Cache), false)
 4 FCPATH\index.php(79): CodeIgniter\CodeIgniter->run()
WARNING - 2025-06-10 14:45:48 --> [DEPRECATED] Function strftime() is deprecated in APPPATH\Controllers\Login.php on line 198.
 1 SYSTEMPATH\CodeIgniter.php(941): App\Controllers\Login->forgotPassword()
 2 SYSTEMPATH\CodeIgniter.php(502): CodeIgniter\CodeIgniter->runController(Object(App\Controllers\Login))
 3 SYSTEMPATH\CodeIgniter.php(361): CodeIgniter\CodeIgniter->handleRequest(null, Object(Config\Cache), false)
 4 FCPATH\index.php(79): CodeIgniter\CodeIgniter->run()
WARNING - 2025-06-10 14:46:50 --> [DEPRECATED] Function strftime() is deprecated in APPPATH\Controllers\Login.php on line 198.
 1 SYSTEMPATH\CodeIgniter.php(941): App\Controllers\Login->forgotPassword()
 2 SYSTEMPATH\CodeIgniter.php(502): CodeIgniter\CodeIgniter->runController(Object(App\Controllers\Login))
 3 SYSTEMPATH\CodeIgniter.php(361): CodeIgniter\CodeIgniter->handleRequest(null, Object(Config\Cache), false)
 4 FCPATH\index.php(79): CodeIgniter\CodeIgniter->run()
WARNING - 2025-06-10 14:49:43 --> [DEPRECATED] Function strftime() is deprecated in APPPATH\Controllers\Login.php on line 198.
 1 SYSTEMPATH\CodeIgniter.php(941): App\Controllers\Login->forgotPassword()
 2 SYSTEMPATH\CodeIgniter.php(502): CodeIgniter\CodeIgniter->runController(Object(App\Controllers\Login))
 3 SYSTEMPATH\CodeIgniter.php(361): CodeIgniter\CodeIgniter->handleRequest(null, Object(Config\Cache), false)
 4 FCPATH\index.php(79): CodeIgniter\CodeIgniter->run()
WARNING - 2025-06-10 14:50:49 --> [DEPRECATED] Function strftime() is deprecated in APPPATH\Controllers\Login.php on line 198.
 1 SYSTEMPATH\CodeIgniter.php(941): App\Controllers\Login->forgotPassword()
 2 SYSTEMPATH\CodeIgniter.php(502): CodeIgniter\CodeIgniter->runController(Object(App\Controllers\Login))
 3 SYSTEMPATH\CodeIgniter.php(361): CodeIgniter\CodeIgniter->handleRequest(null, Object(Config\Cache), false)
 4 FCPATH\index.php(79): CodeIgniter\CodeIgniter->run()
WARNING - 2025-06-10 14:51:56 --> [DEPRECATED] Function strftime() is deprecated in APPPATH\Controllers\Login.php on line 198.
 1 SYSTEMPATH\CodeIgniter.php(941): App\Controllers\Login->forgotPassword()
 2 SYSTEMPATH\CodeIgniter.php(502): CodeIgniter\CodeIgniter->runController(Object(App\Controllers\Login))
 3 SYSTEMPATH\CodeIgniter.php(361): CodeIgniter\CodeIgniter->handleRequest(null, Object(Config\Cache), false)
 4 FCPATH\index.php(79): CodeIgniter\CodeIgniter->run()
WARNING - 2025-06-10 14:53:37 --> [DEPRECATED] Function strftime() is deprecated in APPPATH\Controllers\Login.php on line 198.
 1 SYSTEMPATH\CodeIgniter.php(941): App\Controllers\Login->forgotPassword()
 2 SYSTEMPATH\CodeIgniter.php(502): CodeIgniter\CodeIgniter->runController(Object(App\Controllers\Login))
 3 SYSTEMPATH\CodeIgniter.php(361): CodeIgniter\CodeIgniter->handleRequest(null, Object(Config\Cache), false)
 4 FCPATH\index.php(79): CodeIgniter\CodeIgniter->run()
WARNING - 2025-06-10 15:21:48 --> [DEPRECATED] Function strftime() is deprecated in APPPATH\Controllers\Login.php on line 198.
 1 SYSTEMPATH\CodeIgniter.php(941): App\Controllers\Login->forgotPassword()
 2 SYSTEMPATH\CodeIgniter.php(502): CodeIgniter\CodeIgniter->runController(Object(App\Controllers\Login))
 3 SYSTEMPATH\CodeIgniter.php(361): CodeIgniter\CodeIgniter->handleRequest(null, Object(Config\Cache), false)
 4 FCPATH\index.php(79): CodeIgniter\CodeIgniter->run()
WARNING - 2025-06-10 15:23:12 --> [DEPRECATED] Function strftime() is deprecated in APPPATH\Controllers\Login.php on line 198.
 1 SYSTEMPATH\CodeIgniter.php(941): App\Controllers\Login->forgotPassword()
 2 SYSTEMPATH\CodeIgniter.php(502): CodeIgniter\CodeIgniter->runController(Object(App\Controllers\Login))
 3 SYSTEMPATH\CodeIgniter.php(361): CodeIgniter\CodeIgniter->handleRequest(null, Object(Config\Cache), false)
 4 FCPATH\index.php(79): CodeIgniter\CodeIgniter->run()
WARNING - 2025-06-10 15:23:52 --> [DEPRECATED] Function strftime() is deprecated in APPPATH\Controllers\Login.php on line 198.
 1 SYSTEMPATH\CodeIgniter.php(941): App\Controllers\Login->forgotPassword()
 2 SYSTEMPATH\CodeIgniter.php(502): CodeIgniter\CodeIgniter->runController(Object(App\Controllers\Login))
 3 SYSTEMPATH\CodeIgniter.php(361): CodeIgniter\CodeIgniter->handleRequest(null, Object(Config\Cache), false)
 4 FCPATH\index.php(79): CodeIgniter\CodeIgniter->run()
WARNING - 2025-06-10 15:24:42 --> [DEPRECATED] Function strftime() is deprecated in APPPATH\Controllers\Login.php on line 198.
 1 SYSTEMPATH\CodeIgniter.php(941): App\Controllers\Login->forgotPassword()
 2 SYSTEMPATH\CodeIgniter.php(502): CodeIgniter\CodeIgniter->runController(Object(App\Controllers\Login))
 3 SYSTEMPATH\CodeIgniter.php(361): CodeIgniter\CodeIgniter->handleRequest(null, Object(Config\Cache), false)
 4 FCPATH\index.php(79): CodeIgniter\CodeIgniter->run()
WARNING - 2025-06-10 15:25:25 --> [DEPRECATED] Function strftime() is deprecated in APPPATH\Controllers\Login.php on line 198.
 1 SYSTEMPATH\CodeIgniter.php(941): App\Controllers\Login->forgotPassword()
 2 SYSTEMPATH\CodeIgniter.php(502): CodeIgniter\CodeIgniter->runController(Object(App\Controllers\Login))
 3 SYSTEMPATH\CodeIgniter.php(361): CodeIgniter\CodeIgniter->handleRequest(null, Object(Config\Cache), false)
 4 FCPATH\index.php(79): CodeIgniter\CodeIgniter->run()
WARNING - 2025-06-10 15:26:17 --> [DEPRECATED] Function strftime() is deprecated in APPPATH\Controllers\Login.php on line 198.
 1 SYSTEMPATH\CodeIgniter.php(941): App\Controllers\Login->forgotPassword()
 2 SYSTEMPATH\CodeIgniter.php(502): CodeIgniter\CodeIgniter->runController(Object(App\Controllers\Login))
 3 SYSTEMPATH\CodeIgniter.php(361): CodeIgniter\CodeIgniter->handleRequest(null, Object(Config\Cache), false)
 4 FCPATH\index.php(79): CodeIgniter\CodeIgniter->run()
WARNING - 2025-06-10 15:27:43 --> [DEPRECATED] Function strftime() is deprecated in APPPATH\Controllers\Login.php on line 198.
 1 SYSTEMPATH\CodeIgniter.php(941): App\Controllers\Login->forgotPassword()
 2 SYSTEMPATH\CodeIgniter.php(502): CodeIgniter\CodeIgniter->runController(Object(App\Controllers\Login))
 3 SYSTEMPATH\CodeIgniter.php(361): CodeIgniter\CodeIgniter->handleRequest(null, Object(Config\Cache), false)
 4 FCPATH\index.php(79): CodeIgniter\CodeIgniter->run()
WARNING - 2025-06-10 15:33:07 --> [DEPRECATED] Function strftime() is deprecated in APPPATH\Controllers\Login.php on line 198.
 1 SYSTEMPATH\CodeIgniter.php(941): App\Controllers\Login->forgotPassword()
 2 SYSTEMPATH\CodeIgniter.php(502): CodeIgniter\CodeIgniter->runController(Object(App\Controllers\Login))
 3 SYSTEMPATH\CodeIgniter.php(361): CodeIgniter\CodeIgniter->handleRequest(null, Object(Config\Cache), false)
 4 FCPATH\index.php(79): CodeIgniter\CodeIgniter->run()
WARNING - 2025-06-10 15:37:44 --> [DEPRECATED] Function strftime() is deprecated in APPPATH\Controllers\Login.php on line 198.
 1 SYSTEMPATH\CodeIgniter.php(941): App\Controllers\Login->forgotPassword()
 2 SYSTEMPATH\CodeIgniter.php(502): CodeIgniter\CodeIgniter->runController(Object(App\Controllers\Login))
 3 SYSTEMPATH\CodeIgniter.php(361): CodeIgniter\CodeIgniter->handleRequest(null, Object(Config\Cache), false)
 4 FCPATH\index.php(79): CodeIgniter\CodeIgniter->run()
