INFO - 2025-06-09 08:57:29 --> Session: Class initialized using 'CodeIgniter\Session\Handlers\FileHandler' driver.
INFO - 2025-06-09 11:28:45 --> Session: Class initialized using 'CodeIgniter\Session\Handlers\FileHandler' driver.
CRITICAL - 2025-06-09 11:30:51 --> ErrorException: Undefined array key 0
in APPPATH\Models\loginModel.php on line 169.
 1 APPPATH\Models\loginModel.php(169): CodeIgniter\Debug\Exceptions->errorHandler(2, 'Undefined array key 0', 'C:\\Proyectos\\reservalo2.0\\app\\Models\\loginModel.php', 169)
 2 APPPATH\Controllers\Login.php(270): App\Models\loginModel->buscarPorToken('abc224fa257b350836af436e137b6b26c809c3787dc1efdb60e6607d500ce1a330c8f2e68555a6d19dfde0edfdf43a36e249')
 3 SYSTEMPATH\CodeIgniter.php(941): App\Controllers\Login->resetPass()
 4 SYSTEMPATH\CodeIgniter.php(502): CodeIgniter\CodeIgniter->runController(Object(App\Controllers\Login))
 5 SYSTEMPATH\CodeIgniter.php(361): CodeIgniter\CodeIgniter->handleRequest(null, Object(Config\Cache), false)
 6 FCPATH\index.php(79): CodeIgniter\CodeIgniter->run()
CRITICAL - 2025-06-09 11:31:57 --> ErrorException: Undefined array key 0
in APPPATH\Models\loginModel.php on line 169.
 1 APPPATH\Models\loginModel.php(169): CodeIgniter\Debug\Exceptions->errorHandler(2, 'Undefined array key 0', 'C:\\Proyectos\\reservalo2.0\\app\\Models\\loginModel.php', 169)
 2 APPPATH\Controllers\Login.php(270): App\Models\loginModel->buscarPorToken('abc224fa257b350836af436e137b6b26c809c3787dc1efdb60e6607d500ce1a330c8f2e68555a6d19dfde0edfdf43a36e249')
 3 SYSTEMPATH\CodeIgniter.php(941): App\Controllers\Login->resetPass()
 4 SYSTEMPATH\CodeIgniter.php(502): CodeIgniter\CodeIgniter->runController(Object(App\Controllers\Login))
 5 SYSTEMPATH\CodeIgniter.php(361): CodeIgniter\CodeIgniter->handleRequest(null, Object(Config\Cache), false)
 6 FCPATH\index.php(79): CodeIgniter\CodeIgniter->run()
INFO - 2025-06-09 11:33:04 --> Session: Class initialized using 'CodeIgniter\Session\Handlers\FileHandler' driver.
INFO - 2025-06-09 11:52:42 --> Session: Class initialized using 'CodeIgniter\Session\Handlers\FileHandler' driver.
INFO - 2025-06-09 14:28:17 --> Session: Class initialized using 'CodeIgniter\Session\Handlers\FileHandler' driver.
ERROR - 2025-06-09 14:37:40 --> mysqli_sql_exception: Unknown column 'f39426ccdb0ce5e981c826977de6f19aaf2da984' in 'where clause' in C:\Proyectos\reservalo2.0\system\Database\MySQLi\Connection.php:306
Stack trace:
#0 C:\Proyectos\reservalo2.0\system\Database\MySQLi\Connection.php(306): mysqli->query('UPDATE `usuario...', 0)
#1 C:\Proyectos\reservalo2.0\system\Database\BaseConnection.php(693): CodeIgniter\Database\MySQLi\Connection->execute('UPDATE `usuario...')
#2 C:\Proyectos\reservalo2.0\system\Database\BaseConnection.php(607): CodeIgniter\Database\BaseConnection->simpleQuery('UPDATE `usuario...')
#3 C:\Proyectos\reservalo2.0\system\Database\BaseBuilder.php(2474): CodeIgniter\Database\BaseConnection->query('UPDATE `usuario...', Array, false)
#4 C:\Proyectos\reservalo2.0\app\Models\loginModel.php(181): CodeIgniter\Database\BaseBuilder->update('password', 'f39426ccdb0ce5e...')
#5 C:\Proyectos\reservalo2.0\app\Controllers\Login.php(321): App\Models\loginModel->cambioPass('f39426ccdb0ce5e...', 5)
#6 C:\Proyectos\reservalo2.0\system\CodeIgniter.php(941): App\Controllers\Login->resetPassForm('5')
#7 C:\Proyectos\reservalo2.0\system\CodeIgniter.php(502): CodeIgniter\CodeIgniter->runController(Object(App\Controllers\Login))
#8 C:\Proyectos\reservalo2.0\system\CodeIgniter.php(361): CodeIgniter\CodeIgniter->handleRequest(NULL, Object(Config\Cache), false)
#9 C:\Proyectos\reservalo2.0\index.php(79): CodeIgniter\CodeIgniter->run()
#10 {main}
CRITICAL - 2025-06-09 14:37:40 --> CodeIgniter\Database\Exceptions\DatabaseException: Unknown column 'f39426ccdb0ce5e981c826977de6f19aaf2da984' in 'where clause'
in SYSTEMPATH\Database\BaseConnection.php on line 647.
 1 SYSTEMPATH\Database\BaseBuilder.php(2474): CodeIgniter\Database\BaseConnection->query('UPDATE `usuarios` SET `password` = :password:
WHERE `id_usuario` = :id_usuario:
AND `f39426ccdb0ce5e981c826977de6f19aaf2da984` IS NULL', [...], false)
 2 APPPATH\Models\loginModel.php(181): CodeIgniter\Database\BaseBuilder->update('password', 'f39426ccdb0ce5e981c826977de6f19aaf2da984')
 3 APPPATH\Controllers\Login.php(321): App\Models\loginModel->cambioPass('f39426ccdb0ce5e981c826977de6f19aaf2da984', 5)
 4 SYSTEMPATH\CodeIgniter.php(941): App\Controllers\Login->resetPassForm('5')
 5 SYSTEMPATH\CodeIgniter.php(502): CodeIgniter\CodeIgniter->runController(Object(App\Controllers\Login))
 6 SYSTEMPATH\CodeIgniter.php(361): CodeIgniter\CodeIgniter->handleRequest(null, Object(Config\Cache), false)
 7 FCPATH\index.php(79): CodeIgniter\CodeIgniter->run()
CRITICAL - 2025-06-09 14:37:40 --> [Caused by] CodeIgniter\Database\Exceptions\DatabaseException: Unknown column 'f39426ccdb0ce5e981c826977de6f19aaf2da984' in 'where clause'
in SYSTEMPATH\Database\MySQLi\Connection.php on line 311.
 1 SYSTEMPATH\Database\BaseConnection.php(693): CodeIgniter\Database\MySQLi\Connection->execute('UPDATE `usuarios` SET `password` = \'\'
WHERE `id_usuario` = 5
AND `f39426ccdb0ce5e981c826977de6f19aaf2da984` IS NULL')
 2 SYSTEMPATH\Database\BaseConnection.php(607): CodeIgniter\Database\BaseConnection->simpleQuery('UPDATE `usuarios` SET `password` = \'\'
WHERE `id_usuario` = 5
AND `f39426ccdb0ce5e981c826977de6f19aaf2da984` IS NULL')
 3 SYSTEMPATH\Database\BaseBuilder.php(2474): CodeIgniter\Database\BaseConnection->query('UPDATE `usuarios` SET `password` = :password:
WHERE `id_usuario` = :id_usuario:
AND `f39426ccdb0ce5e981c826977de6f19aaf2da984` IS NULL', [...], false)
 4 APPPATH\Models\loginModel.php(181): CodeIgniter\Database\BaseBuilder->update('password', 'f39426ccdb0ce5e981c826977de6f19aaf2da984')
 5 APPPATH\Controllers\Login.php(321): App\Models\loginModel->cambioPass('f39426ccdb0ce5e981c826977de6f19aaf2da984', 5)
 6 SYSTEMPATH\CodeIgniter.php(941): App\Controllers\Login->resetPassForm('5')
 7 SYSTEMPATH\CodeIgniter.php(502): CodeIgniter\CodeIgniter->runController(Object(App\Controllers\Login))
 8 SYSTEMPATH\CodeIgniter.php(361): CodeIgniter\CodeIgniter->handleRequest(null, Object(Config\Cache), false)
 9 FCPATH\index.php(79): CodeIgniter\CodeIgniter->run()
CRITICAL - 2025-06-09 14:37:40 --> [Caused by] mysqli_sql_exception: Unknown column 'f39426ccdb0ce5e981c826977de6f19aaf2da984' in 'where clause'
in SYSTEMPATH\Database\MySQLi\Connection.php on line 306.
 1 SYSTEMPATH\Database\MySQLi\Connection.php(306): mysqli->query('UPDATE `usuarios` SET `password` = \'\'
WHERE `id_usuario` = 5
AND `f39426ccdb0ce5e981c826977de6f19aaf2da984` IS NULL', 0)
 2 SYSTEMPATH\Database\BaseConnection.php(693): CodeIgniter\Database\MySQLi\Connection->execute('UPDATE `usuarios` SET `password` = \'\'
WHERE `id_usuario` = 5
AND `f39426ccdb0ce5e981c826977de6f19aaf2da984` IS NULL')
 3 SYSTEMPATH\Database\BaseConnection.php(607): CodeIgniter\Database\BaseConnection->simpleQuery('UPDATE `usuarios` SET `password` = \'\'
WHERE `id_usuario` = 5
AND `f39426ccdb0ce5e981c826977de6f19aaf2da984` IS NULL')
 4 SYSTEMPATH\Database\BaseBuilder.php(2474): CodeIgniter\Database\BaseConnection->query('UPDATE `usuarios` SET `password` = :password:
WHERE `id_usuario` = :id_usuario:
AND `f39426ccdb0ce5e981c826977de6f19aaf2da984` IS NULL', [...], false)
 5 APPPATH\Models\loginModel.php(181): CodeIgniter\Database\BaseBuilder->update('password', 'f39426ccdb0ce5e981c826977de6f19aaf2da984')
 6 APPPATH\Controllers\Login.php(321): App\Models\loginModel->cambioPass('f39426ccdb0ce5e981c826977de6f19aaf2da984', 5)
 7 SYSTEMPATH\CodeIgniter.php(941): App\Controllers\Login->resetPassForm('5')
 8 SYSTEMPATH\CodeIgniter.php(502): CodeIgniter\CodeIgniter->runController(Object(App\Controllers\Login))
 9 SYSTEMPATH\CodeIgniter.php(361): CodeIgniter\CodeIgniter->handleRequest(null, Object(Config\Cache), false)
10 FCPATH\index.php(79): CodeIgniter\CodeIgniter->run()
ERROR - 2025-06-09 14:39:09 --> mysqli_sql_exception: Unknown column 'f39426ccdb0ce5e981c826977de6f19aaf2da984' in 'where clause' in C:\Proyectos\reservalo2.0\system\Database\MySQLi\Connection.php:306
Stack trace:
#0 C:\Proyectos\reservalo2.0\system\Database\MySQLi\Connection.php(306): mysqli->query('UPDATE `usuario...', 0)
#1 C:\Proyectos\reservalo2.0\system\Database\BaseConnection.php(693): CodeIgniter\Database\MySQLi\Connection->execute('UPDATE `usuario...')
#2 C:\Proyectos\reservalo2.0\system\Database\BaseConnection.php(607): CodeIgniter\Database\BaseConnection->simpleQuery('UPDATE `usuario...')
#3 C:\Proyectos\reservalo2.0\system\Database\BaseBuilder.php(2474): CodeIgniter\Database\BaseConnection->query('UPDATE `usuario...', Array, false)
#4 C:\Proyectos\reservalo2.0\app\Models\loginModel.php(181): CodeIgniter\Database\BaseBuilder->update('password', 'f39426ccdb0ce5e...')
#5 C:\Proyectos\reservalo2.0\app\Controllers\Login.php(321): App\Models\loginModel->cambioPass('f39426ccdb0ce5e...', 5)
#6 C:\Proyectos\reservalo2.0\system\CodeIgniter.php(941): App\Controllers\Login->resetPassForm('5')
#7 C:\Proyectos\reservalo2.0\system\CodeIgniter.php(502): CodeIgniter\CodeIgniter->runController(Object(App\Controllers\Login))
#8 C:\Proyectos\reservalo2.0\system\CodeIgniter.php(361): CodeIgniter\CodeIgniter->handleRequest(NULL, Object(Config\Cache), false)
#9 C:\Proyectos\reservalo2.0\index.php(79): CodeIgniter\CodeIgniter->run()
#10 {main}
CRITICAL - 2025-06-09 14:39:18 --> CodeIgniter\Database\Exceptions\DatabaseException: Unknown column 'f39426ccdb0ce5e981c826977de6f19aaf2da984' in 'where clause'
in SYSTEMPATH\Database\BaseConnection.php on line 647.
 1 SYSTEMPATH\Database\BaseBuilder.php(2474): CodeIgniter\Database\BaseConnection->query('UPDATE `usuarios` SET `password` = :password:
WHERE `id_usuario` = :id_usuario:
AND `f39426ccdb0ce5e981c826977de6f19aaf2da984` IS NULL', [...], false)
 2 APPPATH\Models\loginModel.php(181): CodeIgniter\Database\BaseBuilder->update('password', 'f39426ccdb0ce5e981c826977de6f19aaf2da984')
 3 APPPATH\Controllers\Login.php(321): App\Models\loginModel->cambioPass('f39426ccdb0ce5e981c826977de6f19aaf2da984', 5)
 4 SYSTEMPATH\CodeIgniter.php(941): App\Controllers\Login->resetPassForm('5')
 5 SYSTEMPATH\CodeIgniter.php(502): CodeIgniter\CodeIgniter->runController(Object(App\Controllers\Login))
 6 SYSTEMPATH\CodeIgniter.php(361): CodeIgniter\CodeIgniter->handleRequest(null, Object(Config\Cache), false)
 7 FCPATH\index.php(79): CodeIgniter\CodeIgniter->run()
CRITICAL - 2025-06-09 14:39:18 --> [Caused by] CodeIgniter\Database\Exceptions\DatabaseException: Unknown column 'f39426ccdb0ce5e981c826977de6f19aaf2da984' in 'where clause'
in SYSTEMPATH\Database\MySQLi\Connection.php on line 311.
 1 SYSTEMPATH\Database\BaseConnection.php(693): CodeIgniter\Database\MySQLi\Connection->execute('UPDATE `usuarios` SET `password` = \'\'
WHERE `id_usuario` = 5
AND `f39426ccdb0ce5e981c826977de6f19aaf2da984` IS NULL')
 2 SYSTEMPATH\Database\BaseConnection.php(607): CodeIgniter\Database\BaseConnection->simpleQuery('UPDATE `usuarios` SET `password` = \'\'
WHERE `id_usuario` = 5
AND `f39426ccdb0ce5e981c826977de6f19aaf2da984` IS NULL')
 3 SYSTEMPATH\Database\BaseBuilder.php(2474): CodeIgniter\Database\BaseConnection->query('UPDATE `usuarios` SET `password` = :password:
WHERE `id_usuario` = :id_usuario:
AND `f39426ccdb0ce5e981c826977de6f19aaf2da984` IS NULL', [...], false)
 4 APPPATH\Models\loginModel.php(181): CodeIgniter\Database\BaseBuilder->update('password', 'f39426ccdb0ce5e981c826977de6f19aaf2da984')
 5 APPPATH\Controllers\Login.php(321): App\Models\loginModel->cambioPass('f39426ccdb0ce5e981c826977de6f19aaf2da984', 5)
 6 SYSTEMPATH\CodeIgniter.php(941): App\Controllers\Login->resetPassForm('5')
 7 SYSTEMPATH\CodeIgniter.php(502): CodeIgniter\CodeIgniter->runController(Object(App\Controllers\Login))
 8 SYSTEMPATH\CodeIgniter.php(361): CodeIgniter\CodeIgniter->handleRequest(null, Object(Config\Cache), false)
 9 FCPATH\index.php(79): CodeIgniter\CodeIgniter->run()
CRITICAL - 2025-06-09 14:39:18 --> [Caused by] mysqli_sql_exception: Unknown column 'f39426ccdb0ce5e981c826977de6f19aaf2da984' in 'where clause'
in SYSTEMPATH\Database\MySQLi\Connection.php on line 306.
 1 SYSTEMPATH\Database\MySQLi\Connection.php(306): mysqli->query('UPDATE `usuarios` SET `password` = \'\'
WHERE `id_usuario` = 5
AND `f39426ccdb0ce5e981c826977de6f19aaf2da984` IS NULL', 0)
 2 SYSTEMPATH\Database\BaseConnection.php(693): CodeIgniter\Database\MySQLi\Connection->execute('UPDATE `usuarios` SET `password` = \'\'
WHERE `id_usuario` = 5
AND `f39426ccdb0ce5e981c826977de6f19aaf2da984` IS NULL')
 3 SYSTEMPATH\Database\BaseConnection.php(607): CodeIgniter\Database\BaseConnection->simpleQuery('UPDATE `usuarios` SET `password` = \'\'
WHERE `id_usuario` = 5
AND `f39426ccdb0ce5e981c826977de6f19aaf2da984` IS NULL')
 4 SYSTEMPATH\Database\BaseBuilder.php(2474): CodeIgniter\Database\BaseConnection->query('UPDATE `usuarios` SET `password` = :password:
WHERE `id_usuario` = :id_usuario:
AND `f39426ccdb0ce5e981c826977de6f19aaf2da984` IS NULL', [...], false)
 5 APPPATH\Models\loginModel.php(181): CodeIgniter\Database\BaseBuilder->update('password', 'f39426ccdb0ce5e981c826977de6f19aaf2da984')
 6 APPPATH\Controllers\Login.php(321): App\Models\loginModel->cambioPass('f39426ccdb0ce5e981c826977de6f19aaf2da984', 5)
 7 SYSTEMPATH\CodeIgniter.php(941): App\Controllers\Login->resetPassForm('5')
 8 SYSTEMPATH\CodeIgniter.php(502): CodeIgniter\CodeIgniter->runController(Object(App\Controllers\Login))
 9 SYSTEMPATH\CodeIgniter.php(361): CodeIgniter\CodeIgniter->handleRequest(null, Object(Config\Cache), false)
10 FCPATH\index.php(79): CodeIgniter\CodeIgniter->run()
ERROR - 2025-06-09 14:40:44 --> mysqli_sql_exception: Unknown column 'f39426ccdb0ce5e981c826977de6f19aaf2da984' in 'where clause' in C:\Proyectos\reservalo2.0\system\Database\MySQLi\Connection.php:306
Stack trace:
#0 C:\Proyectos\reservalo2.0\system\Database\MySQLi\Connection.php(306): mysqli->query('UPDATE `usuario...', 0)
#1 C:\Proyectos\reservalo2.0\system\Database\BaseConnection.php(693): CodeIgniter\Database\MySQLi\Connection->execute('UPDATE `usuario...')
#2 C:\Proyectos\reservalo2.0\system\Database\BaseConnection.php(607): CodeIgniter\Database\BaseConnection->simpleQuery('UPDATE `usuario...')
#3 C:\Proyectos\reservalo2.0\system\Database\BaseBuilder.php(2474): CodeIgniter\Database\BaseConnection->query('UPDATE `usuario...', Array, false)
#4 C:\Proyectos\reservalo2.0\app\Models\loginModel.php(181): CodeIgniter\Database\BaseBuilder->update('password', 'f39426ccdb0ce5e...')
#5 C:\Proyectos\reservalo2.0\app\Controllers\Login.php(321): App\Models\loginModel->cambioPass('f39426ccdb0ce5e...', 5)
#6 C:\Proyectos\reservalo2.0\system\CodeIgniter.php(941): App\Controllers\Login->resetPassForm('5')
#7 C:\Proyectos\reservalo2.0\system\CodeIgniter.php(502): CodeIgniter\CodeIgniter->runController(Object(App\Controllers\Login))
#8 C:\Proyectos\reservalo2.0\system\CodeIgniter.php(361): CodeIgniter\CodeIgniter->handleRequest(NULL, Object(Config\Cache), false)
#9 C:\Proyectos\reservalo2.0\index.php(79): CodeIgniter\CodeIgniter->run()
#10 {main}
CRITICAL - 2025-06-09 14:40:44 --> CodeIgniter\Database\Exceptions\DatabaseException: Unknown column 'f39426ccdb0ce5e981c826977de6f19aaf2da984' in 'where clause'
in SYSTEMPATH\Database\BaseConnection.php on line 647.
 1 SYSTEMPATH\Database\BaseBuilder.php(2474): CodeIgniter\Database\BaseConnection->query('UPDATE `usuarios` SET `password` = :password:
WHERE `id_usuario` = :id_usuario:
AND `f39426ccdb0ce5e981c826977de6f19aaf2da984` IS NULL', [...], false)
 2 APPPATH\Models\loginModel.php(181): CodeIgniter\Database\BaseBuilder->update('password', 'f39426ccdb0ce5e981c826977de6f19aaf2da984')
 3 APPPATH\Controllers\Login.php(321): App\Models\loginModel->cambioPass('f39426ccdb0ce5e981c826977de6f19aaf2da984', 5)
 4 SYSTEMPATH\CodeIgniter.php(941): App\Controllers\Login->resetPassForm('5')
 5 SYSTEMPATH\CodeIgniter.php(502): CodeIgniter\CodeIgniter->runController(Object(App\Controllers\Login))
 6 SYSTEMPATH\CodeIgniter.php(361): CodeIgniter\CodeIgniter->handleRequest(null, Object(Config\Cache), false)
 7 FCPATH\index.php(79): CodeIgniter\CodeIgniter->run()
CRITICAL - 2025-06-09 14:40:44 --> [Caused by] CodeIgniter\Database\Exceptions\DatabaseException: Unknown column 'f39426ccdb0ce5e981c826977de6f19aaf2da984' in 'where clause'
in SYSTEMPATH\Database\MySQLi\Connection.php on line 311.
 1 SYSTEMPATH\Database\BaseConnection.php(693): CodeIgniter\Database\MySQLi\Connection->execute('UPDATE `usuarios` SET `password` = \'\'
WHERE `id_usuario` = 5
AND `f39426ccdb0ce5e981c826977de6f19aaf2da984` IS NULL')
 2 SYSTEMPATH\Database\BaseConnection.php(607): CodeIgniter\Database\BaseConnection->simpleQuery('UPDATE `usuarios` SET `password` = \'\'
WHERE `id_usuario` = 5
AND `f39426ccdb0ce5e981c826977de6f19aaf2da984` IS NULL')
 3 SYSTEMPATH\Database\BaseBuilder.php(2474): CodeIgniter\Database\BaseConnection->query('UPDATE `usuarios` SET `password` = :password:
WHERE `id_usuario` = :id_usuario:
AND `f39426ccdb0ce5e981c826977de6f19aaf2da984` IS NULL', [...], false)
 4 APPPATH\Models\loginModel.php(181): CodeIgniter\Database\BaseBuilder->update('password', 'f39426ccdb0ce5e981c826977de6f19aaf2da984')
 5 APPPATH\Controllers\Login.php(321): App\Models\loginModel->cambioPass('f39426ccdb0ce5e981c826977de6f19aaf2da984', 5)
 6 SYSTEMPATH\CodeIgniter.php(941): App\Controllers\Login->resetPassForm('5')
 7 SYSTEMPATH\CodeIgniter.php(502): CodeIgniter\CodeIgniter->runController(Object(App\Controllers\Login))
 8 SYSTEMPATH\CodeIgniter.php(361): CodeIgniter\CodeIgniter->handleRequest(null, Object(Config\Cache), false)
 9 FCPATH\index.php(79): CodeIgniter\CodeIgniter->run()
CRITICAL - 2025-06-09 14:40:44 --> [Caused by] mysqli_sql_exception: Unknown column 'f39426ccdb0ce5e981c826977de6f19aaf2da984' in 'where clause'
in SYSTEMPATH\Database\MySQLi\Connection.php on line 306.
 1 SYSTEMPATH\Database\MySQLi\Connection.php(306): mysqli->query('UPDATE `usuarios` SET `password` = \'\'
WHERE `id_usuario` = 5
AND `f39426ccdb0ce5e981c826977de6f19aaf2da984` IS NULL', 0)
 2 SYSTEMPATH\Database\BaseConnection.php(693): CodeIgniter\Database\MySQLi\Connection->execute('UPDATE `usuarios` SET `password` = \'\'
WHERE `id_usuario` = 5
AND `f39426ccdb0ce5e981c826977de6f19aaf2da984` IS NULL')
 3 SYSTEMPATH\Database\BaseConnection.php(607): CodeIgniter\Database\BaseConnection->simpleQuery('UPDATE `usuarios` SET `password` = \'\'
WHERE `id_usuario` = 5
AND `f39426ccdb0ce5e981c826977de6f19aaf2da984` IS NULL')
 4 SYSTEMPATH\Database\BaseBuilder.php(2474): CodeIgniter\Database\BaseConnection->query('UPDATE `usuarios` SET `password` = :password:
WHERE `id_usuario` = :id_usuario:
AND `f39426ccdb0ce5e981c826977de6f19aaf2da984` IS NULL', [...], false)
 5 APPPATH\Models\loginModel.php(181): CodeIgniter\Database\BaseBuilder->update('password', 'f39426ccdb0ce5e981c826977de6f19aaf2da984')
 6 APPPATH\Controllers\Login.php(321): App\Models\loginModel->cambioPass('f39426ccdb0ce5e981c826977de6f19aaf2da984', 5)
 7 SYSTEMPATH\CodeIgniter.php(941): App\Controllers\Login->resetPassForm('5')
 8 SYSTEMPATH\CodeIgniter.php(502): CodeIgniter\CodeIgniter->runController(Object(App\Controllers\Login))
 9 SYSTEMPATH\CodeIgniter.php(361): CodeIgniter\CodeIgniter->handleRequest(null, Object(Config\Cache), false)
10 FCPATH\index.php(79): CodeIgniter\CodeIgniter->run()
INFO - 2025-06-09 14:43:24 --> Session: Class initialized using 'CodeIgniter\Session\Handlers\FileHandler' driver.
INFO - 2025-06-09 14:43:45 --> Session: Class initialized using 'CodeIgniter\Session\Handlers\FileHandler' driver.
INFO - 2025-06-09 14:43:45 --> Session: Class initialized using 'CodeIgniter\Session\Handlers\FileHandler' driver.
INFO - 2025-06-09 14:43:50 --> Session: Class initialized using 'CodeIgniter\Session\Handlers\FileHandler' driver.
INFO - 2025-06-09 14:43:50 --> Session: Class initialized using 'CodeIgniter\Session\Handlers\FileHandler' driver.
INFO - 2025-06-09 14:44:47 --> Session: Class initialized using 'CodeIgniter\Session\Handlers\FileHandler' driver.
