CRITICAL - 2024-04-24 15:09:12 --> ErrorException: Undefined variable $instalacion
in APPPATH\Views\instalaciones\modificarInstalacion.php on line 15.
 1 APPPATH\Views\instalaciones\modificarInstalacion.php(15): CodeIgniter\Debug\Exceptions->errorHandler(2, 'Undefined variable $instalacion', 'C:\\proyectos\\reservalo\\app\\Views\\instalaciones\\modificarInstalacion.php', 15)
 2 SYSTEMPATH\View\View.php(228): include('C:\\proyectos\\reservalo\\app\\Views\\instalaciones\\modificarInstalacion.php')
 3 SYSTEMPATH\View\View.php(231): CodeIgniter\View\View->CodeIgniter\View\{closure}()
 4 SYSTEMPATH\Common.php(1178): CodeIgniter\View\View->render('instalaciones/modificarInstalacion', [], true)
 5 APPPATH\Controllers\instalaciones.php(370): view('instalaciones/modificarInstalacion', [...])
 6 SYSTEMPATH\CodeIgniter.php(941): App\Controllers\instalaciones->crudInstalaciones()
 7 SYSTEMPATH\CodeIgniter.php(502): CodeIgniter\CodeIgniter->runController(Object(App\Controllers\instalaciones))
 8 SYSTEMPATH\CodeIgniter.php(361): CodeIgniter\CodeIgniter->handleRequest(null, Object(Config\Cache), false)
 9 FCPATH\index.php(79): CodeIgniter\CodeIgniter->run()
CRITICAL - 2024-04-24 16:43:36 --> CodeIgniter\View\Exceptions\ViewException: Invalid file: "instalaciones/modificarInstalacion/.php"
in SYSTEMPATH\Exceptions\FrameworkException.php on line 39.
 1 SYSTEMPATH\View\View.php(216): CodeIgniter\Exceptions\FrameworkException::forInvalidFile('instalaciones/modificarInstalacion/.php')
 2 SYSTEMPATH\Common.php(1178): CodeIgniter\View\View->render('instalaciones/modificarInstalacion/', [], true)
 3 APPPATH\Controllers\instalaciones.php(370): view('instalaciones/modificarInstalacion/', [...])
 4 SYSTEMPATH\CodeIgniter.php(941): App\Controllers\instalaciones->crudInstalaciones()
 5 SYSTEMPATH\CodeIgniter.php(502): CodeIgniter\CodeIgniter->runController(Object(App\Controllers\instalaciones))
 6 SYSTEMPATH\CodeIgniter.php(361): CodeIgniter\CodeIgniter->handleRequest(null, Object(Config\Cache), false)
 7 FCPATH\index.php(79): CodeIgniter\CodeIgniter->run()
CRITICAL - 2024-04-24 16:44:14 --> CodeIgniter\View\Exceptions\ViewException: Invalid file: "instalaciones/modificarInstalacion/.php"
in SYSTEMPATH\Exceptions\FrameworkException.php on line 39.
 1 SYSTEMPATH\View\View.php(216): CodeIgniter\Exceptions\FrameworkException::forInvalidFile('instalaciones/modificarInstalacion/.php')
 2 SYSTEMPATH\Common.php(1178): CodeIgniter\View\View->render('instalaciones/modificarInstalacion/', [], true)
 3 APPPATH\Controllers\instalaciones.php(370): view('instalaciones/modificarInstalacion/', [...])
 4 SYSTEMPATH\CodeIgniter.php(941): App\Controllers\instalaciones->crudInstalaciones()
 5 SYSTEMPATH\CodeIgniter.php(502): CodeIgniter\CodeIgniter->runController(Object(App\Controllers\instalaciones))
 6 SYSTEMPATH\CodeIgniter.php(361): CodeIgniter\CodeIgniter->handleRequest(null, Object(Config\Cache), false)
 7 FCPATH\index.php(79): CodeIgniter\CodeIgniter->run()
CRITICAL - 2024-04-24 16:45:21 --> ErrorException: Undefined variable $modalEditar
in APPPATH\Views\instalaciones\crudInstalaciones.php on line 65.
 1 APPPATH\Views\instalaciones\crudInstalaciones.php(65): CodeIgniter\Debug\Exceptions->errorHandler(2, 'Undefined variable $modalEditar', 'C:\\proyectos\\reservalo\\app\\Views\\instalaciones\\crudInstalaciones.php', 65)
 2 SYSTEMPATH\View\View.php(228): include('C:\\proyectos\\reservalo\\app\\Views\\instalaciones\\crudInstalaciones.php')
 3 SYSTEMPATH\View\View.php(231): CodeIgniter\View\View->CodeIgniter\View\{closure}()
 4 SYSTEMPATH\Common.php(1178): CodeIgniter\View\View->render('instalaciones/crudInstalaciones', [], true)
 5 APPPATH\Controllers\instalaciones.php(372): view('instalaciones/crudInstalaciones', [...])
 6 SYSTEMPATH\CodeIgniter.php(941): App\Controllers\instalaciones->crudInstalaciones()
 7 SYSTEMPATH\CodeIgniter.php(502): CodeIgniter\CodeIgniter->runController(Object(App\Controllers\instalaciones))
 8 SYSTEMPATH\CodeIgniter.php(361): CodeIgniter\CodeIgniter->handleRequest(null, Object(Config\Cache), false)
 9 FCPATH\index.php(79): CodeIgniter\CodeIgniter->run()
