INFO - 2025-06-18 11:44:11 --> Session: Class initialized using 'CodeIgniter\Session\Handlers\FileHandler' driver.
INFO - 2025-06-18 11:44:22 --> Session: Class initialized using 'CodeIgniter\Session\Handlers\FileHandler' driver.
INFO - 2025-06-18 11:45:17 --> Session: Class initialized using 'CodeIgniter\Session\Handlers\FileHandler' driver.
INFO - 2025-06-18 11:45:18 --> Session: Class initialized using 'CodeIgniter\Session\Handlers\FileHandler' driver.
INFO - 2025-06-18 11:45:26 --> Session: Class initialized using 'CodeIgniter\Session\Handlers\FileHandler' driver.
INFO - 2025-06-18 11:57:22 --> Session: Class initialized using 'CodeIgniter\Session\Handlers\FileHandler' driver.
INFO - 2025-06-18 14:36:38 --> Session: Class initialized using 'CodeIgniter\Session\Handlers\FileHandler' driver.
INFO - 2025-06-18 14:44:22 --> Session: Class initialized using 'CodeIgniter\Session\Handlers\FileHandler' driver.
INFO - 2025-06-18 14:44:53 --> Session: Class initialized using 'CodeIgniter\Session\Handlers\FileHandler' driver.
INFO - 2025-06-18 14:44:54 --> Session: Class initialized using 'CodeIgniter\Session\Handlers\FileHandler' driver.
INFO - 2025-06-18 14:44:58 --> Session: Class initialized using 'CodeIgniter\Session\Handlers\FileHandler' driver.
INFO - 2025-06-18 14:54:11 --> Session: Class initialized using 'CodeIgniter\Session\Handlers\FileHandler' driver.
ERROR - 2025-06-18 14:54:12 --> mysqli_sql_exception: Not unique table/alias: 'tb_instalaciones' in C:\Proyectos\reservalo2.0\system\Database\MySQLi\Connection.php:306
Stack trace:
#0 C:\Proyectos\reservalo2.0\system\Database\MySQLi\Connection.php(306): mysqli->query('SELECT `tb_inst...', 0)
#1 C:\Proyectos\reservalo2.0\system\Database\BaseConnection.php(693): CodeIgniter\Database\MySQLi\Connection->execute('SELECT `tb_inst...')
#2 C:\Proyectos\reservalo2.0\system\Database\BaseConnection.php(607): CodeIgniter\Database\BaseConnection->simpleQuery('SELECT `tb_inst...')
#3 C:\Proyectos\reservalo2.0\system\Database\BaseBuilder.php(1616): CodeIgniter\Database\BaseConnection->query('SELECT `tb_inst...', Array, false)
#4 C:\Proyectos\reservalo2.0\app\Models\instalacionesModel.php(23): CodeIgniter\Database\BaseBuilder->get()
#5 C:\Proyectos\reservalo2.0\app\Controllers\Instalaciones.php(24): App\Models\instalacionesModel->getInstalaciones()
#6 C:\Proyectos\reservalo2.0\system\CodeIgniter.php(941): App\Controllers\Instalaciones->crudInstalaciones()
#7 C:\Proyectos\reservalo2.0\system\CodeIgniter.php(502): CodeIgniter\CodeIgniter->runController(Object(App\Controllers\Instalaciones))
#8 C:\Proyectos\reservalo2.0\system\CodeIgniter.php(361): CodeIgniter\CodeIgniter->handleRequest(NULL, Object(Config\Cache), false)
#9 C:\Proyectos\reservalo2.0\index.php(79): CodeIgniter\CodeIgniter->run()
#10 {main}
CRITICAL - 2025-06-18 14:54:12 --> CodeIgniter\Database\Exceptions\DatabaseException: Not unique table/alias: 'tb_instalaciones'
in SYSTEMPATH\Database\BaseConnection.php on line 647.
 1 SYSTEMPATH\Database\BaseBuilder.php(1616): CodeIgniter\Database\BaseConnection->query('SELECT `tb_instalaciones`.*, `categorias`.`nombre` as `deporte`
FROM (`tb_instalaciones`, `tb_instalaciones`)
JOIN `categorias` ON `tb_instalaciones`.`id_deporte` = `categorias`.`id_deporte`', [], false)
 2 APPPATH\Models\instalacionesModel.php(23): CodeIgniter\Database\BaseBuilder->get()
 3 APPPATH\Controllers\Instalaciones.php(24): App\Models\instalacionesModel->getInstalaciones()
 4 SYSTEMPATH\CodeIgniter.php(941): App\Controllers\Instalaciones->crudInstalaciones()
 5 SYSTEMPATH\CodeIgniter.php(502): CodeIgniter\CodeIgniter->runController(Object(App\Controllers\Instalaciones))
 6 SYSTEMPATH\CodeIgniter.php(361): CodeIgniter\CodeIgniter->handleRequest(null, Object(Config\Cache), false)
 7 FCPATH\index.php(79): CodeIgniter\CodeIgniter->run()
CRITICAL - 2025-06-18 14:54:12 --> [Caused by] CodeIgniter\Database\Exceptions\DatabaseException: Not unique table/alias: 'tb_instalaciones'
in SYSTEMPATH\Database\MySQLi\Connection.php on line 311.
 1 SYSTEMPATH\Database\BaseConnection.php(693): CodeIgniter\Database\MySQLi\Connection->execute('SELECT `tb_instalaciones`.*, `categorias`.`nombre` as `deporte`
FROM (`tb_instalaciones`, `tb_instalaciones`)
JOIN `categorias` ON `tb_instalaciones`.`id_deporte` = `categorias`.`id_deporte`')
 2 SYSTEMPATH\Database\BaseConnection.php(607): CodeIgniter\Database\BaseConnection->simpleQuery('SELECT `tb_instalaciones`.*, `categorias`.`nombre` as `deporte`
FROM (`tb_instalaciones`, `tb_instalaciones`)
JOIN `categorias` ON `tb_instalaciones`.`id_deporte` = `categorias`.`id_deporte`')
 3 SYSTEMPATH\Database\BaseBuilder.php(1616): CodeIgniter\Database\BaseConnection->query('SELECT `tb_instalaciones`.*, `categorias`.`nombre` as `deporte`
FROM (`tb_instalaciones`, `tb_instalaciones`)
JOIN `categorias` ON `tb_instalaciones`.`id_deporte` = `categorias`.`id_deporte`', [], false)
 4 APPPATH\Models\instalacionesModel.php(23): CodeIgniter\Database\BaseBuilder->get()
 5 APPPATH\Controllers\Instalaciones.php(24): App\Models\instalacionesModel->getInstalaciones()
 6 SYSTEMPATH\CodeIgniter.php(941): App\Controllers\Instalaciones->crudInstalaciones()
 7 SYSTEMPATH\CodeIgniter.php(502): CodeIgniter\CodeIgniter->runController(Object(App\Controllers\Instalaciones))
 8 SYSTEMPATH\CodeIgniter.php(361): CodeIgniter\CodeIgniter->handleRequest(null, Object(Config\Cache), false)
 9 FCPATH\index.php(79): CodeIgniter\CodeIgniter->run()
CRITICAL - 2025-06-18 14:54:12 --> [Caused by] mysqli_sql_exception: Not unique table/alias: 'tb_instalaciones'
in SYSTEMPATH\Database\MySQLi\Connection.php on line 306.
 1 SYSTEMPATH\Database\MySQLi\Connection.php(306): mysqli->query('SELECT `tb_instalaciones`.*, `categorias`.`nombre` as `deporte`
FROM (`tb_instalaciones`, `tb_instalaciones`)
JOIN `categorias` ON `tb_instalaciones`.`id_deporte` = `categorias`.`id_deporte`', 0)
 2 SYSTEMPATH\Database\BaseConnection.php(693): CodeIgniter\Database\MySQLi\Connection->execute('SELECT `tb_instalaciones`.*, `categorias`.`nombre` as `deporte`
FROM (`tb_instalaciones`, `tb_instalaciones`)
JOIN `categorias` ON `tb_instalaciones`.`id_deporte` = `categorias`.`id_deporte`')
 3 SYSTEMPATH\Database\BaseConnection.php(607): CodeIgniter\Database\BaseConnection->simpleQuery('SELECT `tb_instalaciones`.*, `categorias`.`nombre` as `deporte`
FROM (`tb_instalaciones`, `tb_instalaciones`)
JOIN `categorias` ON `tb_instalaciones`.`id_deporte` = `categorias`.`id_deporte`')
 4 SYSTEMPATH\Database\BaseBuilder.php(1616): CodeIgniter\Database\BaseConnection->query('SELECT `tb_instalaciones`.*, `categorias`.`nombre` as `deporte`
FROM (`tb_instalaciones`, `tb_instalaciones`)
JOIN `categorias` ON `tb_instalaciones`.`id_deporte` = `categorias`.`id_deporte`', [], false)
 5 APPPATH\Models\instalacionesModel.php(23): CodeIgniter\Database\BaseBuilder->get()
 6 APPPATH\Controllers\Instalaciones.php(24): App\Models\instalacionesModel->getInstalaciones()
 7 SYSTEMPATH\CodeIgniter.php(941): App\Controllers\Instalaciones->crudInstalaciones()
 8 SYSTEMPATH\CodeIgniter.php(502): CodeIgniter\CodeIgniter->runController(Object(App\Controllers\Instalaciones))
 9 SYSTEMPATH\CodeIgniter.php(361): CodeIgniter\CodeIgniter->handleRequest(null, Object(Config\Cache), false)
10 FCPATH\index.php(79): CodeIgniter\CodeIgniter->run()
INFO - 2025-06-18 14:54:54 --> Session: Class initialized using 'CodeIgniter\Session\Handlers\FileHandler' driver.
INFO - 2025-06-18 15:12:25 --> Session: Class initialized using 'CodeIgniter\Session\Handlers\FileHandler' driver.
CRITICAL - 2025-06-18 15:12:26 --> ErrorException: Undefined array key "id_instalacion"
in APPPATH\Views\instalaciones\crudInstalaciones.php on line 19.
 1 APPPATH\Views\instalaciones\crudInstalaciones.php(19): CodeIgniter\Debug\Exceptions->errorHandler(2, 'Undefined array key "id_instalacion"', 'C:\\Proyectos\\reservalo2.0\\app\\Views\\instalaciones\\crudInstalaciones.php', 19)
 2 SYSTEMPATH\View\View.php(228): include('C:\\Proyectos\\reservalo2.0\\app\\Views\\instalaciones\\crudInstalaciones.php')
 3 SYSTEMPATH\View\View.php(231): CodeIgniter\View\View->CodeIgniter\View\{closure}()
 4 SYSTEMPATH\Common.php(1178): CodeIgniter\View\View->render('instalaciones/crudInstalaciones', [], true)
 5 APPPATH\Controllers\Instalaciones.php(28): view('instalaciones/crudInstalaciones', [...])
 6 SYSTEMPATH\CodeIgniter.php(941): App\Controllers\Instalaciones->crudInstalaciones()
 7 SYSTEMPATH\CodeIgniter.php(502): CodeIgniter\CodeIgniter->runController(Object(App\Controllers\Instalaciones))
 8 SYSTEMPATH\CodeIgniter.php(361): CodeIgniter\CodeIgniter->handleRequest(null, Object(Config\Cache), false)
 9 FCPATH\index.php(79): CodeIgniter\CodeIgniter->run()
INFO - 2025-06-18 15:13:34 --> Session: Class initialized using 'CodeIgniter\Session\Handlers\FileHandler' driver.
INFO - 2025-06-18 15:17:11 --> Session: Class initialized using 'CodeIgniter\Session\Handlers\FileHandler' driver.
INFO - 2025-06-18 15:17:33 --> Session: Class initialized using 'CodeIgniter\Session\Handlers\FileHandler' driver.
INFO - 2025-06-18 15:18:45 --> Session: Class initialized using 'CodeIgniter\Session\Handlers\FileHandler' driver.
INFO - 2025-06-18 15:18:55 --> Session: Class initialized using 'CodeIgniter\Session\Handlers\FileHandler' driver.
INFO - 2025-06-18 15:19:04 --> Session: Class initialized using 'CodeIgniter\Session\Handlers\FileHandler' driver.
INFO - 2025-06-18 15:21:06 --> Session: Class initialized using 'CodeIgniter\Session\Handlers\FileHandler' driver.
INFO - 2025-06-18 15:21:47 --> Session: Class initialized using 'CodeIgniter\Session\Handlers\FileHandler' driver.
INFO - 2025-06-18 15:22:53 --> Session: Class initialized using 'CodeIgniter\Session\Handlers\FileHandler' driver.
INFO - 2025-06-18 15:23:55 --> Session: Class initialized using 'CodeIgniter\Session\Handlers\FileHandler' driver.
INFO - 2025-06-18 15:24:25 --> Session: Class initialized using 'CodeIgniter\Session\Handlers\FileHandler' driver.
INFO - 2025-06-18 15:24:34 --> Session: Class initialized using 'CodeIgniter\Session\Handlers\FileHandler' driver.
INFO - 2025-06-18 15:24:44 --> Session: Class initialized using 'CodeIgniter\Session\Handlers\FileHandler' driver.
INFO - 2025-06-18 15:25:02 --> Session: Class initialized using 'CodeIgniter\Session\Handlers\FileHandler' driver.
INFO - 2025-06-18 15:25:05 --> Session: Class initialized using 'CodeIgniter\Session\Handlers\FileHandler' driver.
INFO - 2025-06-18 15:25:19 --> Session: Class initialized using 'CodeIgniter\Session\Handlers\FileHandler' driver.
INFO - 2025-06-18 15:25:29 --> Session: Class initialized using 'CodeIgniter\Session\Handlers\FileHandler' driver.
INFO - 2025-06-18 15:25:50 --> Session: Class initialized using 'CodeIgniter\Session\Handlers\FileHandler' driver.
INFO - 2025-06-18 15:26:02 --> Session: Class initialized using 'CodeIgniter\Session\Handlers\FileHandler' driver.
INFO - 2025-06-18 15:26:16 --> Session: Class initialized using 'CodeIgniter\Session\Handlers\FileHandler' driver.
INFO - 2025-06-18 15:30:40 --> Session: Class initialized using 'CodeIgniter\Session\Handlers\FileHandler' driver.
INFO - 2025-06-18 15:31:30 --> Session: Class initialized using 'CodeIgniter\Session\Handlers\FileHandler' driver.
INFO - 2025-06-18 15:31:48 --> Session: Class initialized using 'CodeIgniter\Session\Handlers\FileHandler' driver.
INFO - 2025-06-18 15:31:59 --> Session: Class initialized using 'CodeIgniter\Session\Handlers\FileHandler' driver.
INFO - 2025-06-18 15:33:18 --> Session: Class initialized using 'CodeIgniter\Session\Handlers\FileHandler' driver.
INFO - 2025-06-18 15:35:03 --> Session: Class initialized using 'CodeIgniter\Session\Handlers\FileHandler' driver.
INFO - 2025-06-18 15:37:28 --> Session: Class initialized using 'CodeIgniter\Session\Handlers\FileHandler' driver.
INFO - 2025-06-18 15:37:57 --> Session: Class initialized using 'CodeIgniter\Session\Handlers\FileHandler' driver.
INFO - 2025-06-18 15:40:10 --> Session: Class initialized using 'CodeIgniter\Session\Handlers\FileHandler' driver.
INFO - 2025-06-18 15:41:44 --> Session: Class initialized using 'CodeIgniter\Session\Handlers\FileHandler' driver.
INFO - 2025-06-18 15:43:47 --> Session: Class initialized using 'CodeIgniter\Session\Handlers\FileHandler' driver.
INFO - 2025-06-18 15:48:27 --> Session: Class initialized using 'CodeIgniter\Session\Handlers\FileHandler' driver.
