CRITICAL - 2024-04-23 15:37:38 --> ErrorException: Undefined array key "mantenimiento"
in APPPATH\Controllers\instalaciones.php on line 240.
 1 APPPATH\Controllers\instalaciones.php(240): CodeIgniter\Debug\Exceptions->errorHandler(2, 'Undefined array key "mantenimiento"', 'C:\\proyectos\\reservalo\\app\\Controllers\\instalaciones.php', 240)
 2 SYSTEMPATH\CodeIgniter.php(941): App\Controllers\instalaciones->nuevaInstalacion()
 3 SYSTEMPATH\CodeIgniter.php(502): CodeIgniter\CodeIgniter->runController(Object(App\Controllers\instalaciones))
 4 SYSTEMPATH\CodeIgniter.php(361): CodeIgniter\CodeIgniter->handleRequest(null, Object(Config\Cache), false)
 5 FCPATH\index.php(79): CodeIgniter\CodeIgniter->run()
CRITICAL - 2024-04-23 15:37:38 --> ErrorException: Undefined array key "mantenimiento"
in APPPATH\Controllers\instalaciones.php on line 240.
 1 APPPATH\Controllers\instalaciones.php(240): CodeIgniter\Debug\Exceptions->errorHandler(2, 'Undefined array key "mantenimiento"', 'C:\\proyectos\\reservalo\\app\\Controllers\\instalaciones.php', 240)
 2 SYSTEMPATH\CodeIgniter.php(941): App\Controllers\instalaciones->nuevaInstalacion()
 3 SYSTEMPATH\CodeIgniter.php(502): CodeIgniter\CodeIgniter->runController(Object(App\Controllers\instalaciones))
 4 SYSTEMPATH\CodeIgniter.php(361): CodeIgniter\CodeIgniter->handleRequest(null, Object(Config\Cache), false)
 5 FCPATH\index.php(79): CodeIgniter\CodeIgniter->run()
CRITICAL - 2024-04-23 15:38:49 --> ErrorException: Undefined array key "mantenimiento"
in APPPATH\Controllers\instalaciones.php on line 240.
 1 APPPATH\Controllers\instalaciones.php(240): CodeIgniter\Debug\Exceptions->errorHandler(2, 'Undefined array key "mantenimiento"', 'C:\\proyectos\\reservalo\\app\\Controllers\\instalaciones.php', 240)
 2 SYSTEMPATH\CodeIgniter.php(941): App\Controllers\instalaciones->nuevaInstalacion()
 3 SYSTEMPATH\CodeIgniter.php(502): CodeIgniter\CodeIgniter->runController(Object(App\Controllers\instalaciones))
 4 SYSTEMPATH\CodeIgniter.php(361): CodeIgniter\CodeIgniter->handleRequest(null, Object(Config\Cache), false)
 5 FCPATH\index.php(79): CodeIgniter\CodeIgniter->run()
CRITICAL - 2024-04-23 15:38:50 --> ErrorException: Undefined array key "mantenimiento"
in APPPATH\Controllers\instalaciones.php on line 240.
 1 APPPATH\Controllers\instalaciones.php(240): CodeIgniter\Debug\Exceptions->errorHandler(2, 'Undefined array key "mantenimiento"', 'C:\\proyectos\\reservalo\\app\\Controllers\\instalaciones.php', 240)
 2 SYSTEMPATH\CodeIgniter.php(941): App\Controllers\instalaciones->nuevaInstalacion()
 3 SYSTEMPATH\CodeIgniter.php(502): CodeIgniter\CodeIgniter->runController(Object(App\Controllers\instalaciones))
 4 SYSTEMPATH\CodeIgniter.php(361): CodeIgniter\CodeIgniter->handleRequest(null, Object(Config\Cache), false)
 5 FCPATH\index.php(79): CodeIgniter\CodeIgniter->run()
CRITICAL - 2024-04-23 15:40:44 --> ErrorException: Undefined array key "mantenimiento"
in APPPATH\Controllers\instalaciones.php on line 240.
 1 APPPATH\Controllers\instalaciones.php(240): CodeIgniter\Debug\Exceptions->errorHandler(2, 'Undefined array key "mantenimiento"', 'C:\\proyectos\\reservalo\\app\\Controllers\\instalaciones.php', 240)
 2 SYSTEMPATH\CodeIgniter.php(941): App\Controllers\instalaciones->nuevaInstalacion()
 3 SYSTEMPATH\CodeIgniter.php(502): CodeIgniter\CodeIgniter->runController(Object(App\Controllers\instalaciones))
 4 SYSTEMPATH\CodeIgniter.php(361): CodeIgniter\CodeIgniter->handleRequest(null, Object(Config\Cache), false)
 5 FCPATH\index.php(79): CodeIgniter\CodeIgniter->run()
CRITICAL - 2024-04-23 15:41:52 --> ErrorException: Undefined array key "mantenimiento"
in APPPATH\Controllers\instalaciones.php on line 240.
 1 APPPATH\Controllers\instalaciones.php(240): CodeIgniter\Debug\Exceptions->errorHandler(2, 'Undefined array key "mantenimiento"', 'C:\\proyectos\\reservalo\\app\\Controllers\\instalaciones.php', 240)
 2 SYSTEMPATH\CodeIgniter.php(941): App\Controllers\instalaciones->nuevaInstalacion()
 3 SYSTEMPATH\CodeIgniter.php(502): CodeIgniter\CodeIgniter->runController(Object(App\Controllers\instalaciones))
 4 SYSTEMPATH\CodeIgniter.php(361): CodeIgniter\CodeIgniter->handleRequest(null, Object(Config\Cache), false)
 5 FCPATH\index.php(79): CodeIgniter\CodeIgniter->run()
CRITICAL - 2024-04-23 15:42:46 --> ErrorException: Undefined array key "mantenimiento"
in APPPATH\Controllers\instalaciones.php on line 240.
 1 APPPATH\Controllers\instalaciones.php(240): CodeIgniter\Debug\Exceptions->errorHandler(2, 'Undefined array key "mantenimiento"', 'C:\\proyectos\\reservalo\\app\\Controllers\\instalaciones.php', 240)
 2 SYSTEMPATH\CodeIgniter.php(941): App\Controllers\instalaciones->nuevaInstalacion()
 3 SYSTEMPATH\CodeIgniter.php(502): CodeIgniter\CodeIgniter->runController(Object(App\Controllers\instalaciones))
 4 SYSTEMPATH\CodeIgniter.php(361): CodeIgniter\CodeIgniter->handleRequest(null, Object(Config\Cache), false)
 5 FCPATH\index.php(79): CodeIgniter\CodeIgniter->run()
CRITICAL - 2024-04-23 16:51:00 --> CodeIgniter\HTTP\Exceptions\HTTPException: The original file is not a valid file.
in SYSTEMPATH\HTTP\Files\UploadedFile.php on line 146.
 1 SYSTEMPATH\HTTP\Files\UploadedFile.php(146): CodeIgniter\HTTP\Exceptions\HTTPException::forInvalidFile()
 2 APPPATH\Controllers\instalaciones.php(380): CodeIgniter\HTTP\Files\UploadedFile->move('C:\\proyectos\\reservalo\\app\\../images/')
 3 APPPATH\Controllers\instalaciones.php(284): App\Controllers\instalaciones->subirArchivo('defecto.png', Object(CodeIgniter\HTTP\Files\UploadedFile))
 4 SYSTEMPATH\CodeIgniter.php(941): App\Controllers\instalaciones->nuevaInstalacion()
 5 SYSTEMPATH\CodeIgniter.php(502): CodeIgniter\CodeIgniter->runController(Object(App\Controllers\instalaciones))
 6 SYSTEMPATH\CodeIgniter.php(361): CodeIgniter\CodeIgniter->handleRequest(null, Object(Config\Cache), false)
 7 FCPATH\index.php(79): CodeIgniter\CodeIgniter->run()
CRITICAL - 2024-04-23 16:51:05 --> CodeIgniter\HTTP\Exceptions\HTTPException: The original file is not a valid file.
in SYSTEMPATH\HTTP\Files\UploadedFile.php on line 146.
 1 SYSTEMPATH\HTTP\Files\UploadedFile.php(146): CodeIgniter\HTTP\Exceptions\HTTPException::forInvalidFile()
 2 APPPATH\Controllers\instalaciones.php(380): CodeIgniter\HTTP\Files\UploadedFile->move('C:\\proyectos\\reservalo\\app\\../images/')
 3 APPPATH\Controllers\instalaciones.php(284): App\Controllers\instalaciones->subirArchivo('defecto.png', Object(CodeIgniter\HTTP\Files\UploadedFile))
 4 SYSTEMPATH\CodeIgniter.php(941): App\Controllers\instalaciones->nuevaInstalacion()
 5 SYSTEMPATH\CodeIgniter.php(502): CodeIgniter\CodeIgniter->runController(Object(App\Controllers\instalaciones))
 6 SYSTEMPATH\CodeIgniter.php(361): CodeIgniter\CodeIgniter->handleRequest(null, Object(Config\Cache), false)
 7 FCPATH\index.php(79): CodeIgniter\CodeIgniter->run()
CRITICAL - 2024-04-23 16:51:32 --> CodeIgniter\HTTP\Exceptions\HTTPException: The original file is not a valid file.
in SYSTEMPATH\HTTP\Files\UploadedFile.php on line 146.
 1 SYSTEMPATH\HTTP\Files\UploadedFile.php(146): CodeIgniter\HTTP\Exceptions\HTTPException::forInvalidFile()
 2 APPPATH\Controllers\instalaciones.php(380): CodeIgniter\HTTP\Files\UploadedFile->move('C:\\proyectos\\reservalo\\app\\../images/')
 3 APPPATH\Controllers\instalaciones.php(284): App\Controllers\instalaciones->subirArchivo('defecto.png', Object(CodeIgniter\HTTP\Files\UploadedFile))
 4 SYSTEMPATH\CodeIgniter.php(941): App\Controllers\instalaciones->nuevaInstalacion()
 5 SYSTEMPATH\CodeIgniter.php(502): CodeIgniter\CodeIgniter->runController(Object(App\Controllers\instalaciones))
 6 SYSTEMPATH\CodeIgniter.php(361): CodeIgniter\CodeIgniter->handleRequest(null, Object(Config\Cache), false)
 7 FCPATH\index.php(79): CodeIgniter\CodeIgniter->run()
CRITICAL - 2024-04-23 16:53:37 --> CodeIgniter\HTTP\Exceptions\HTTPException: The original file is not a valid file.
in SYSTEMPATH\HTTP\Files\UploadedFile.php on line 146.
 1 SYSTEMPATH\HTTP\Files\UploadedFile.php(146): CodeIgniter\HTTP\Exceptions\HTTPException::forInvalidFile()
 2 APPPATH\Controllers\instalaciones.php(380): CodeIgniter\HTTP\Files\UploadedFile->move('C:\\proyectos\\reservalo\\app\\../images/')
 3 APPPATH\Controllers\instalaciones.php(284): App\Controllers\instalaciones->subirArchivo('defecto.png', Object(CodeIgniter\HTTP\Files\UploadedFile))
 4 SYSTEMPATH\CodeIgniter.php(941): App\Controllers\instalaciones->nuevaInstalacion()
 5 SYSTEMPATH\CodeIgniter.php(502): CodeIgniter\CodeIgniter->runController(Object(App\Controllers\instalaciones))
 6 SYSTEMPATH\CodeIgniter.php(361): CodeIgniter\CodeIgniter->handleRequest(null, Object(Config\Cache), false)
 7 FCPATH\index.php(79): CodeIgniter\CodeIgniter->run()
