INFO - 2024-06-12 08:20:42 --> Session: Class initialized using 'CodeIgniter\Session\Handlers\FileHandler' driver.
INFO - 2024-06-12 08:31:25 --> Session: Class initialized using 'CodeIgniter\Session\Handlers\FileHandler' driver.
INFO - 2024-06-12 08:31:59 --> Session: Class initialized using 'CodeIgniter\Session\Handlers\FileHandler' driver.
INFO - 2024-06-12 08:32:20 --> Session: Class initialized using 'CodeIgniter\Session\Handlers\FileHandler' driver.
INFO - 2024-06-12 08:32:21 --> Session: Class initialized using 'CodeIgniter\Session\Handlers\FileHandler' driver.
INFO - 2024-06-12 08:32:22 --> Session: Class initialized using 'CodeIgniter\Session\Handlers\FileHandler' driver.
INFO - 2024-06-12 08:34:27 --> Session: Class initialized using 'CodeIgniter\Session\Handlers\FileHandler' driver.
INFO - 2024-06-12 08:34:30 --> Session: Class initialized using 'CodeIgniter\Session\Handlers\FileHandler' driver.
INFO - 2024-06-12 08:34:35 --> Session: Class initialized using 'CodeIgniter\Session\Handlers\FileHandler' driver.
INFO - 2024-06-12 08:35:23 --> Session: Class initialized using 'CodeIgniter\Session\Handlers\FileHandler' driver.
INFO - 2024-06-12 08:36:37 --> Session: Class initialized using 'CodeIgniter\Session\Handlers\FileHandler' driver.
INFO - 2024-06-12 08:36:44 --> Session: Class initialized using 'CodeIgniter\Session\Handlers\FileHandler' driver.
INFO - 2024-06-12 08:36:49 --> Session: Class initialized using 'CodeIgniter\Session\Handlers\FileHandler' driver.
INFO - 2024-06-12 08:37:41 --> Session: Class initialized using 'CodeIgniter\Session\Handlers\FileHandler' driver.
INFO - 2024-06-12 08:50:06 --> Session: Class initialized using 'CodeIgniter\Session\Handlers\FileHandler' driver.
INFO - 2024-06-12 08:50:22 --> Session: Class initialized using 'CodeIgniter\Session\Handlers\FileHandler' driver.
INFO - 2024-06-12 08:50:27 --> Session: Class initialized using 'CodeIgniter\Session\Handlers\FileHandler' driver.
INFO - 2024-06-12 08:51:52 --> Session: Class initialized using 'CodeIgniter\Session\Handlers\FileHandler' driver.
INFO - 2024-06-12 08:52:03 --> Session: Class initialized using 'CodeIgniter\Session\Handlers\FileHandler' driver.
INFO - 2024-06-12 08:52:10 --> Session: Class initialized using 'CodeIgniter\Session\Handlers\FileHandler' driver.
INFO - 2024-06-12 08:52:18 --> Session: Class initialized using 'CodeIgniter\Session\Handlers\FileHandler' driver.
INFO - 2024-06-12 08:52:32 --> Session: Class initialized using 'CodeIgniter\Session\Handlers\FileHandler' driver.
INFO - 2024-06-12 08:52:40 --> Session: Class initialized using 'CodeIgniter\Session\Handlers\FileHandler' driver.
INFO - 2024-06-12 08:52:47 --> Session: Class initialized using 'CodeIgniter\Session\Handlers\FileHandler' driver.
INFO - 2024-06-12 08:52:53 --> Session: Class initialized using 'CodeIgniter\Session\Handlers\FileHandler' driver.
INFO - 2024-06-12 08:52:59 --> Session: Class initialized using 'CodeIgniter\Session\Handlers\FileHandler' driver.
INFO - 2024-06-12 08:53:23 --> Session: Class initialized using 'CodeIgniter\Session\Handlers\FileHandler' driver.
INFO - 2024-06-12 08:53:31 --> Session: Class initialized using 'CodeIgniter\Session\Handlers\FileHandler' driver.
INFO - 2024-06-12 08:53:38 --> Session: Class initialized using 'CodeIgniter\Session\Handlers\FileHandler' driver.
INFO - 2024-06-12 08:53:54 --> Session: Class initialized using 'CodeIgniter\Session\Handlers\FileHandler' driver.
INFO - 2024-06-12 08:54:01 --> Session: Class initialized using 'CodeIgniter\Session\Handlers\FileHandler' driver.
INFO - 2024-06-12 08:54:25 --> Session: Class initialized using 'CodeIgniter\Session\Handlers\FileHandler' driver.
INFO - 2024-06-12 08:58:55 --> Session: Class initialized using 'CodeIgniter\Session\Handlers\FileHandler' driver.
INFO - 2024-06-12 09:04:34 --> Session: Class initialized using 'CodeIgniter\Session\Handlers\FileHandler' driver.
INFO - 2024-06-12 09:05:30 --> Session: Class initialized using 'CodeIgniter\Session\Handlers\FileHandler' driver.
INFO - 2024-06-12 09:05:33 --> Session: Class initialized using 'CodeIgniter\Session\Handlers\FileHandler' driver.
INFO - 2024-06-12 09:05:35 --> Session: Class initialized using 'CodeIgniter\Session\Handlers\FileHandler' driver.
INFO - 2024-06-12 09:05:38 --> Session: Class initialized using 'CodeIgniter\Session\Handlers\FileHandler' driver.
INFO - 2024-06-12 09:05:42 --> Session: Class initialized using 'CodeIgniter\Session\Handlers\FileHandler' driver.
INFO - 2024-06-12 09:05:48 --> Session: Class initialized using 'CodeIgniter\Session\Handlers\FileHandler' driver.
INFO - 2024-06-12 09:05:52 --> Session: Class initialized using 'CodeIgniter\Session\Handlers\FileHandler' driver.
INFO - 2024-06-12 09:05:54 --> Session: Class initialized using 'CodeIgniter\Session\Handlers\FileHandler' driver.
INFO - 2024-06-12 09:09:11 --> Session: Class initialized using 'CodeIgniter\Session\Handlers\FileHandler' driver.
INFO - 2024-06-12 09:09:14 --> Session: Class initialized using 'CodeIgniter\Session\Handlers\FileHandler' driver.
INFO - 2024-06-12 09:09:15 --> Session: Class initialized using 'CodeIgniter\Session\Handlers\FileHandler' driver.
INFO - 2024-06-12 09:09:20 --> Session: Class initialized using 'CodeIgniter\Session\Handlers\FileHandler' driver.
INFO - 2024-06-12 09:09:26 --> Session: Class initialized using 'CodeIgniter\Session\Handlers\FileHandler' driver.
INFO - 2024-06-12 09:09:33 --> Session: Class initialized using 'CodeIgniter\Session\Handlers\FileHandler' driver.
INFO - 2024-06-12 09:09:36 --> Session: Class initialized using 'CodeIgniter\Session\Handlers\FileHandler' driver.
INFO - 2024-06-12 09:09:39 --> Session: Class initialized using 'CodeIgniter\Session\Handlers\FileHandler' driver.
INFO - 2024-06-12 09:10:58 --> Session: Class initialized using 'CodeIgniter\Session\Handlers\FileHandler' driver.
INFO - 2024-06-12 09:11:00 --> Session: Class initialized using 'CodeIgniter\Session\Handlers\FileHandler' driver.
INFO - 2024-06-12 09:11:07 --> Session: Class initialized using 'CodeIgniter\Session\Handlers\FileHandler' driver.
INFO - 2024-06-12 09:11:11 --> Session: Class initialized using 'CodeIgniter\Session\Handlers\FileHandler' driver.
INFO - 2024-06-12 09:11:14 --> Session: Class initialized using 'CodeIgniter\Session\Handlers\FileHandler' driver.
INFO - 2024-06-12 09:11:17 --> Session: Class initialized using 'CodeIgniter\Session\Handlers\FileHandler' driver.
INFO - 2024-06-12 09:11:57 --> Session: Class initialized using 'CodeIgniter\Session\Handlers\FileHandler' driver.
INFO - 2024-06-12 09:12:00 --> Session: Class initialized using 'CodeIgniter\Session\Handlers\FileHandler' driver.
INFO - 2024-06-12 09:12:10 --> Session: Class initialized using 'CodeIgniter\Session\Handlers\FileHandler' driver.
INFO - 2024-06-12 09:12:34 --> Session: Class initialized using 'CodeIgniter\Session\Handlers\FileHandler' driver.
INFO - 2024-06-12 09:12:43 --> Session: Class initialized using 'CodeIgniter\Session\Handlers\FileHandler' driver.
INFO - 2024-06-12 09:12:48 --> Session: Class initialized using 'CodeIgniter\Session\Handlers\FileHandler' driver.
INFO - 2024-06-12 09:12:52 --> Session: Class initialized using 'CodeIgniter\Session\Handlers\FileHandler' driver.
INFO - 2024-06-12 09:12:54 --> Session: Class initialized using 'CodeIgniter\Session\Handlers\FileHandler' driver.
INFO - 2024-06-12 09:21:44 --> Session: Class initialized using 'CodeIgniter\Session\Handlers\FileHandler' driver.
INFO - 2024-06-12 09:21:47 --> Session: Class initialized using 'CodeIgniter\Session\Handlers\FileHandler' driver.
INFO - 2024-06-12 09:21:55 --> Session: Class initialized using 'CodeIgniter\Session\Handlers\FileHandler' driver.
INFO - 2024-06-12 09:21:59 --> Session: Class initialized using 'CodeIgniter\Session\Handlers\FileHandler' driver.
INFO - 2024-06-12 09:22:02 --> Session: Class initialized using 'CodeIgniter\Session\Handlers\FileHandler' driver.
INFO - 2024-06-12 09:22:05 --> Session: Class initialized using 'CodeIgniter\Session\Handlers\FileHandler' driver.
INFO - 2024-06-12 09:22:36 --> Session: Class initialized using 'CodeIgniter\Session\Handlers\FileHandler' driver.
INFO - 2024-06-12 09:22:39 --> Session: Class initialized using 'CodeIgniter\Session\Handlers\FileHandler' driver.
INFO - 2024-06-12 09:22:42 --> Session: Class initialized using 'CodeIgniter\Session\Handlers\FileHandler' driver.
INFO - 2024-06-12 09:22:45 --> Session: Class initialized using 'CodeIgniter\Session\Handlers\FileHandler' driver.
INFO - 2024-06-12 09:22:48 --> Session: Class initialized using 'CodeIgniter\Session\Handlers\FileHandler' driver.
INFO - 2024-06-12 09:22:51 --> Session: Class initialized using 'CodeIgniter\Session\Handlers\FileHandler' driver.
INFO - 2024-06-12 09:23:56 --> Session: Class initialized using 'CodeIgniter\Session\Handlers\FileHandler' driver.
INFO - 2024-06-12 09:23:59 --> Session: Class initialized using 'CodeIgniter\Session\Handlers\FileHandler' driver.
INFO - 2024-06-12 09:23:59 --> Session: Class initialized using 'CodeIgniter\Session\Handlers\FileHandler' driver.
INFO - 2024-06-12 09:24:02 --> Session: Class initialized using 'CodeIgniter\Session\Handlers\FileHandler' driver.
INFO - 2024-06-12 09:24:06 --> Session: Class initialized using 'CodeIgniter\Session\Handlers\FileHandler' driver.
INFO - 2024-06-12 09:24:08 --> Session: Class initialized using 'CodeIgniter\Session\Handlers\FileHandler' driver.
INFO - 2024-06-12 09:24:12 --> Session: Class initialized using 'CodeIgniter\Session\Handlers\FileHandler' driver.
INFO - 2024-06-12 09:24:14 --> Session: Class initialized using 'CodeIgniter\Session\Handlers\FileHandler' driver.
INFO - 2024-06-12 09:24:40 --> Session: Class initialized using 'CodeIgniter\Session\Handlers\FileHandler' driver.
INFO - 2024-06-12 09:24:43 --> Session: Class initialized using 'CodeIgniter\Session\Handlers\FileHandler' driver.
INFO - 2024-06-12 09:24:48 --> Session: Class initialized using 'CodeIgniter\Session\Handlers\FileHandler' driver.
INFO - 2024-06-12 09:24:52 --> Session: Class initialized using 'CodeIgniter\Session\Handlers\FileHandler' driver.
INFO - 2024-06-12 09:24:56 --> Session: Class initialized using 'CodeIgniter\Session\Handlers\FileHandler' driver.
INFO - 2024-06-12 09:24:58 --> Session: Class initialized using 'CodeIgniter\Session\Handlers\FileHandler' driver.
INFO - 2024-06-12 09:26:51 --> Session: Class initialized using 'CodeIgniter\Session\Handlers\FileHandler' driver.
INFO - 2024-06-12 09:27:15 --> Session: Class initialized using 'CodeIgniter\Session\Handlers\FileHandler' driver.
INFO - 2024-06-12 09:29:22 --> Session: Class initialized using 'CodeIgniter\Session\Handlers\FileHandler' driver.
INFO - 2024-06-12 09:39:02 --> Session: Class initialized using 'CodeIgniter\Session\Handlers\FileHandler' driver.
INFO - 2024-06-12 09:39:07 --> Session: Class initialized using 'CodeIgniter\Session\Handlers\FileHandler' driver.
INFO - 2024-06-12 09:40:51 --> Session: Class initialized using 'CodeIgniter\Session\Handlers\FileHandler' driver.
INFO - 2024-06-12 09:41:15 --> Session: Class initialized using 'CodeIgniter\Session\Handlers\FileHandler' driver.
INFO - 2024-06-12 09:42:18 --> Session: Class initialized using 'CodeIgniter\Session\Handlers\FileHandler' driver.
INFO - 2024-06-12 09:42:36 --> Session: Class initialized using 'CodeIgniter\Session\Handlers\FileHandler' driver.
INFO - 2024-06-12 09:44:32 --> Session: Class initialized using 'CodeIgniter\Session\Handlers\FileHandler' driver.
INFO - 2024-06-12 09:44:59 --> Session: Class initialized using 'CodeIgniter\Session\Handlers\FileHandler' driver.
INFO - 2024-06-12 09:45:05 --> Session: Class initialized using 'CodeIgniter\Session\Handlers\FileHandler' driver.
INFO - 2024-06-12 09:47:01 --> Session: Class initialized using 'CodeIgniter\Session\Handlers\FileHandler' driver.
INFO - 2024-06-12 09:49:52 --> Session: Class initialized using 'CodeIgniter\Session\Handlers\FileHandler' driver.
INFO - 2024-06-12 09:50:06 --> Session: Class initialized using 'CodeIgniter\Session\Handlers\FileHandler' driver.
INFO - 2024-06-12 09:50:11 --> Session: Class initialized using 'CodeIgniter\Session\Handlers\FileHandler' driver.
INFO - 2024-06-12 09:52:16 --> Session: Class initialized using 'CodeIgniter\Session\Handlers\FileHandler' driver.
INFO - 2024-06-12 09:52:26 --> Session: Class initialized using 'CodeIgniter\Session\Handlers\FileHandler' driver.
INFO - 2024-06-12 09:54:21 --> Session: Class initialized using 'CodeIgniter\Session\Handlers\FileHandler' driver.
INFO - 2024-06-12 09:54:23 --> Session: Class initialized using 'CodeIgniter\Session\Handlers\FileHandler' driver.
INFO - 2024-06-12 09:58:41 --> Session: Class initialized using 'CodeIgniter\Session\Handlers\FileHandler' driver.
INFO - 2024-06-12 09:58:42 --> Session: Class initialized using 'CodeIgniter\Session\Handlers\FileHandler' driver.
INFO - 2024-06-12 09:58:44 --> Session: Class initialized using 'CodeIgniter\Session\Handlers\FileHandler' driver.
INFO - 2024-06-12 09:59:07 --> Session: Class initialized using 'CodeIgniter\Session\Handlers\FileHandler' driver.
INFO - 2024-06-12 09:59:10 --> Session: Class initialized using 'CodeIgniter\Session\Handlers\FileHandler' driver.
INFO - 2024-06-12 10:00:20 --> Session: Class initialized using 'CodeIgniter\Session\Handlers\FileHandler' driver.
INFO - 2024-06-12 10:02:12 --> Session: Class initialized using 'CodeIgniter\Session\Handlers\FileHandler' driver.
INFO - 2024-06-12 10:02:49 --> Session: Class initialized using 'CodeIgniter\Session\Handlers\FileHandler' driver.
INFO - 2024-06-12 10:10:23 --> Session: Class initialized using 'CodeIgniter\Session\Handlers\FileHandler' driver.
INFO - 2024-06-12 10:40:47 --> Session: Class initialized using 'CodeIgniter\Session\Handlers\FileHandler' driver.
INFO - 2024-06-12 10:41:17 --> Session: Class initialized using 'CodeIgniter\Session\Handlers\FileHandler' driver.
INFO - 2024-06-12 10:43:01 --> Session: Class initialized using 'CodeIgniter\Session\Handlers\FileHandler' driver.
INFO - 2024-06-12 10:43:15 --> Session: Class initialized using 'CodeIgniter\Session\Handlers\FileHandler' driver.
ERROR - 2024-06-12 10:43:15 --> mysqli_sql_exception: Cannot delete or update a parent row: a foreign key constraint fails (`reservalo`.`horas_reserva`, CONSTRAINT `fk_horaReserva_reserva` FOREIGN KEY (`id_reserva`) REFERENCES `reservas` (`id_reserva`) ON DELETE NO ACTION ON UPDATE CASCADE) in C:\proyectos\reservalo\system\Database\MySQLi\Connection.php:306
Stack trace:
#0 C:\proyectos\reservalo\system\Database\MySQLi\Connection.php(306): mysqli->query('DELETE FROM `re...', 0)
#1 C:\proyectos\reservalo\system\Database\BaseConnection.php(693): CodeIgniter\Database\MySQLi\Connection->execute('DELETE FROM `re...')
#2 C:\proyectos\reservalo\system\Database\BaseConnection.php(607): CodeIgniter\Database\BaseConnection->simpleQuery('DELETE FROM `re...')
#3 C:\proyectos\reservalo\system\Database\BaseBuilder.php(2787): CodeIgniter\Database\BaseConnection->query('DELETE FROM `re...', Array, false)
#4 C:\proyectos\reservalo\app\Models\reservasModel.php(245): CodeIgniter\Database\BaseBuilder->delete()
#5 C:\proyectos\reservalo\app\Controllers\reservas.php(322): App\Models\reservasModel->borrarReserva('92')
#6 C:\proyectos\reservalo\system\CodeIgniter.php(941): App\Controllers\reservas->borrarReserva()
#7 C:\proyectos\reservalo\system\CodeIgniter.php(502): CodeIgniter\CodeIgniter->runController(Object(App\Controllers\reservas))
#8 C:\proyectos\reservalo\system\CodeIgniter.php(361): CodeIgniter\CodeIgniter->handleRequest(NULL, Object(Config\Cache), false)
#9 C:\proyectos\reservalo\index.php(79): CodeIgniter\CodeIgniter->run()
#10 {main}
CRITICAL - 2024-06-12 10:43:15 --> CodeIgniter\Database\Exceptions\DatabaseException: Cannot delete or update a parent row: a foreign key constraint fails (`reservalo`.`horas_reserva`, CONSTRAINT `fk_horaReserva_reserva` FOREIGN KEY (`id_reserva`) REFERENCES `reservas` (`id_reserva`) ON DELETE NO ACTION ON UPDATE CASCADE)
in SYSTEMPATH\Database\BaseConnection.php on line 647.
 1 SYSTEMPATH\Database\BaseBuilder.php(2787): CodeIgniter\Database\BaseConnection->query('DELETE FROM `reservas`
WHERE `id_reserva` = :id_reserva:', [...], false)
 2 APPPATH\Models\reservasModel.php(245): CodeIgniter\Database\BaseBuilder->delete()
 3 APPPATH\Controllers\reservas.php(322): App\Models\reservasModel->borrarReserva('92')
 4 SYSTEMPATH\CodeIgniter.php(941): App\Controllers\reservas->borrarReserva()
 5 SYSTEMPATH\CodeIgniter.php(502): CodeIgniter\CodeIgniter->runController(Object(App\Controllers\reservas))
 6 SYSTEMPATH\CodeIgniter.php(361): CodeIgniter\CodeIgniter->handleRequest(null, Object(Config\Cache), false)
 7 FCPATH\index.php(79): CodeIgniter\CodeIgniter->run()
CRITICAL - 2024-06-12 10:43:15 --> [Caused by] CodeIgniter\Database\Exceptions\DatabaseException: Cannot delete or update a parent row: a foreign key constraint fails (`reservalo`.`horas_reserva`, CONSTRAINT `fk_horaReserva_reserva` FOREIGN KEY (`id_reserva`) REFERENCES `reservas` (`id_reserva`) ON DELETE NO ACTION ON UPDATE CASCADE)
in SYSTEMPATH\Database\MySQLi\Connection.php on line 311.
 1 SYSTEMPATH\Database\BaseConnection.php(693): CodeIgniter\Database\MySQLi\Connection->execute('DELETE FROM `reservas`
WHERE `id_reserva` = \'92\'')
 2 SYSTEMPATH\Database\BaseConnection.php(607): CodeIgniter\Database\BaseConnection->simpleQuery('DELETE FROM `reservas`
WHERE `id_reserva` = \'92\'')
 3 SYSTEMPATH\Database\BaseBuilder.php(2787): CodeIgniter\Database\BaseConnection->query('DELETE FROM `reservas`
WHERE `id_reserva` = :id_reserva:', [...], false)
 4 APPPATH\Models\reservasModel.php(245): CodeIgniter\Database\BaseBuilder->delete()
 5 APPPATH\Controllers\reservas.php(322): App\Models\reservasModel->borrarReserva('92')
 6 SYSTEMPATH\CodeIgniter.php(941): App\Controllers\reservas->borrarReserva()
 7 SYSTEMPATH\CodeIgniter.php(502): CodeIgniter\CodeIgniter->runController(Object(App\Controllers\reservas))
 8 SYSTEMPATH\CodeIgniter.php(361): CodeIgniter\CodeIgniter->handleRequest(null, Object(Config\Cache), false)
 9 FCPATH\index.php(79): CodeIgniter\CodeIgniter->run()
CRITICAL - 2024-06-12 10:43:15 --> [Caused by] mysqli_sql_exception: Cannot delete or update a parent row: a foreign key constraint fails (`reservalo`.`horas_reserva`, CONSTRAINT `fk_horaReserva_reserva` FOREIGN KEY (`id_reserva`) REFERENCES `reservas` (`id_reserva`) ON DELETE NO ACTION ON UPDATE CASCADE)
in SYSTEMPATH\Database\MySQLi\Connection.php on line 306.
 1 SYSTEMPATH\Database\MySQLi\Connection.php(306): mysqli->query('DELETE FROM `reservas`
WHERE `id_reserva` = \'92\'', 0)
 2 SYSTEMPATH\Database\BaseConnection.php(693): CodeIgniter\Database\MySQLi\Connection->execute('DELETE FROM `reservas`
WHERE `id_reserva` = \'92\'')
 3 SYSTEMPATH\Database\BaseConnection.php(607): CodeIgniter\Database\BaseConnection->simpleQuery('DELETE FROM `reservas`
WHERE `id_reserva` = \'92\'')
 4 SYSTEMPATH\Database\BaseBuilder.php(2787): CodeIgniter\Database\BaseConnection->query('DELETE FROM `reservas`
WHERE `id_reserva` = :id_reserva:', [...], false)
 5 APPPATH\Models\reservasModel.php(245): CodeIgniter\Database\BaseBuilder->delete()
 6 APPPATH\Controllers\reservas.php(322): App\Models\reservasModel->borrarReserva('92')
 7 SYSTEMPATH\CodeIgniter.php(941): App\Controllers\reservas->borrarReserva()
 8 SYSTEMPATH\CodeIgniter.php(502): CodeIgniter\CodeIgniter->runController(Object(App\Controllers\reservas))
 9 SYSTEMPATH\CodeIgniter.php(361): CodeIgniter\CodeIgniter->handleRequest(null, Object(Config\Cache), false)
10 FCPATH\index.php(79): CodeIgniter\CodeIgniter->run()
INFO - 2024-06-12 10:44:02 --> Session: Class initialized using 'CodeIgniter\Session\Handlers\FileHandler' driver.
ERROR - 2024-06-12 10:44:21 --> mysqli_sql_exception: Cannot delete or update a parent row: a foreign key constraint fails (`reservalo`.`horas_reserva`, CONSTRAINT `fk_horaReserva_reserva` FOREIGN KEY (`id_reserva`) REFERENCES `reservas` (`id_reserva`) ON DELETE NO ACTION ON UPDATE CASCADE) in C:\proyectos\reservalo\system\Database\MySQLi\Connection.php:306
Stack trace:
#0 C:\proyectos\reservalo\system\Database\MySQLi\Connection.php(306): mysqli->query('DELETE FROM `re...', 0)
#1 C:\proyectos\reservalo\system\Database\BaseConnection.php(693): CodeIgniter\Database\MySQLi\Connection->execute('DELETE FROM `re...')
#2 C:\proyectos\reservalo\system\Database\BaseConnection.php(607): CodeIgniter\Database\BaseConnection->simpleQuery('DELETE FROM `re...')
#3 C:\proyectos\reservalo\system\Database\BaseBuilder.php(2787): CodeIgniter\Database\BaseConnection->query('DELETE FROM `re...', Array, false)
#4 C:\proyectos\reservalo\app\Models\reservasModel.php(245): CodeIgniter\Database\BaseBuilder->delete()
#5 C:\proyectos\reservalo\app\Controllers\reservas.php(322): App\Models\reservasModel->borrarReserva('92')
#6 C:\proyectos\reservalo\system\CodeIgniter.php(941): App\Controllers\reservas->borrarReserva()
#7 C:\proyectos\reservalo\system\CodeIgniter.php(502): CodeIgniter\CodeIgniter->runController(Object(App\Controllers\reservas))
#8 C:\proyectos\reservalo\system\CodeIgniter.php(361): CodeIgniter\CodeIgniter->handleRequest(NULL, Object(Config\Cache), false)
#9 C:\proyectos\reservalo\index.php(79): CodeIgniter\CodeIgniter->run()
#10 {main}
CRITICAL - 2024-06-12 10:44:25 --> CodeIgniter\Database\Exceptions\DatabaseException: Cannot delete or update a parent row: a foreign key constraint fails (`reservalo`.`horas_reserva`, CONSTRAINT `fk_horaReserva_reserva` FOREIGN KEY (`id_reserva`) REFERENCES `reservas` (`id_reserva`) ON DELETE NO ACTION ON UPDATE CASCADE)
in SYSTEMPATH\Database\BaseConnection.php on line 647.
 1 SYSTEMPATH\Database\BaseBuilder.php(2787): CodeIgniter\Database\BaseConnection->query('DELETE FROM `reservas`
WHERE `id_reserva` = :id_reserva:', [...], false)
 2 APPPATH\Models\reservasModel.php(245): CodeIgniter\Database\BaseBuilder->delete()
 3 APPPATH\Controllers\reservas.php(322): App\Models\reservasModel->borrarReserva('92')
 4 SYSTEMPATH\CodeIgniter.php(941): App\Controllers\reservas->borrarReserva()
 5 SYSTEMPATH\CodeIgniter.php(502): CodeIgniter\CodeIgniter->runController(Object(App\Controllers\reservas))
 6 SYSTEMPATH\CodeIgniter.php(361): CodeIgniter\CodeIgniter->handleRequest(null, Object(Config\Cache), false)
 7 FCPATH\index.php(79): CodeIgniter\CodeIgniter->run()
INFO - 2024-06-12 10:46:24 --> Session: Class initialized using 'CodeIgniter\Session\Handlers\FileHandler' driver.
INFO - 2024-06-12 10:46:33 --> Session: Class initialized using 'CodeIgniter\Session\Handlers\FileHandler' driver.
INFO - 2024-06-12 10:46:37 --> Session: Class initialized using 'CodeIgniter\Session\Handlers\FileHandler' driver.
INFO - 2024-06-12 10:46:40 --> Session: Class initialized using 'CodeIgniter\Session\Handlers\FileHandler' driver.
INFO - 2024-06-12 10:46:43 --> Session: Class initialized using 'CodeIgniter\Session\Handlers\FileHandler' driver.
INFO - 2024-06-12 10:46:47 --> Session: Class initialized using 'CodeIgniter\Session\Handlers\FileHandler' driver.
INFO - 2024-06-12 10:46:53 --> Session: Class initialized using 'CodeIgniter\Session\Handlers\FileHandler' driver.
INFO - 2024-06-12 10:47:02 --> Session: Class initialized using 'CodeIgniter\Session\Handlers\FileHandler' driver.
INFO - 2024-06-12 10:47:06 --> Session: Class initialized using 'CodeIgniter\Session\Handlers\FileHandler' driver.
INFO - 2024-06-12 10:47:08 --> Session: Class initialized using 'CodeIgniter\Session\Handlers\FileHandler' driver.
INFO - 2024-06-12 10:48:17 --> Session: Class initialized using 'CodeIgniter\Session\Handlers\FileHandler' driver.
INFO - 2024-06-12 10:48:20 --> Session: Class initialized using 'CodeIgniter\Session\Handlers\FileHandler' driver.
INFO - 2024-06-12 10:48:24 --> Session: Class initialized using 'CodeIgniter\Session\Handlers\FileHandler' driver.
INFO - 2024-06-12 10:48:31 --> Session: Class initialized using 'CodeIgniter\Session\Handlers\FileHandler' driver.
INFO - 2024-06-12 10:48:34 --> Session: Class initialized using 'CodeIgniter\Session\Handlers\FileHandler' driver.
INFO - 2024-06-12 10:48:37 --> Session: Class initialized using 'CodeIgniter\Session\Handlers\FileHandler' driver.
INFO - 2024-06-12 10:48:42 --> Session: Class initialized using 'CodeIgniter\Session\Handlers\FileHandler' driver.
INFO - 2024-06-12 10:48:44 --> Session: Class initialized using 'CodeIgniter\Session\Handlers\FileHandler' driver.
INFO - 2024-06-12 10:48:49 --> Session: Class initialized using 'CodeIgniter\Session\Handlers\FileHandler' driver.
INFO - 2024-06-12 10:48:54 --> Session: Class initialized using 'CodeIgniter\Session\Handlers\FileHandler' driver.
INFO - 2024-06-12 10:48:58 --> Session: Class initialized using 'CodeIgniter\Session\Handlers\FileHandler' driver.
INFO - 2024-06-12 10:49:00 --> Session: Class initialized using 'CodeIgniter\Session\Handlers\FileHandler' driver.
INFO - 2024-06-12 10:49:05 --> Session: Class initialized using 'CodeIgniter\Session\Handlers\FileHandler' driver.
INFO - 2024-06-12 10:49:13 --> Session: Class initialized using 'CodeIgniter\Session\Handlers\FileHandler' driver.
ERROR - 2024-06-12 10:49:13 --> mysqli_sql_exception: Cannot delete or update a parent row: a foreign key constraint fails (`reservalo`.`horas_reserva`, CONSTRAINT `fk_horaReserva_reserva` FOREIGN KEY (`id_reserva`) REFERENCES `reservas` (`id_reserva`) ON DELETE NO ACTION ON UPDATE CASCADE) in C:\proyectos\reservalo\system\Database\MySQLi\Connection.php:306
Stack trace:
#0 C:\proyectos\reservalo\system\Database\MySQLi\Connection.php(306): mysqli->query('DELETE FROM `re...', 0)
#1 C:\proyectos\reservalo\system\Database\BaseConnection.php(693): CodeIgniter\Database\MySQLi\Connection->execute('DELETE FROM `re...')
#2 C:\proyectos\reservalo\system\Database\BaseConnection.php(607): CodeIgniter\Database\BaseConnection->simpleQuery('DELETE FROM `re...')
#3 C:\proyectos\reservalo\system\Database\BaseBuilder.php(2787): CodeIgniter\Database\BaseConnection->query('DELETE FROM `re...', Array, false)
#4 C:\proyectos\reservalo\app\Models\reservasModel.php(245): CodeIgniter\Database\BaseBuilder->delete()
#5 C:\proyectos\reservalo\app\Controllers\reservas.php(322): App\Models\reservasModel->borrarReserva('95')
#6 C:\proyectos\reservalo\system\CodeIgniter.php(941): App\Controllers\reservas->borrarReserva()
#7 C:\proyectos\reservalo\system\CodeIgniter.php(502): CodeIgniter\CodeIgniter->runController(Object(App\Controllers\reservas))
#8 C:\proyectos\reservalo\system\CodeIgniter.php(361): CodeIgniter\CodeIgniter->handleRequest(NULL, Object(Config\Cache), false)
#9 C:\proyectos\reservalo\index.php(79): CodeIgniter\CodeIgniter->run()
#10 {main}
CRITICAL - 2024-06-12 10:49:13 --> CodeIgniter\Database\Exceptions\DatabaseException: Cannot delete or update a parent row: a foreign key constraint fails (`reservalo`.`horas_reserva`, CONSTRAINT `fk_horaReserva_reserva` FOREIGN KEY (`id_reserva`) REFERENCES `reservas` (`id_reserva`) ON DELETE NO ACTION ON UPDATE CASCADE)
in SYSTEMPATH\Database\BaseConnection.php on line 647.
 1 SYSTEMPATH\Database\BaseBuilder.php(2787): CodeIgniter\Database\BaseConnection->query('DELETE FROM `reservas`
WHERE `id_reserva` = :id_reserva:', [...], false)
 2 APPPATH\Models\reservasModel.php(245): CodeIgniter\Database\BaseBuilder->delete()
 3 APPPATH\Controllers\reservas.php(322): App\Models\reservasModel->borrarReserva('95')
 4 SYSTEMPATH\CodeIgniter.php(941): App\Controllers\reservas->borrarReserva()
 5 SYSTEMPATH\CodeIgniter.php(502): CodeIgniter\CodeIgniter->runController(Object(App\Controllers\reservas))
 6 SYSTEMPATH\CodeIgniter.php(361): CodeIgniter\CodeIgniter->handleRequest(null, Object(Config\Cache), false)
 7 FCPATH\index.php(79): CodeIgniter\CodeIgniter->run()
CRITICAL - 2024-06-12 10:49:13 --> [Caused by] CodeIgniter\Database\Exceptions\DatabaseException: Cannot delete or update a parent row: a foreign key constraint fails (`reservalo`.`horas_reserva`, CONSTRAINT `fk_horaReserva_reserva` FOREIGN KEY (`id_reserva`) REFERENCES `reservas` (`id_reserva`) ON DELETE NO ACTION ON UPDATE CASCADE)
in SYSTEMPATH\Database\MySQLi\Connection.php on line 311.
 1 SYSTEMPATH\Database\BaseConnection.php(693): CodeIgniter\Database\MySQLi\Connection->execute('DELETE FROM `reservas`
WHERE `id_reserva` = \'95\'')
 2 SYSTEMPATH\Database\BaseConnection.php(607): CodeIgniter\Database\BaseConnection->simpleQuery('DELETE FROM `reservas`
WHERE `id_reserva` = \'95\'')
 3 SYSTEMPATH\Database\BaseBuilder.php(2787): CodeIgniter\Database\BaseConnection->query('DELETE FROM `reservas`
WHERE `id_reserva` = :id_reserva:', [...], false)
 4 APPPATH\Models\reservasModel.php(245): CodeIgniter\Database\BaseBuilder->delete()
 5 APPPATH\Controllers\reservas.php(322): App\Models\reservasModel->borrarReserva('95')
 6 SYSTEMPATH\CodeIgniter.php(941): App\Controllers\reservas->borrarReserva()
 7 SYSTEMPATH\CodeIgniter.php(502): CodeIgniter\CodeIgniter->runController(Object(App\Controllers\reservas))
 8 SYSTEMPATH\CodeIgniter.php(361): CodeIgniter\CodeIgniter->handleRequest(null, Object(Config\Cache), false)
 9 FCPATH\index.php(79): CodeIgniter\CodeIgniter->run()
CRITICAL - 2024-06-12 10:49:13 --> [Caused by] mysqli_sql_exception: Cannot delete or update a parent row: a foreign key constraint fails (`reservalo`.`horas_reserva`, CONSTRAINT `fk_horaReserva_reserva` FOREIGN KEY (`id_reserva`) REFERENCES `reservas` (`id_reserva`) ON DELETE NO ACTION ON UPDATE CASCADE)
in SYSTEMPATH\Database\MySQLi\Connection.php on line 306.
 1 SYSTEMPATH\Database\MySQLi\Connection.php(306): mysqli->query('DELETE FROM `reservas`
WHERE `id_reserva` = \'95\'', 0)
 2 SYSTEMPATH\Database\BaseConnection.php(693): CodeIgniter\Database\MySQLi\Connection->execute('DELETE FROM `reservas`
WHERE `id_reserva` = \'95\'')
 3 SYSTEMPATH\Database\BaseConnection.php(607): CodeIgniter\Database\BaseConnection->simpleQuery('DELETE FROM `reservas`
WHERE `id_reserva` = \'95\'')
 4 SYSTEMPATH\Database\BaseBuilder.php(2787): CodeIgniter\Database\BaseConnection->query('DELETE FROM `reservas`
WHERE `id_reserva` = :id_reserva:', [...], false)
 5 APPPATH\Models\reservasModel.php(245): CodeIgniter\Database\BaseBuilder->delete()
 6 APPPATH\Controllers\reservas.php(322): App\Models\reservasModel->borrarReserva('95')
 7 SYSTEMPATH\CodeIgniter.php(941): App\Controllers\reservas->borrarReserva()
 8 SYSTEMPATH\CodeIgniter.php(502): CodeIgniter\CodeIgniter->runController(Object(App\Controllers\reservas))
 9 SYSTEMPATH\CodeIgniter.php(361): CodeIgniter\CodeIgniter->handleRequest(null, Object(Config\Cache), false)
10 FCPATH\index.php(79): CodeIgniter\CodeIgniter->run()
INFO - 2024-06-12 10:50:44 --> Session: Class initialized using 'CodeIgniter\Session\Handlers\FileHandler' driver.
INFO - 2024-06-12 10:50:53 --> Session: Class initialized using 'CodeIgniter\Session\Handlers\FileHandler' driver.
INFO - 2024-06-12 10:50:57 --> Session: Class initialized using 'CodeIgniter\Session\Handlers\FileHandler' driver.
INFO - 2024-06-12 10:51:07 --> Session: Class initialized using 'CodeIgniter\Session\Handlers\FileHandler' driver.
INFO - 2024-06-12 10:51:11 --> Session: Class initialized using 'CodeIgniter\Session\Handlers\FileHandler' driver.
INFO - 2024-06-12 10:51:13 --> Session: Class initialized using 'CodeIgniter\Session\Handlers\FileHandler' driver.
INFO - 2024-06-12 10:51:24 --> Session: Class initialized using 'CodeIgniter\Session\Handlers\FileHandler' driver.
INFO - 2024-06-12 10:51:31 --> Session: Class initialized using 'CodeIgniter\Session\Handlers\FileHandler' driver.
INFO - 2024-06-12 10:52:27 --> Session: Class initialized using 'CodeIgniter\Session\Handlers\FileHandler' driver.
INFO - 2024-06-12 10:52:36 --> Session: Class initialized using 'CodeIgniter\Session\Handlers\FileHandler' driver.
INFO - 2024-06-12 10:52:48 --> Session: Class initialized using 'CodeIgniter\Session\Handlers\FileHandler' driver.
INFO - 2024-06-12 10:52:55 --> Session: Class initialized using 'CodeIgniter\Session\Handlers\FileHandler' driver.
INFO - 2024-06-12 10:53:04 --> Session: Class initialized using 'CodeIgniter\Session\Handlers\FileHandler' driver.
INFO - 2024-06-12 10:53:05 --> Session: Class initialized using 'CodeIgniter\Session\Handlers\FileHandler' driver.
INFO - 2024-06-12 10:53:11 --> Session: Class initialized using 'CodeIgniter\Session\Handlers\FileHandler' driver.
INFO - 2024-06-12 10:53:14 --> Session: Class initialized using 'CodeIgniter\Session\Handlers\FileHandler' driver.
INFO - 2024-06-12 10:53:16 --> Session: Class initialized using 'CodeIgniter\Session\Handlers\FileHandler' driver.
INFO - 2024-06-12 10:53:26 --> Session: Class initialized using 'CodeIgniter\Session\Handlers\FileHandler' driver.
INFO - 2024-06-12 10:53:34 --> Session: Class initialized using 'CodeIgniter\Session\Handlers\FileHandler' driver.
INFO - 2024-06-12 10:53:42 --> Session: Class initialized using 'CodeIgniter\Session\Handlers\FileHandler' driver.
INFO - 2024-06-12 10:53:47 --> Session: Class initialized using 'CodeIgniter\Session\Handlers\FileHandler' driver.
INFO - 2024-06-12 10:53:48 --> Session: Class initialized using 'CodeIgniter\Session\Handlers\FileHandler' driver.
INFO - 2024-06-12 10:53:52 --> Session: Class initialized using 'CodeIgniter\Session\Handlers\FileHandler' driver.
INFO - 2024-06-12 10:53:54 --> Session: Class initialized using 'CodeIgniter\Session\Handlers\FileHandler' driver.
INFO - 2024-06-12 10:54:03 --> Session: Class initialized using 'CodeIgniter\Session\Handlers\FileHandler' driver.
INFO - 2024-06-12 10:54:11 --> Session: Class initialized using 'CodeIgniter\Session\Handlers\FileHandler' driver.
INFO - 2024-06-12 10:54:17 --> Session: Class initialized using 'CodeIgniter\Session\Handlers\FileHandler' driver.
INFO - 2024-06-12 10:54:27 --> Session: Class initialized using 'CodeIgniter\Session\Handlers\FileHandler' driver.
INFO - 2024-06-12 10:54:28 --> Session: Class initialized using 'CodeIgniter\Session\Handlers\FileHandler' driver.
INFO - 2024-06-12 10:54:35 --> Session: Class initialized using 'CodeIgniter\Session\Handlers\FileHandler' driver.
INFO - 2024-06-12 10:54:42 --> Session: Class initialized using 'CodeIgniter\Session\Handlers\FileHandler' driver.
ERROR - 2024-06-12 10:55:27 --> mysqli_sql_exception: Cannot delete or update a parent row: a foreign key constraint fails (`reservalo`.`horas_reserva`, CONSTRAINT `fk_horaReserva_reserva` FOREIGN KEY (`id_reserva`) REFERENCES `reservas` (`id_reserva`) ON DELETE NO ACTION ON UPDATE CASCADE) in C:\proyectos\reservalo\system\Database\MySQLi\Connection.php:306
Stack trace:
#0 C:\proyectos\reservalo\system\Database\MySQLi\Connection.php(306): mysqli->query('DELETE FROM `re...', 0)
#1 C:\proyectos\reservalo\system\Database\BaseConnection.php(693): CodeIgniter\Database\MySQLi\Connection->execute('DELETE FROM `re...')
#2 C:\proyectos\reservalo\system\Database\BaseConnection.php(607): CodeIgniter\Database\BaseConnection->simpleQuery('DELETE FROM `re...')
#3 C:\proyectos\reservalo\system\Database\BaseBuilder.php(2787): CodeIgniter\Database\BaseConnection->query('DELETE FROM `re...', Array, false)
#4 C:\proyectos\reservalo\app\Models\reservasModel.php(245): CodeIgniter\Database\BaseBuilder->delete()
#5 C:\proyectos\reservalo\app\Controllers\reservas.php(322): App\Models\reservasModel->borrarReserva('99')
#6 C:\proyectos\reservalo\system\CodeIgniter.php(941): App\Controllers\reservas->borrarReserva()
#7 C:\proyectos\reservalo\system\CodeIgniter.php(502): CodeIgniter\CodeIgniter->runController(Object(App\Controllers\reservas))
#8 C:\proyectos\reservalo\system\CodeIgniter.php(361): CodeIgniter\CodeIgniter->handleRequest(NULL, Object(Config\Cache), false)
#9 C:\proyectos\reservalo\index.php(79): CodeIgniter\CodeIgniter->run()
#10 {main}
CRITICAL - 2024-06-12 10:55:50 --> CodeIgniter\Database\Exceptions\DatabaseException: Cannot delete or update a parent row: a foreign key constraint fails (`reservalo`.`horas_reserva`, CONSTRAINT `fk_horaReserva_reserva` FOREIGN KEY (`id_reserva`) REFERENCES `reservas` (`id_reserva`) ON DELETE NO ACTION ON UPDATE CASCADE)
in SYSTEMPATH\Database\BaseConnection.php on line 647.
 1 SYSTEMPATH\Database\BaseBuilder.php(2787): CodeIgniter\Database\BaseConnection->query('DELETE FROM `reservas`
WHERE `id_reserva` = :id_reserva:', [...], false)
 2 APPPATH\Models\reservasModel.php(245): CodeIgniter\Database\BaseBuilder->delete()
 3 APPPATH\Controllers\reservas.php(322): App\Models\reservasModel->borrarReserva('99')
 4 SYSTEMPATH\CodeIgniter.php(941): App\Controllers\reservas->borrarReserva()
 5 SYSTEMPATH\CodeIgniter.php(502): CodeIgniter\CodeIgniter->runController(Object(App\Controllers\reservas))
 6 SYSTEMPATH\CodeIgniter.php(361): CodeIgniter\CodeIgniter->handleRequest(null, Object(Config\Cache), false)
 7 FCPATH\index.php(79): CodeIgniter\CodeIgniter->run()
CRITICAL - 2024-06-12 10:56:00 --> [Caused by] CodeIgniter\Database\Exceptions\DatabaseException: Cannot delete or update a parent row: a foreign key constraint fails (`reservalo`.`horas_reserva`, CONSTRAINT `fk_horaReserva_reserva` FOREIGN KEY (`id_reserva`) REFERENCES `reservas` (`id_reserva`) ON DELETE NO ACTION ON UPDATE CASCADE)
in SYSTEMPATH\Database\MySQLi\Connection.php on line 311.
 1 SYSTEMPATH\Database\BaseConnection.php(693): CodeIgniter\Database\MySQLi\Connection->execute('DELETE FROM `reservas`
WHERE `id_reserva` = \'99\'')
 2 SYSTEMPATH\Database\BaseConnection.php(607): CodeIgniter\Database\BaseConnection->simpleQuery('DELETE FROM `reservas`
WHERE `id_reserva` = \'99\'')
 3 SYSTEMPATH\Database\BaseBuilder.php(2787): CodeIgniter\Database\BaseConnection->query('DELETE FROM `reservas`
WHERE `id_reserva` = :id_reserva:', [...], false)
 4 APPPATH\Models\reservasModel.php(245): CodeIgniter\Database\BaseBuilder->delete()
 5 APPPATH\Controllers\reservas.php(322): App\Models\reservasModel->borrarReserva('99')
 6 SYSTEMPATH\CodeIgniter.php(941): App\Controllers\reservas->borrarReserva()
 7 SYSTEMPATH\CodeIgniter.php(502): CodeIgniter\CodeIgniter->runController(Object(App\Controllers\reservas))
 8 SYSTEMPATH\CodeIgniter.php(361): CodeIgniter\CodeIgniter->handleRequest(null, Object(Config\Cache), false)
 9 FCPATH\index.php(79): CodeIgniter\CodeIgniter->run()
CRITICAL - 2024-06-12 10:56:00 --> [Caused by] mysqli_sql_exception: Cannot delete or update a parent row: a foreign key constraint fails (`reservalo`.`horas_reserva`, CONSTRAINT `fk_horaReserva_reserva` FOREIGN KEY (`id_reserva`) REFERENCES `reservas` (`id_reserva`) ON DELETE NO ACTION ON UPDATE CASCADE)
in SYSTEMPATH\Database\MySQLi\Connection.php on line 306.
 1 SYSTEMPATH\Database\MySQLi\Connection.php(306): mysqli->query('DELETE FROM `reservas`
WHERE `id_reserva` = \'99\'', 0)
 2 SYSTEMPATH\Database\BaseConnection.php(693): CodeIgniter\Database\MySQLi\Connection->execute('DELETE FROM `reservas`
WHERE `id_reserva` = \'99\'')
 3 SYSTEMPATH\Database\BaseConnection.php(607): CodeIgniter\Database\BaseConnection->simpleQuery('DELETE FROM `reservas`
WHERE `id_reserva` = \'99\'')
 4 SYSTEMPATH\Database\BaseBuilder.php(2787): CodeIgniter\Database\BaseConnection->query('DELETE FROM `reservas`
WHERE `id_reserva` = :id_reserva:', [...], false)
 5 APPPATH\Models\reservasModel.php(245): CodeIgniter\Database\BaseBuilder->delete()
 6 APPPATH\Controllers\reservas.php(322): App\Models\reservasModel->borrarReserva('99')
 7 SYSTEMPATH\CodeIgniter.php(941): App\Controllers\reservas->borrarReserva()
 8 SYSTEMPATH\CodeIgniter.php(502): CodeIgniter\CodeIgniter->runController(Object(App\Controllers\reservas))
 9 SYSTEMPATH\CodeIgniter.php(361): CodeIgniter\CodeIgniter->handleRequest(null, Object(Config\Cache), false)
10 FCPATH\index.php(79): CodeIgniter\CodeIgniter->run()
INFO - 2024-06-12 10:56:08 --> Session: Class initialized using 'CodeIgniter\Session\Handlers\FileHandler' driver.
ERROR - 2024-06-12 10:56:11 --> mysqli_sql_exception: Cannot delete or update a parent row: a foreign key constraint fails (`reservalo`.`horas_reserva`, CONSTRAINT `fk_horaReserva_reserva` FOREIGN KEY (`id_reserva`) REFERENCES `reservas` (`id_reserva`) ON DELETE NO ACTION ON UPDATE CASCADE) in C:\proyectos\reservalo\system\Database\MySQLi\Connection.php:306
Stack trace:
#0 C:\proyectos\reservalo\system\Database\MySQLi\Connection.php(306): mysqli->query('DELETE FROM `re...', 0)
#1 C:\proyectos\reservalo\system\Database\BaseConnection.php(693): CodeIgniter\Database\MySQLi\Connection->execute('DELETE FROM `re...')
#2 C:\proyectos\reservalo\system\Database\BaseConnection.php(607): CodeIgniter\Database\BaseConnection->simpleQuery('DELETE FROM `re...')
#3 C:\proyectos\reservalo\system\Database\BaseBuilder.php(2787): CodeIgniter\Database\BaseConnection->query('DELETE FROM `re...', Array, false)
#4 C:\proyectos\reservalo\app\Models\reservasModel.php(245): CodeIgniter\Database\BaseBuilder->delete()
#5 C:\proyectos\reservalo\app\Controllers\reservas.php(322): App\Models\reservasModel->borrarReserva('99')
#6 C:\proyectos\reservalo\system\CodeIgniter.php(941): App\Controllers\reservas->borrarReserva()
#7 C:\proyectos\reservalo\system\CodeIgniter.php(502): CodeIgniter\CodeIgniter->runController(Object(App\Controllers\reservas))
#8 C:\proyectos\reservalo\system\CodeIgniter.php(361): CodeIgniter\CodeIgniter->handleRequest(NULL, Object(Config\Cache), false)
#9 C:\proyectos\reservalo\index.php(79): CodeIgniter\CodeIgniter->run()
#10 {main}
CRITICAL - 2024-06-12 10:56:11 --> CodeIgniter\Database\Exceptions\DatabaseException: Cannot delete or update a parent row: a foreign key constraint fails (`reservalo`.`horas_reserva`, CONSTRAINT `fk_horaReserva_reserva` FOREIGN KEY (`id_reserva`) REFERENCES `reservas` (`id_reserva`) ON DELETE NO ACTION ON UPDATE CASCADE)
in SYSTEMPATH\Database\BaseConnection.php on line 647.
 1 SYSTEMPATH\Database\BaseBuilder.php(2787): CodeIgniter\Database\BaseConnection->query('DELETE FROM `reservas`
WHERE `id_reserva` = :id_reserva:', [...], false)
 2 APPPATH\Models\reservasModel.php(245): CodeIgniter\Database\BaseBuilder->delete()
 3 APPPATH\Controllers\reservas.php(322): App\Models\reservasModel->borrarReserva('99')
 4 SYSTEMPATH\CodeIgniter.php(941): App\Controllers\reservas->borrarReserva()
 5 SYSTEMPATH\CodeIgniter.php(502): CodeIgniter\CodeIgniter->runController(Object(App\Controllers\reservas))
 6 SYSTEMPATH\CodeIgniter.php(361): CodeIgniter\CodeIgniter->handleRequest(null, Object(Config\Cache), false)
 7 FCPATH\index.php(79): CodeIgniter\CodeIgniter->run()
CRITICAL - 2024-06-12 10:56:11 --> [Caused by] CodeIgniter\Database\Exceptions\DatabaseException: Cannot delete or update a parent row: a foreign key constraint fails (`reservalo`.`horas_reserva`, CONSTRAINT `fk_horaReserva_reserva` FOREIGN KEY (`id_reserva`) REFERENCES `reservas` (`id_reserva`) ON DELETE NO ACTION ON UPDATE CASCADE)
in SYSTEMPATH\Database\MySQLi\Connection.php on line 311.
 1 SYSTEMPATH\Database\BaseConnection.php(693): CodeIgniter\Database\MySQLi\Connection->execute('DELETE FROM `reservas`
WHERE `id_reserva` = \'99\'')
 2 SYSTEMPATH\Database\BaseConnection.php(607): CodeIgniter\Database\BaseConnection->simpleQuery('DELETE FROM `reservas`
WHERE `id_reserva` = \'99\'')
 3 SYSTEMPATH\Database\BaseBuilder.php(2787): CodeIgniter\Database\BaseConnection->query('DELETE FROM `reservas`
WHERE `id_reserva` = :id_reserva:', [...], false)
 4 APPPATH\Models\reservasModel.php(245): CodeIgniter\Database\BaseBuilder->delete()
 5 APPPATH\Controllers\reservas.php(322): App\Models\reservasModel->borrarReserva('99')
 6 SYSTEMPATH\CodeIgniter.php(941): App\Controllers\reservas->borrarReserva()
 7 SYSTEMPATH\CodeIgniter.php(502): CodeIgniter\CodeIgniter->runController(Object(App\Controllers\reservas))
 8 SYSTEMPATH\CodeIgniter.php(361): CodeIgniter\CodeIgniter->handleRequest(null, Object(Config\Cache), false)
 9 FCPATH\index.php(79): CodeIgniter\CodeIgniter->run()
CRITICAL - 2024-06-12 10:56:11 --> [Caused by] mysqli_sql_exception: Cannot delete or update a parent row: a foreign key constraint fails (`reservalo`.`horas_reserva`, CONSTRAINT `fk_horaReserva_reserva` FOREIGN KEY (`id_reserva`) REFERENCES `reservas` (`id_reserva`) ON DELETE NO ACTION ON UPDATE CASCADE)
in SYSTEMPATH\Database\MySQLi\Connection.php on line 306.
 1 SYSTEMPATH\Database\MySQLi\Connection.php(306): mysqli->query('DELETE FROM `reservas`
WHERE `id_reserva` = \'99\'', 0)
 2 SYSTEMPATH\Database\BaseConnection.php(693): CodeIgniter\Database\MySQLi\Connection->execute('DELETE FROM `reservas`
WHERE `id_reserva` = \'99\'')
 3 SYSTEMPATH\Database\BaseConnection.php(607): CodeIgniter\Database\BaseConnection->simpleQuery('DELETE FROM `reservas`
WHERE `id_reserva` = \'99\'')
 4 SYSTEMPATH\Database\BaseBuilder.php(2787): CodeIgniter\Database\BaseConnection->query('DELETE FROM `reservas`
WHERE `id_reserva` = :id_reserva:', [...], false)
 5 APPPATH\Models\reservasModel.php(245): CodeIgniter\Database\BaseBuilder->delete()
 6 APPPATH\Controllers\reservas.php(322): App\Models\reservasModel->borrarReserva('99')
 7 SYSTEMPATH\CodeIgniter.php(941): App\Controllers\reservas->borrarReserva()
 8 SYSTEMPATH\CodeIgniter.php(502): CodeIgniter\CodeIgniter->runController(Object(App\Controllers\reservas))
 9 SYSTEMPATH\CodeIgniter.php(361): CodeIgniter\CodeIgniter->handleRequest(null, Object(Config\Cache), false)
10 FCPATH\index.php(79): CodeIgniter\CodeIgniter->run()
INFO - 2024-06-12 10:57:12 --> Session: Class initialized using 'CodeIgniter\Session\Handlers\FileHandler' driver.
INFO - 2024-06-12 10:57:54 --> Session: Class initialized using 'CodeIgniter\Session\Handlers\FileHandler' driver.
INFO - 2024-06-12 10:57:55 --> Session: Class initialized using 'CodeIgniter\Session\Handlers\FileHandler' driver.
INFO - 2024-06-12 10:57:58 --> Session: Class initialized using 'CodeIgniter\Session\Handlers\FileHandler' driver.
INFO - 2024-06-12 10:58:01 --> Session: Class initialized using 'CodeIgniter\Session\Handlers\FileHandler' driver.
INFO - 2024-06-12 10:58:13 --> Session: Class initialized using 'CodeIgniter\Session\Handlers\FileHandler' driver.
INFO - 2024-06-12 10:58:21 --> Session: Class initialized using 'CodeIgniter\Session\Handlers\FileHandler' driver.
INFO - 2024-06-12 10:58:30 --> Session: Class initialized using 'CodeIgniter\Session\Handlers\FileHandler' driver.
INFO - 2024-06-12 10:58:35 --> Session: Class initialized using 'CodeIgniter\Session\Handlers\FileHandler' driver.
INFO - 2024-06-12 10:58:38 --> Session: Class initialized using 'CodeIgniter\Session\Handlers\FileHandler' driver.
INFO - 2024-06-12 10:58:39 --> Session: Class initialized using 'CodeIgniter\Session\Handlers\FileHandler' driver.
INFO - 2024-06-12 10:58:57 --> Session: Class initialized using 'CodeIgniter\Session\Handlers\FileHandler' driver.
INFO - 2024-06-12 10:59:06 --> Session: Class initialized using 'CodeIgniter\Session\Handlers\FileHandler' driver.
INFO - 2024-06-12 10:59:24 --> Session: Class initialized using 'CodeIgniter\Session\Handlers\FileHandler' driver.
INFO - 2024-06-12 10:59:27 --> Session: Class initialized using 'CodeIgniter\Session\Handlers\FileHandler' driver.
INFO - 2024-06-12 10:59:42 --> Session: Class initialized using 'CodeIgniter\Session\Handlers\FileHandler' driver.
INFO - 2024-06-12 11:00:39 --> Session: Class initialized using 'CodeIgniter\Session\Handlers\FileHandler' driver.
INFO - 2024-06-12 11:02:30 --> Session: Class initialized using 'CodeIgniter\Session\Handlers\FileHandler' driver.
INFO - 2024-06-12 11:02:32 --> Session: Class initialized using 'CodeIgniter\Session\Handlers\FileHandler' driver.
INFO - 2024-06-12 11:02:41 --> Session: Class initialized using 'CodeIgniter\Session\Handlers\FileHandler' driver.
INFO - 2024-06-12 11:02:44 --> Session: Class initialized using 'CodeIgniter\Session\Handlers\FileHandler' driver.
INFO - 2024-06-12 11:02:56 --> Session: Class initialized using 'CodeIgniter\Session\Handlers\FileHandler' driver.
INFO - 2024-06-12 11:03:01 --> Session: Class initialized using 'CodeIgniter\Session\Handlers\FileHandler' driver.
INFO - 2024-06-12 11:03:02 --> Session: Class initialized using 'CodeIgniter\Session\Handlers\FileHandler' driver.
INFO - 2024-06-12 11:03:05 --> Session: Class initialized using 'CodeIgniter\Session\Handlers\FileHandler' driver.
INFO - 2024-06-12 11:03:25 --> Session: Class initialized using 'CodeIgniter\Session\Handlers\FileHandler' driver.
INFO - 2024-06-12 11:03:35 --> Session: Class initialized using 'CodeIgniter\Session\Handlers\FileHandler' driver.
INFO - 2024-06-12 11:03:37 --> Session: Class initialized using 'CodeIgniter\Session\Handlers\FileHandler' driver.
INFO - 2024-06-12 11:03:37 --> Session: Class initialized using 'CodeIgniter\Session\Handlers\FileHandler' driver.
INFO - 2024-06-12 11:03:57 --> Session: Class initialized using 'CodeIgniter\Session\Handlers\FileHandler' driver.
INFO - 2024-06-12 11:04:03 --> Session: Class initialized using 'CodeIgniter\Session\Handlers\FileHandler' driver.
INFO - 2024-06-12 11:04:42 --> Session: Class initialized using 'CodeIgniter\Session\Handlers\FileHandler' driver.
INFO - 2024-06-12 11:04:48 --> Session: Class initialized using 'CodeIgniter\Session\Handlers\FileHandler' driver.
ERROR - 2024-06-12 11:04:52 --> mysqli_sql_exception: Cannot delete or update a parent row: a foreign key constraint fails (`reservalo`.`horas_reserva`, CONSTRAINT `fk_horaReserva_reserva` FOREIGN KEY (`id_reserva`) REFERENCES `reservas` (`id_reserva`) ON DELETE NO ACTION ON UPDATE CASCADE) in C:\proyectos\reservalo\system\Database\MySQLi\Connection.php:306
Stack trace:
#0 C:\proyectos\reservalo\system\Database\MySQLi\Connection.php(306): mysqli->query('DELETE FROM `re...', 0)
#1 C:\proyectos\reservalo\system\Database\BaseConnection.php(693): CodeIgniter\Database\MySQLi\Connection->execute('DELETE FROM `re...')
#2 C:\proyectos\reservalo\system\Database\BaseConnection.php(607): CodeIgniter\Database\BaseConnection->simpleQuery('DELETE FROM `re...')
#3 C:\proyectos\reservalo\system\Database\BaseBuilder.php(2787): CodeIgniter\Database\BaseConnection->query('DELETE FROM `re...', Array, false)
#4 C:\proyectos\reservalo\app\Models\reservasModel.php(245): CodeIgniter\Database\BaseBuilder->delete()
#5 C:\proyectos\reservalo\app\Controllers\reservas.php(322): App\Models\reservasModel->borrarReserva('103')
#6 C:\proyectos\reservalo\system\CodeIgniter.php(941): App\Controllers\reservas->borrarReserva()
#7 C:\proyectos\reservalo\system\CodeIgniter.php(502): CodeIgniter\CodeIgniter->runController(Object(App\Controllers\reservas))
#8 C:\proyectos\reservalo\system\CodeIgniter.php(361): CodeIgniter\CodeIgniter->handleRequest(NULL, Object(Config\Cache), false)
#9 C:\proyectos\reservalo\index.php(79): CodeIgniter\CodeIgniter->run()
#10 {main}
CRITICAL - 2024-06-12 11:04:52 --> CodeIgniter\Database\Exceptions\DatabaseException: Cannot delete or update a parent row: a foreign key constraint fails (`reservalo`.`horas_reserva`, CONSTRAINT `fk_horaReserva_reserva` FOREIGN KEY (`id_reserva`) REFERENCES `reservas` (`id_reserva`) ON DELETE NO ACTION ON UPDATE CASCADE)
in SYSTEMPATH\Database\BaseConnection.php on line 647.
 1 SYSTEMPATH\Database\BaseBuilder.php(2787): CodeIgniter\Database\BaseConnection->query('DELETE FROM `reservas`
WHERE `id_reserva` = :id_reserva:', [...], false)
 2 APPPATH\Models\reservasModel.php(245): CodeIgniter\Database\BaseBuilder->delete()
 3 APPPATH\Controllers\reservas.php(322): App\Models\reservasModel->borrarReserva('103')
 4 SYSTEMPATH\CodeIgniter.php(941): App\Controllers\reservas->borrarReserva()
 5 SYSTEMPATH\CodeIgniter.php(502): CodeIgniter\CodeIgniter->runController(Object(App\Controllers\reservas))
 6 SYSTEMPATH\CodeIgniter.php(361): CodeIgniter\CodeIgniter->handleRequest(null, Object(Config\Cache), false)
 7 FCPATH\index.php(79): CodeIgniter\CodeIgniter->run()
CRITICAL - 2024-06-12 11:04:52 --> [Caused by] CodeIgniter\Database\Exceptions\DatabaseException: Cannot delete or update a parent row: a foreign key constraint fails (`reservalo`.`horas_reserva`, CONSTRAINT `fk_horaReserva_reserva` FOREIGN KEY (`id_reserva`) REFERENCES `reservas` (`id_reserva`) ON DELETE NO ACTION ON UPDATE CASCADE)
in SYSTEMPATH\Database\MySQLi\Connection.php on line 311.
 1 SYSTEMPATH\Database\BaseConnection.php(693): CodeIgniter\Database\MySQLi\Connection->execute('DELETE FROM `reservas`
WHERE `id_reserva` = \'103\'')
 2 SYSTEMPATH\Database\BaseConnection.php(607): CodeIgniter\Database\BaseConnection->simpleQuery('DELETE FROM `reservas`
WHERE `id_reserva` = \'103\'')
 3 SYSTEMPATH\Database\BaseBuilder.php(2787): CodeIgniter\Database\BaseConnection->query('DELETE FROM `reservas`
WHERE `id_reserva` = :id_reserva:', [...], false)
 4 APPPATH\Models\reservasModel.php(245): CodeIgniter\Database\BaseBuilder->delete()
 5 APPPATH\Controllers\reservas.php(322): App\Models\reservasModel->borrarReserva('103')
 6 SYSTEMPATH\CodeIgniter.php(941): App\Controllers\reservas->borrarReserva()
 7 SYSTEMPATH\CodeIgniter.php(502): CodeIgniter\CodeIgniter->runController(Object(App\Controllers\reservas))
 8 SYSTEMPATH\CodeIgniter.php(361): CodeIgniter\CodeIgniter->handleRequest(null, Object(Config\Cache), false)
 9 FCPATH\index.php(79): CodeIgniter\CodeIgniter->run()
CRITICAL - 2024-06-12 11:04:52 --> [Caused by] mysqli_sql_exception: Cannot delete or update a parent row: a foreign key constraint fails (`reservalo`.`horas_reserva`, CONSTRAINT `fk_horaReserva_reserva` FOREIGN KEY (`id_reserva`) REFERENCES `reservas` (`id_reserva`) ON DELETE NO ACTION ON UPDATE CASCADE)
in SYSTEMPATH\Database\MySQLi\Connection.php on line 306.
 1 SYSTEMPATH\Database\MySQLi\Connection.php(306): mysqli->query('DELETE FROM `reservas`
WHERE `id_reserva` = \'103\'', 0)
 2 SYSTEMPATH\Database\BaseConnection.php(693): CodeIgniter\Database\MySQLi\Connection->execute('DELETE FROM `reservas`
WHERE `id_reserva` = \'103\'')
 3 SYSTEMPATH\Database\BaseConnection.php(607): CodeIgniter\Database\BaseConnection->simpleQuery('DELETE FROM `reservas`
WHERE `id_reserva` = \'103\'')
 4 SYSTEMPATH\Database\BaseBuilder.php(2787): CodeIgniter\Database\BaseConnection->query('DELETE FROM `reservas`
WHERE `id_reserva` = :id_reserva:', [...], false)
 5 APPPATH\Models\reservasModel.php(245): CodeIgniter\Database\BaseBuilder->delete()
 6 APPPATH\Controllers\reservas.php(322): App\Models\reservasModel->borrarReserva('103')
 7 SYSTEMPATH\CodeIgniter.php(941): App\Controllers\reservas->borrarReserva()
 8 SYSTEMPATH\CodeIgniter.php(502): CodeIgniter\CodeIgniter->runController(Object(App\Controllers\reservas))
 9 SYSTEMPATH\CodeIgniter.php(361): CodeIgniter\CodeIgniter->handleRequest(null, Object(Config\Cache), false)
10 FCPATH\index.php(79): CodeIgniter\CodeIgniter->run()
INFO - 2024-06-12 11:05:24 --> Session: Class initialized using 'CodeIgniter\Session\Handlers\FileHandler' driver.
INFO - 2024-06-12 11:05:25 --> Session: Class initialized using 'CodeIgniter\Session\Handlers\FileHandler' driver.
INFO - 2024-06-12 11:05:35 --> Session: Class initialized using 'CodeIgniter\Session\Handlers\FileHandler' driver.
INFO - 2024-06-12 11:05:37 --> Session: Class initialized using 'CodeIgniter\Session\Handlers\FileHandler' driver.
INFO - 2024-06-12 11:05:40 --> Session: Class initialized using 'CodeIgniter\Session\Handlers\FileHandler' driver.
INFO - 2024-06-12 11:05:46 --> Session: Class initialized using 'CodeIgniter\Session\Handlers\FileHandler' driver.
INFO - 2024-06-12 11:05:48 --> Session: Class initialized using 'CodeIgniter\Session\Handlers\FileHandler' driver.
INFO - 2024-06-12 11:05:49 --> Session: Class initialized using 'CodeIgniter\Session\Handlers\FileHandler' driver.
INFO - 2024-06-12 11:05:59 --> Session: Class initialized using 'CodeIgniter\Session\Handlers\FileHandler' driver.
INFO - 2024-06-12 11:06:03 --> Session: Class initialized using 'CodeIgniter\Session\Handlers\FileHandler' driver.
INFO - 2024-06-12 11:06:14 --> Session: Class initialized using 'CodeIgniter\Session\Handlers\FileHandler' driver.
INFO - 2024-06-12 11:06:16 --> Session: Class initialized using 'CodeIgniter\Session\Handlers\FileHandler' driver.
INFO - 2024-06-12 11:06:18 --> Session: Class initialized using 'CodeIgniter\Session\Handlers\FileHandler' driver.
INFO - 2024-06-12 11:06:18 --> Session: Class initialized using 'CodeIgniter\Session\Handlers\FileHandler' driver.
INFO - 2024-06-12 11:06:26 --> Session: Class initialized using 'CodeIgniter\Session\Handlers\FileHandler' driver.
INFO - 2024-06-12 11:06:28 --> Session: Class initialized using 'CodeIgniter\Session\Handlers\FileHandler' driver.
INFO - 2024-06-12 11:06:30 --> Session: Class initialized using 'CodeIgniter\Session\Handlers\FileHandler' driver.
INFO - 2024-06-12 11:06:31 --> Session: Class initialized using 'CodeIgniter\Session\Handlers\FileHandler' driver.
INFO - 2024-06-12 11:06:34 --> Session: Class initialized using 'CodeIgniter\Session\Handlers\FileHandler' driver.
INFO - 2024-06-12 11:06:34 --> Session: Class initialized using 'CodeIgniter\Session\Handlers\FileHandler' driver.
INFO - 2024-06-12 11:06:38 --> Session: Class initialized using 'CodeIgniter\Session\Handlers\FileHandler' driver.
INFO - 2024-06-12 11:06:50 --> Session: Class initialized using 'CodeIgniter\Session\Handlers\FileHandler' driver.
INFO - 2024-06-12 11:08:51 --> Session: Class initialized using 'CodeIgniter\Session\Handlers\FileHandler' driver.
INFO - 2024-06-12 11:08:54 --> Session: Class initialized using 'CodeIgniter\Session\Handlers\FileHandler' driver.
INFO - 2024-06-12 11:11:13 --> Session: Class initialized using 'CodeIgniter\Session\Handlers\FileHandler' driver.
INFO - 2024-06-12 11:11:22 --> Session: Class initialized using 'CodeIgniter\Session\Handlers\FileHandler' driver.
ERROR - 2024-06-12 11:11:22 --> mysqli_sql_exception: Cannot delete or update a parent row: a foreign key constraint fails (`reservalo`.`horas_reserva`, CONSTRAINT `fk_horaReserva_reserva` FOREIGN KEY (`id_reserva`) REFERENCES `reservas` (`id_reserva`) ON DELETE NO ACTION ON UPDATE CASCADE) in C:\proyectos\reservalo\system\Database\MySQLi\Connection.php:306
Stack trace:
#0 C:\proyectos\reservalo\system\Database\MySQLi\Connection.php(306): mysqli->query('DELETE FROM `re...', 0)
#1 C:\proyectos\reservalo\system\Database\BaseConnection.php(693): CodeIgniter\Database\MySQLi\Connection->execute('DELETE FROM `re...')
#2 C:\proyectos\reservalo\system\Database\BaseConnection.php(607): CodeIgniter\Database\BaseConnection->simpleQuery('DELETE FROM `re...')
#3 C:\proyectos\reservalo\system\Database\BaseBuilder.php(2787): CodeIgniter\Database\BaseConnection->query('DELETE FROM `re...', Array, false)
#4 C:\proyectos\reservalo\app\Models\reservasModel.php(245): CodeIgniter\Database\BaseBuilder->delete()
#5 C:\proyectos\reservalo\app\Controllers\reservas.php(322): App\Models\reservasModel->borrarReserva('104')
#6 C:\proyectos\reservalo\system\CodeIgniter.php(941): App\Controllers\reservas->borrarReserva()
#7 C:\proyectos\reservalo\system\CodeIgniter.php(502): CodeIgniter\CodeIgniter->runController(Object(App\Controllers\reservas))
#8 C:\proyectos\reservalo\system\CodeIgniter.php(361): CodeIgniter\CodeIgniter->handleRequest(NULL, Object(Config\Cache), false)
#9 C:\proyectos\reservalo\index.php(79): CodeIgniter\CodeIgniter->run()
#10 {main}
CRITICAL - 2024-06-12 11:11:23 --> CodeIgniter\Database\Exceptions\DatabaseException: Cannot delete or update a parent row: a foreign key constraint fails (`reservalo`.`horas_reserva`, CONSTRAINT `fk_horaReserva_reserva` FOREIGN KEY (`id_reserva`) REFERENCES `reservas` (`id_reserva`) ON DELETE NO ACTION ON UPDATE CASCADE)
in SYSTEMPATH\Database\BaseConnection.php on line 647.
 1 SYSTEMPATH\Database\BaseBuilder.php(2787): CodeIgniter\Database\BaseConnection->query('DELETE FROM `reservas`
WHERE `id_reserva` = :id_reserva:', [...], false)
 2 APPPATH\Models\reservasModel.php(245): CodeIgniter\Database\BaseBuilder->delete()
 3 APPPATH\Controllers\reservas.php(322): App\Models\reservasModel->borrarReserva('104')
 4 SYSTEMPATH\CodeIgniter.php(941): App\Controllers\reservas->borrarReserva()
 5 SYSTEMPATH\CodeIgniter.php(502): CodeIgniter\CodeIgniter->runController(Object(App\Controllers\reservas))
 6 SYSTEMPATH\CodeIgniter.php(361): CodeIgniter\CodeIgniter->handleRequest(null, Object(Config\Cache), false)
 7 FCPATH\index.php(79): CodeIgniter\CodeIgniter->run()
CRITICAL - 2024-06-12 11:11:23 --> [Caused by] CodeIgniter\Database\Exceptions\DatabaseException: Cannot delete or update a parent row: a foreign key constraint fails (`reservalo`.`horas_reserva`, CONSTRAINT `fk_horaReserva_reserva` FOREIGN KEY (`id_reserva`) REFERENCES `reservas` (`id_reserva`) ON DELETE NO ACTION ON UPDATE CASCADE)
in SYSTEMPATH\Database\MySQLi\Connection.php on line 311.
 1 SYSTEMPATH\Database\BaseConnection.php(693): CodeIgniter\Database\MySQLi\Connection->execute('DELETE FROM `reservas`
WHERE `id_reserva` = \'104\'')
 2 SYSTEMPATH\Database\BaseConnection.php(607): CodeIgniter\Database\BaseConnection->simpleQuery('DELETE FROM `reservas`
WHERE `id_reserva` = \'104\'')
 3 SYSTEMPATH\Database\BaseBuilder.php(2787): CodeIgniter\Database\BaseConnection->query('DELETE FROM `reservas`
WHERE `id_reserva` = :id_reserva:', [...], false)
 4 APPPATH\Models\reservasModel.php(245): CodeIgniter\Database\BaseBuilder->delete()
 5 APPPATH\Controllers\reservas.php(322): App\Models\reservasModel->borrarReserva('104')
 6 SYSTEMPATH\CodeIgniter.php(941): App\Controllers\reservas->borrarReserva()
 7 SYSTEMPATH\CodeIgniter.php(502): CodeIgniter\CodeIgniter->runController(Object(App\Controllers\reservas))
 8 SYSTEMPATH\CodeIgniter.php(361): CodeIgniter\CodeIgniter->handleRequest(null, Object(Config\Cache), false)
 9 FCPATH\index.php(79): CodeIgniter\CodeIgniter->run()
CRITICAL - 2024-06-12 11:11:23 --> [Caused by] mysqli_sql_exception: Cannot delete or update a parent row: a foreign key constraint fails (`reservalo`.`horas_reserva`, CONSTRAINT `fk_horaReserva_reserva` FOREIGN KEY (`id_reserva`) REFERENCES `reservas` (`id_reserva`) ON DELETE NO ACTION ON UPDATE CASCADE)
in SYSTEMPATH\Database\MySQLi\Connection.php on line 306.
 1 SYSTEMPATH\Database\MySQLi\Connection.php(306): mysqli->query('DELETE FROM `reservas`
WHERE `id_reserva` = \'104\'', 0)
 2 SYSTEMPATH\Database\BaseConnection.php(693): CodeIgniter\Database\MySQLi\Connection->execute('DELETE FROM `reservas`
WHERE `id_reserva` = \'104\'')
 3 SYSTEMPATH\Database\BaseConnection.php(607): CodeIgniter\Database\BaseConnection->simpleQuery('DELETE FROM `reservas`
WHERE `id_reserva` = \'104\'')
 4 SYSTEMPATH\Database\BaseBuilder.php(2787): CodeIgniter\Database\BaseConnection->query('DELETE FROM `reservas`
WHERE `id_reserva` = :id_reserva:', [...], false)
 5 APPPATH\Models\reservasModel.php(245): CodeIgniter\Database\BaseBuilder->delete()
 6 APPPATH\Controllers\reservas.php(322): App\Models\reservasModel->borrarReserva('104')
 7 SYSTEMPATH\CodeIgniter.php(941): App\Controllers\reservas->borrarReserva()
 8 SYSTEMPATH\CodeIgniter.php(502): CodeIgniter\CodeIgniter->runController(Object(App\Controllers\reservas))
 9 SYSTEMPATH\CodeIgniter.php(361): CodeIgniter\CodeIgniter->handleRequest(null, Object(Config\Cache), false)
10 FCPATH\index.php(79): CodeIgniter\CodeIgniter->run()
INFO - 2024-06-12 11:11:56 --> Session: Class initialized using 'CodeIgniter\Session\Handlers\FileHandler' driver.
INFO - 2024-06-12 11:12:04 --> Session: Class initialized using 'CodeIgniter\Session\Handlers\FileHandler' driver.
INFO - 2024-06-12 11:15:49 --> Session: Class initialized using 'CodeIgniter\Session\Handlers\FileHandler' driver.
INFO - 2024-06-12 11:15:52 --> Session: Class initialized using 'CodeIgniter\Session\Handlers\FileHandler' driver.
INFO - 2024-06-12 11:15:54 --> Session: Class initialized using 'CodeIgniter\Session\Handlers\FileHandler' driver.
INFO - 2024-06-12 11:16:07 --> Session: Class initialized using 'CodeIgniter\Session\Handlers\FileHandler' driver.
INFO - 2024-06-12 11:17:49 --> Session: Class initialized using 'CodeIgniter\Session\Handlers\FileHandler' driver.
INFO - 2024-06-12 11:18:00 --> Session: Class initialized using 'CodeIgniter\Session\Handlers\FileHandler' driver.
INFO - 2024-06-12 11:18:21 --> Session: Class initialized using 'CodeIgniter\Session\Handlers\FileHandler' driver.
INFO - 2024-06-12 11:18:26 --> Session: Class initialized using 'CodeIgniter\Session\Handlers\FileHandler' driver.
INFO - 2024-06-12 11:24:28 --> Session: Class initialized using 'CodeIgniter\Session\Handlers\FileHandler' driver.
INFO - 2024-06-12 11:24:28 --> Session: Class initialized using 'CodeIgniter\Session\Handlers\FileHandler' driver.
INFO - 2024-06-12 11:25:41 --> Session: Class initialized using 'CodeIgniter\Session\Handlers\FileHandler' driver.
INFO - 2024-06-12 11:25:43 --> Session: Class initialized using 'CodeIgniter\Session\Handlers\FileHandler' driver.
INFO - 2024-06-12 11:25:48 --> Session: Class initialized using 'CodeIgniter\Session\Handlers\FileHandler' driver.
INFO - 2024-06-12 11:25:50 --> Session: Class initialized using 'CodeIgniter\Session\Handlers\FileHandler' driver.
INFO - 2024-06-12 11:25:52 --> Session: Class initialized using 'CodeIgniter\Session\Handlers\FileHandler' driver.
INFO - 2024-06-12 11:25:57 --> Session: Class initialized using 'CodeIgniter\Session\Handlers\FileHandler' driver.
INFO - 2024-06-12 11:26:09 --> Session: Class initialized using 'CodeIgniter\Session\Handlers\FileHandler' driver.
INFO - 2024-06-12 11:32:21 --> Session: Class initialized using 'CodeIgniter\Session\Handlers\FileHandler' driver.
