INFO - 2024-06-05 06:44:01 --> Session: Class initialized using 'CodeIgniter\Session\Handlers\FileHandler' driver.
INFO - 2024-06-05 06:47:07 --> Session: Class initialized using 'CodeIgniter\Session\Handlers\FileHandler' driver.
INFO - 2024-06-05 06:47:09 --> Session: Class initialized using 'CodeIgniter\Session\Handlers\FileHandler' driver.
INFO - 2024-06-05 06:47:10 --> Session: Class initialized using 'CodeIgniter\Session\Handlers\FileHandler' driver.
INFO - 2024-06-05 06:47:41 --> Session: Class initialized using 'CodeIgniter\Session\Handlers\FileHandler' driver.
INFO - 2024-06-05 06:48:42 --> Session: Class initialized using 'CodeIgniter\Session\Handlers\FileHandler' driver.
INFO - 2024-06-05 06:48:49 --> Session: Class initialized using 'CodeIgniter\Session\Handlers\FileHandler' driver.
INFO - 2024-06-05 06:48:55 --> Session: Class initialized using 'CodeIgniter\Session\Handlers\FileHandler' driver.
ERROR - 2024-06-05 06:48:55 --> mysqli_sql_exception: Unknown column 'id_instalacion' in 'where clause' in C:\proyectos\reservalo\system\Database\MySQLi\Connection.php:306
Stack trace:
#0 C:\proyectos\reservalo\system\Database\MySQLi\Connection.php(306): mysqli->query('SELECT `comenta...', 0)
#1 C:\proyectos\reservalo\system\Database\BaseConnection.php(693): CodeIgniter\Database\MySQLi\Connection->execute('SELECT `comenta...')
#2 C:\proyectos\reservalo\system\Database\BaseConnection.php(607): CodeIgniter\Database\BaseConnection->simpleQuery('SELECT `comenta...')
#3 C:\proyectos\reservalo\system\Database\BaseBuilder.php(1616): CodeIgniter\Database\BaseConnection->query('SELECT `comenta...', Array, false)
#4 C:\proyectos\reservalo\app\Models\comentariosModel.php(54): CodeIgniter\Database\BaseBuilder->get()
#5 C:\proyectos\reservalo\app\Controllers\instalaciones.php(200): App\Models\comentariosModel->getInfoComentarios(1)
#6 C:\proyectos\reservalo\system\CodeIgniter.php(941): App\Controllers\instalaciones->mostrarInstalacion(1)
#7 C:\proyectos\reservalo\system\CodeIgniter.php(502): CodeIgniter\CodeIgniter->runController(Object(App\Controllers\instalaciones))
#8 C:\proyectos\reservalo\system\CodeIgniter.php(361): CodeIgniter\CodeIgniter->handleRequest(NULL, Object(Config\Cache), false)
#9 C:\proyectos\reservalo\index.php(79): CodeIgniter\CodeIgniter->run()
#10 {main}
CRITICAL - 2024-06-05 06:48:55 --> CodeIgniter\Database\Exceptions\DatabaseException: Unknown column 'id_instalacion' in 'where clause'
in SYSTEMPATH\Database\BaseConnection.php on line 647.
 1 SYSTEMPATH\Database\BaseBuilder.php(1616): CodeIgniter\Database\BaseConnection->query('SELECT `comentarios`.*, `usuarios`.`nombre`
FROM `comentarios`
JOIN `usuarios` ON `comentarios`.`id_usuario` = `usuarios`.`id_usuario`
WHERE `id_instalacion` = :id_instalacion:', [...], false)
 2 APPPATH\Models\comentariosModel.php(54): CodeIgniter\Database\BaseBuilder->get()
 3 APPPATH\Controllers\instalaciones.php(200): App\Models\comentariosModel->getInfoComentarios(1)
 4 SYSTEMPATH\CodeIgniter.php(941): App\Controllers\instalaciones->mostrarInstalacion(1)
 5 SYSTEMPATH\CodeIgniter.php(502): CodeIgniter\CodeIgniter->runController(Object(App\Controllers\instalaciones))
 6 SYSTEMPATH\CodeIgniter.php(361): CodeIgniter\CodeIgniter->handleRequest(null, Object(Config\Cache), false)
 7 FCPATH\index.php(79): CodeIgniter\CodeIgniter->run()
CRITICAL - 2024-06-05 06:48:55 --> [Caused by] CodeIgniter\Database\Exceptions\DatabaseException: Unknown column 'id_instalacion' in 'where clause'
in SYSTEMPATH\Database\MySQLi\Connection.php on line 311.
 1 SYSTEMPATH\Database\BaseConnection.php(693): CodeIgniter\Database\MySQLi\Connection->execute('SELECT `comentarios`.*, `usuarios`.`nombre`
FROM `comentarios`
JOIN `usuarios` ON `comentarios`.`id_usuario` = `usuarios`.`id_usuario`
WHERE `id_instalacion` = 1')
 2 SYSTEMPATH\Database\BaseConnection.php(607): CodeIgniter\Database\BaseConnection->simpleQuery('SELECT `comentarios`.*, `usuarios`.`nombre`
FROM `comentarios`
JOIN `usuarios` ON `comentarios`.`id_usuario` = `usuarios`.`id_usuario`
WHERE `id_instalacion` = 1')
 3 SYSTEMPATH\Database\BaseBuilder.php(1616): CodeIgniter\Database\BaseConnection->query('SELECT `comentarios`.*, `usuarios`.`nombre`
FROM `comentarios`
JOIN `usuarios` ON `comentarios`.`id_usuario` = `usuarios`.`id_usuario`
WHERE `id_instalacion` = :id_instalacion:', [...], false)
 4 APPPATH\Models\comentariosModel.php(54): CodeIgniter\Database\BaseBuilder->get()
 5 APPPATH\Controllers\instalaciones.php(200): App\Models\comentariosModel->getInfoComentarios(1)
 6 SYSTEMPATH\CodeIgniter.php(941): App\Controllers\instalaciones->mostrarInstalacion(1)
 7 SYSTEMPATH\CodeIgniter.php(502): CodeIgniter\CodeIgniter->runController(Object(App\Controllers\instalaciones))
 8 SYSTEMPATH\CodeIgniter.php(361): CodeIgniter\CodeIgniter->handleRequest(null, Object(Config\Cache), false)
 9 FCPATH\index.php(79): CodeIgniter\CodeIgniter->run()
CRITICAL - 2024-06-05 06:48:55 --> [Caused by] mysqli_sql_exception: Unknown column 'id_instalacion' in 'where clause'
in SYSTEMPATH\Database\MySQLi\Connection.php on line 306.
 1 SYSTEMPATH\Database\MySQLi\Connection.php(306): mysqli->query('SELECT `comentarios`.*, `usuarios`.`nombre`
FROM `comentarios`
JOIN `usuarios` ON `comentarios`.`id_usuario` = `usuarios`.`id_usuario`
WHERE `id_instalacion` = 1', 0)
 2 SYSTEMPATH\Database\BaseConnection.php(693): CodeIgniter\Database\MySQLi\Connection->execute('SELECT `comentarios`.*, `usuarios`.`nombre`
FROM `comentarios`
JOIN `usuarios` ON `comentarios`.`id_usuario` = `usuarios`.`id_usuario`
WHERE `id_instalacion` = 1')
 3 SYSTEMPATH\Database\BaseConnection.php(607): CodeIgniter\Database\BaseConnection->simpleQuery('SELECT `comentarios`.*, `usuarios`.`nombre`
FROM `comentarios`
JOIN `usuarios` ON `comentarios`.`id_usuario` = `usuarios`.`id_usuario`
WHERE `id_instalacion` = 1')
 4 SYSTEMPATH\Database\BaseBuilder.php(1616): CodeIgniter\Database\BaseConnection->query('SELECT `comentarios`.*, `usuarios`.`nombre`
FROM `comentarios`
JOIN `usuarios` ON `comentarios`.`id_usuario` = `usuarios`.`id_usuario`
WHERE `id_instalacion` = :id_instalacion:', [...], false)
 5 APPPATH\Models\comentariosModel.php(54): CodeIgniter\Database\BaseBuilder->get()
 6 APPPATH\Controllers\instalaciones.php(200): App\Models\comentariosModel->getInfoComentarios(1)
 7 SYSTEMPATH\CodeIgniter.php(941): App\Controllers\instalaciones->mostrarInstalacion(1)
 8 SYSTEMPATH\CodeIgniter.php(502): CodeIgniter\CodeIgniter->runController(Object(App\Controllers\instalaciones))
 9 SYSTEMPATH\CodeIgniter.php(361): CodeIgniter\CodeIgniter->handleRequest(null, Object(Config\Cache), false)
10 FCPATH\index.php(79): CodeIgniter\CodeIgniter->run()
INFO - 2024-06-05 06:49:44 --> Session: Class initialized using 'CodeIgniter\Session\Handlers\FileHandler' driver.
INFO - 2024-06-05 06:49:50 --> Session: Class initialized using 'CodeIgniter\Session\Handlers\FileHandler' driver.
ERROR - 2024-06-05 06:49:50 --> mysqli_sql_exception: Unknown column 'id_instalacion' in 'where clause' in C:\proyectos\reservalo\system\Database\MySQLi\Connection.php:306
Stack trace:
#0 C:\proyectos\reservalo\system\Database\MySQLi\Connection.php(306): mysqli->query('SELECT `comenta...', 0)
#1 C:\proyectos\reservalo\system\Database\BaseConnection.php(693): CodeIgniter\Database\MySQLi\Connection->execute('SELECT `comenta...')
#2 C:\proyectos\reservalo\system\Database\BaseConnection.php(607): CodeIgniter\Database\BaseConnection->simpleQuery('SELECT `comenta...')
#3 C:\proyectos\reservalo\system\Database\BaseBuilder.php(1616): CodeIgniter\Database\BaseConnection->query('SELECT `comenta...', Array, false)
#4 C:\proyectos\reservalo\app\Models\comentariosModel.php(54): CodeIgniter\Database\BaseBuilder->get()
#5 C:\proyectos\reservalo\app\Controllers\instalaciones.php(200): App\Models\comentariosModel->getInfoComentarios(1)
#6 C:\proyectos\reservalo\system\CodeIgniter.php(941): App\Controllers\instalaciones->mostrarInstalacion(1)
#7 C:\proyectos\reservalo\system\CodeIgniter.php(502): CodeIgniter\CodeIgniter->runController(Object(App\Controllers\instalaciones))
#8 C:\proyectos\reservalo\system\CodeIgniter.php(361): CodeIgniter\CodeIgniter->handleRequest(NULL, Object(Config\Cache), false)
#9 C:\proyectos\reservalo\index.php(79): CodeIgniter\CodeIgniter->run()
#10 {main}
CRITICAL - 2024-06-05 06:49:51 --> CodeIgniter\Database\Exceptions\DatabaseException: Unknown column 'id_instalacion' in 'where clause'
in SYSTEMPATH\Database\BaseConnection.php on line 647.
 1 SYSTEMPATH\Database\BaseBuilder.php(1616): CodeIgniter\Database\BaseConnection->query('SELECT `comentarios`.*, `usuarios`.`nombre`
FROM `comentarios`
JOIN `usuarios` ON `comentarios`.`id_usuario` = `usuarios`.`id_usuario`
WHERE `id_instalacion` = :id_instalacion:', [...], false)
 2 APPPATH\Models\comentariosModel.php(54): CodeIgniter\Database\BaseBuilder->get()
 3 APPPATH\Controllers\instalaciones.php(200): App\Models\comentariosModel->getInfoComentarios(1)
 4 SYSTEMPATH\CodeIgniter.php(941): App\Controllers\instalaciones->mostrarInstalacion(1)
 5 SYSTEMPATH\CodeIgniter.php(502): CodeIgniter\CodeIgniter->runController(Object(App\Controllers\instalaciones))
 6 SYSTEMPATH\CodeIgniter.php(361): CodeIgniter\CodeIgniter->handleRequest(null, Object(Config\Cache), false)
 7 FCPATH\index.php(79): CodeIgniter\CodeIgniter->run()
CRITICAL - 2024-06-05 06:49:51 --> [Caused by] CodeIgniter\Database\Exceptions\DatabaseException: Unknown column 'id_instalacion' in 'where clause'
in SYSTEMPATH\Database\MySQLi\Connection.php on line 311.
 1 SYSTEMPATH\Database\BaseConnection.php(693): CodeIgniter\Database\MySQLi\Connection->execute('SELECT `comentarios`.*, `usuarios`.`nombre`
FROM `comentarios`
JOIN `usuarios` ON `comentarios`.`id_usuario` = `usuarios`.`id_usuario`
WHERE `id_instalacion` = 1')
 2 SYSTEMPATH\Database\BaseConnection.php(607): CodeIgniter\Database\BaseConnection->simpleQuery('SELECT `comentarios`.*, `usuarios`.`nombre`
FROM `comentarios`
JOIN `usuarios` ON `comentarios`.`id_usuario` = `usuarios`.`id_usuario`
WHERE `id_instalacion` = 1')
 3 SYSTEMPATH\Database\BaseBuilder.php(1616): CodeIgniter\Database\BaseConnection->query('SELECT `comentarios`.*, `usuarios`.`nombre`
FROM `comentarios`
JOIN `usuarios` ON `comentarios`.`id_usuario` = `usuarios`.`id_usuario`
WHERE `id_instalacion` = :id_instalacion:', [...], false)
 4 APPPATH\Models\comentariosModel.php(54): CodeIgniter\Database\BaseBuilder->get()
 5 APPPATH\Controllers\instalaciones.php(200): App\Models\comentariosModel->getInfoComentarios(1)
 6 SYSTEMPATH\CodeIgniter.php(941): App\Controllers\instalaciones->mostrarInstalacion(1)
 7 SYSTEMPATH\CodeIgniter.php(502): CodeIgniter\CodeIgniter->runController(Object(App\Controllers\instalaciones))
 8 SYSTEMPATH\CodeIgniter.php(361): CodeIgniter\CodeIgniter->handleRequest(null, Object(Config\Cache), false)
 9 FCPATH\index.php(79): CodeIgniter\CodeIgniter->run()
CRITICAL - 2024-06-05 06:49:51 --> [Caused by] mysqli_sql_exception: Unknown column 'id_instalacion' in 'where clause'
in SYSTEMPATH\Database\MySQLi\Connection.php on line 306.
 1 SYSTEMPATH\Database\MySQLi\Connection.php(306): mysqli->query('SELECT `comentarios`.*, `usuarios`.`nombre`
FROM `comentarios`
JOIN `usuarios` ON `comentarios`.`id_usuario` = `usuarios`.`id_usuario`
WHERE `id_instalacion` = 1', 0)
 2 SYSTEMPATH\Database\BaseConnection.php(693): CodeIgniter\Database\MySQLi\Connection->execute('SELECT `comentarios`.*, `usuarios`.`nombre`
FROM `comentarios`
JOIN `usuarios` ON `comentarios`.`id_usuario` = `usuarios`.`id_usuario`
WHERE `id_instalacion` = 1')
 3 SYSTEMPATH\Database\BaseConnection.php(607): CodeIgniter\Database\BaseConnection->simpleQuery('SELECT `comentarios`.*, `usuarios`.`nombre`
FROM `comentarios`
JOIN `usuarios` ON `comentarios`.`id_usuario` = `usuarios`.`id_usuario`
WHERE `id_instalacion` = 1')
 4 SYSTEMPATH\Database\BaseBuilder.php(1616): CodeIgniter\Database\BaseConnection->query('SELECT `comentarios`.*, `usuarios`.`nombre`
FROM `comentarios`
JOIN `usuarios` ON `comentarios`.`id_usuario` = `usuarios`.`id_usuario`
WHERE `id_instalacion` = :id_instalacion:', [...], false)
 5 APPPATH\Models\comentariosModel.php(54): CodeIgniter\Database\BaseBuilder->get()
 6 APPPATH\Controllers\instalaciones.php(200): App\Models\comentariosModel->getInfoComentarios(1)
 7 SYSTEMPATH\CodeIgniter.php(941): App\Controllers\instalaciones->mostrarInstalacion(1)
 8 SYSTEMPATH\CodeIgniter.php(502): CodeIgniter\CodeIgniter->runController(Object(App\Controllers\instalaciones))
 9 SYSTEMPATH\CodeIgniter.php(361): CodeIgniter\CodeIgniter->handleRequest(null, Object(Config\Cache), false)
10 FCPATH\index.php(79): CodeIgniter\CodeIgniter->run()
INFO - 2024-06-05 06:49:54 --> Session: Class initialized using 'CodeIgniter\Session\Handlers\FileHandler' driver.
INFO - 2024-06-05 07:11:05 --> Session: Class initialized using 'CodeIgniter\Session\Handlers\FileHandler' driver.
INFO - 2024-06-05 07:11:10 --> Session: Class initialized using 'CodeIgniter\Session\Handlers\FileHandler' driver.
INFO - 2024-06-05 07:12:35 --> Session: Class initialized using 'CodeIgniter\Session\Handlers\FileHandler' driver.
INFO - 2024-06-05 07:12:48 --> Session: Class initialized using 'CodeIgniter\Session\Handlers\FileHandler' driver.
INFO - 2024-06-05 07:12:48 --> Session: Class initialized using 'CodeIgniter\Session\Handlers\FileHandler' driver.
INFO - 2024-06-05 07:12:48 --> Session: Class initialized using 'CodeIgniter\Session\Handlers\FileHandler' driver.
INFO - 2024-06-05 07:13:03 --> Session: Class initialized using 'CodeIgniter\Session\Handlers\FileHandler' driver.
INFO - 2024-06-05 07:13:09 --> Session: Class initialized using 'CodeIgniter\Session\Handlers\FileHandler' driver.
INFO - 2024-06-05 07:13:12 --> Session: Class initialized using 'CodeIgniter\Session\Handlers\FileHandler' driver.
ERROR - 2024-06-05 07:13:38 --> mysqli_sql_exception: Unknown column 'id_instalacion' in 'where clause' in C:\proyectos\reservalo\system\Database\MySQLi\Connection.php:306
Stack trace:
#0 C:\proyectos\reservalo\system\Database\MySQLi\Connection.php(306): mysqli->query('SELECT `comenta...', 0)
#1 C:\proyectos\reservalo\system\Database\BaseConnection.php(693): CodeIgniter\Database\MySQLi\Connection->execute('SELECT `comenta...')
#2 C:\proyectos\reservalo\system\Database\BaseConnection.php(607): CodeIgniter\Database\BaseConnection->simpleQuery('SELECT `comenta...')
#3 C:\proyectos\reservalo\system\Database\BaseBuilder.php(1616): CodeIgniter\Database\BaseConnection->query('SELECT `comenta...', Array, false)
#4 C:\proyectos\reservalo\app\Models\comentariosModel.php(54): CodeIgniter\Database\BaseBuilder->get()
#5 C:\proyectos\reservalo\app\Controllers\instalaciones.php(200): App\Models\comentariosModel->getInfoComentarios(1)
#6 C:\proyectos\reservalo\system\CodeIgniter.php(941): App\Controllers\instalaciones->mostrarInstalacion(1)
#7 C:\proyectos\reservalo\system\CodeIgniter.php(502): CodeIgniter\CodeIgniter->runController(Object(App\Controllers\instalaciones))
#8 C:\proyectos\reservalo\system\CodeIgniter.php(361): CodeIgniter\CodeIgniter->handleRequest(NULL, Object(Config\Cache), false)
#9 C:\proyectos\reservalo\index.php(79): CodeIgniter\CodeIgniter->run()
#10 {main}
CRITICAL - 2024-06-05 07:14:25 --> CodeIgniter\Database\Exceptions\DatabaseException: Unknown column 'id_instalacion' in 'where clause'
in SYSTEMPATH\Database\BaseConnection.php on line 647.
 1 SYSTEMPATH\Database\BaseBuilder.php(1616): CodeIgniter\Database\BaseConnection->query('SELECT `comentarios`.*, `usuarios`.`nombre`
FROM `comentarios`
JOIN `usuarios` ON `comentarios`.`id_usuario` = `usuarios`.`id_usuario`
WHERE `id_instalacion` = :id_instalacion:', [...], false)
 2 APPPATH\Models\comentariosModel.php(54): CodeIgniter\Database\BaseBuilder->get()
 3 APPPATH\Controllers\instalaciones.php(200): App\Models\comentariosModel->getInfoComentarios(1)
 4 SYSTEMPATH\CodeIgniter.php(941): App\Controllers\instalaciones->mostrarInstalacion(1)
 5 SYSTEMPATH\CodeIgniter.php(502): CodeIgniter\CodeIgniter->runController(Object(App\Controllers\instalaciones))
 6 SYSTEMPATH\CodeIgniter.php(361): CodeIgniter\CodeIgniter->handleRequest(null, Object(Config\Cache), false)
 7 FCPATH\index.php(79): CodeIgniter\CodeIgniter->run()
CRITICAL - 2024-06-05 07:14:25 --> [Caused by] CodeIgniter\Database\Exceptions\DatabaseException: Unknown column 'id_instalacion' in 'where clause'
in SYSTEMPATH\Database\MySQLi\Connection.php on line 311.
 1 SYSTEMPATH\Database\BaseConnection.php(693): CodeIgniter\Database\MySQLi\Connection->execute('SELECT `comentarios`.*, `usuarios`.`nombre`
FROM `comentarios`
JOIN `usuarios` ON `comentarios`.`id_usuario` = `usuarios`.`id_usuario`
WHERE `id_instalacion` = 1')
 2 SYSTEMPATH\Database\BaseConnection.php(607): CodeIgniter\Database\BaseConnection->simpleQuery('SELECT `comentarios`.*, `usuarios`.`nombre`
FROM `comentarios`
JOIN `usuarios` ON `comentarios`.`id_usuario` = `usuarios`.`id_usuario`
WHERE `id_instalacion` = 1')
 3 SYSTEMPATH\Database\BaseBuilder.php(1616): CodeIgniter\Database\BaseConnection->query('SELECT `comentarios`.*, `usuarios`.`nombre`
FROM `comentarios`
JOIN `usuarios` ON `comentarios`.`id_usuario` = `usuarios`.`id_usuario`
WHERE `id_instalacion` = :id_instalacion:', [...], false)
 4 APPPATH\Models\comentariosModel.php(54): CodeIgniter\Database\BaseBuilder->get()
 5 APPPATH\Controllers\instalaciones.php(200): App\Models\comentariosModel->getInfoComentarios(1)
 6 SYSTEMPATH\CodeIgniter.php(941): App\Controllers\instalaciones->mostrarInstalacion(1)
 7 SYSTEMPATH\CodeIgniter.php(502): CodeIgniter\CodeIgniter->runController(Object(App\Controllers\instalaciones))
 8 SYSTEMPATH\CodeIgniter.php(361): CodeIgniter\CodeIgniter->handleRequest(null, Object(Config\Cache), false)
 9 FCPATH\index.php(79): CodeIgniter\CodeIgniter->run()
CRITICAL - 2024-06-05 07:14:25 --> [Caused by] mysqli_sql_exception: Unknown column 'id_instalacion' in 'where clause'
in SYSTEMPATH\Database\MySQLi\Connection.php on line 306.
 1 SYSTEMPATH\Database\MySQLi\Connection.php(306): mysqli->query('SELECT `comentarios`.*, `usuarios`.`nombre`
FROM `comentarios`
JOIN `usuarios` ON `comentarios`.`id_usuario` = `usuarios`.`id_usuario`
WHERE `id_instalacion` = 1', 0)
 2 SYSTEMPATH\Database\BaseConnection.php(693): CodeIgniter\Database\MySQLi\Connection->execute('SELECT `comentarios`.*, `usuarios`.`nombre`
FROM `comentarios`
JOIN `usuarios` ON `comentarios`.`id_usuario` = `usuarios`.`id_usuario`
WHERE `id_instalacion` = 1')
 3 SYSTEMPATH\Database\BaseConnection.php(607): CodeIgniter\Database\BaseConnection->simpleQuery('SELECT `comentarios`.*, `usuarios`.`nombre`
FROM `comentarios`
JOIN `usuarios` ON `comentarios`.`id_usuario` = `usuarios`.`id_usuario`
WHERE `id_instalacion` = 1')
 4 SYSTEMPATH\Database\BaseBuilder.php(1616): CodeIgniter\Database\BaseConnection->query('SELECT `comentarios`.*, `usuarios`.`nombre`
FROM `comentarios`
JOIN `usuarios` ON `comentarios`.`id_usuario` = `usuarios`.`id_usuario`
WHERE `id_instalacion` = :id_instalacion:', [...], false)
 5 APPPATH\Models\comentariosModel.php(54): CodeIgniter\Database\BaseBuilder->get()
 6 APPPATH\Controllers\instalaciones.php(200): App\Models\comentariosModel->getInfoComentarios(1)
 7 SYSTEMPATH\CodeIgniter.php(941): App\Controllers\instalaciones->mostrarInstalacion(1)
 8 SYSTEMPATH\CodeIgniter.php(502): CodeIgniter\CodeIgniter->runController(Object(App\Controllers\instalaciones))
 9 SYSTEMPATH\CodeIgniter.php(361): CodeIgniter\CodeIgniter->handleRequest(null, Object(Config\Cache), false)
10 FCPATH\index.php(79): CodeIgniter\CodeIgniter->run()
INFO - 2024-06-05 07:14:43 --> Session: Class initialized using 'CodeIgniter\Session\Handlers\FileHandler' driver.
ERROR - 2024-06-05 07:15:16 --> mysqli_sql_exception: Unknown column 'id_instalacion' in 'where clause' in C:\proyectos\reservalo\system\Database\MySQLi\Connection.php:306
Stack trace:
#0 C:\proyectos\reservalo\system\Database\MySQLi\Connection.php(306): mysqli->query('SELECT `comenta...', 0)
#1 C:\proyectos\reservalo\system\Database\BaseConnection.php(693): CodeIgniter\Database\MySQLi\Connection->execute('SELECT `comenta...')
#2 C:\proyectos\reservalo\system\Database\BaseConnection.php(607): CodeIgniter\Database\BaseConnection->simpleQuery('SELECT `comenta...')
#3 C:\proyectos\reservalo\system\Database\BaseBuilder.php(1616): CodeIgniter\Database\BaseConnection->query('SELECT `comenta...', Array, false)
#4 C:\proyectos\reservalo\app\Models\comentariosModel.php(54): CodeIgniter\Database\BaseBuilder->get()
#5 C:\proyectos\reservalo\app\Controllers\instalaciones.php(200): App\Models\comentariosModel->getInfoComentarios(1)
#6 C:\proyectos\reservalo\system\CodeIgniter.php(941): App\Controllers\instalaciones->mostrarInstalacion(1)
#7 C:\proyectos\reservalo\system\CodeIgniter.php(502): CodeIgniter\CodeIgniter->runController(Object(App\Controllers\instalaciones))
#8 C:\proyectos\reservalo\system\CodeIgniter.php(361): CodeIgniter\CodeIgniter->handleRequest(NULL, Object(Config\Cache), false)
#9 C:\proyectos\reservalo\index.php(79): CodeIgniter\CodeIgniter->run()
#10 {main}
CRITICAL - 2024-06-05 07:15:27 --> ErrorException: Uncaught mysqli_sql_exception: Unknown column 'id_instalacion' in 'where clause' in C:\proyectos\reservalo\system\Database\MySQLi\Connection.php:306
Stack trace:
#0 C:\proyectos\reservalo\system\Database\MySQLi\Connection.php(306): mysqli->query('SELECT `comenta...', 0)
#1 C:\proyectos\reservalo\system\Database\BaseConnection.php(693): CodeIgniter\Database\MySQLi\Connection->execute('SELECT `comenta...')
#2 C:\proyectos\reservalo\system\Database\BaseConnection.php(607): CodeIgniter\Database\BaseConnection->simpleQuery('SELECT `comenta...')
#3 C:\proyectos\reservalo\system\Database\BaseBuilder.php(1616): CodeIgniter\Database\BaseConnection->query('SELECT `comenta...', Array, false)
#4 C:\proyectos\reservalo\app\Models\comentariosModel.php(54): CodeIgniter\Database\BaseBuilder->get()
#5 C:\proyectos\reservalo\app\Controllers\instalaciones.php(200): App\Models\comentariosModel->getInfoComentarios(1)
#6 C:\proyectos\reservalo\system\CodeIgniter.php(941): App\Controllers\instalaciones->mostrarInstalacion(1)
#7 C:\proyectos\reservalo\system\CodeIgniter.php(502): CodeIgniter\CodeIgniter->runController(Object(App\Controllers\instalaciones))
#8 C:\proyectos\reservalo\system\CodeIgniter.php(361): CodeIgniter\CodeIgniter->handleRequest(NULL, Object(Config\Cache), false)
#9 C:\proyectos\reservalo\index.php(79): CodeIgniter\CodeIgniter->run()
#10 {main}

Next CodeIgniter\Database\Exceptions\DatabaseException: Unknown column 'id_instalacion' in 'where clause' in C:\proyectos\reservalo\system\Database\MySQLi\Connection.php:311
Stack trace:
#0 C:\proyectos\reservalo\system\Database\BaseConnection.php(693): CodeIgniter\Database\MySQLi\Connection->execute('SELECT `comenta...')
#1 C:\proyectos\reservalo\system\Database\BaseConnection.php(607): CodeIgniter\Database\BaseConnection->simpleQuery('SELECT `comenta...')
#2 C:\proyectos\reservalo\system\Database\BaseBuilder.php(1616): CodeIgniter\Database\BaseConnection->query('SELECT `comenta...', Array, false)
#3 C:\proyectos\reservalo\app\Models\comentariosModel.php(54): CodeIgniter\Database\BaseBuilder->get()
#4 C:\proyectos\reservalo\app\Controllers\instalaciones.php(200): App\Models\comentariosModel->getInfoComentarios(1)
#5 C:\proyectos\reservalo\system\CodeIgniter.php(941): App\Controllers\instalaciones->mostrarInstalacion(1)
#6 C:\proyectos\reservalo\system\CodeIgniter.php(502): CodeIgniter\CodeIgniter->runController(Object(App\Controllers\instalaciones))
#7 C:\proyectos\reservalo\system\CodeIgniter.php(361): CodeIgniter\CodeIgniter->handleRequest(NULL, Object(Config\Cache), false)
#8 C:\proyectos\reservalo\index.php(79): CodeIgniter\CodeIgniter->run()
#9 {main}

Next CodeIgniter\Database\Exceptions\DatabaseException: Unknown column 'id_instalacion' in 'where clause' in C:\proyectos\reservalo\system\Database\BaseConnection.php:647
Stack trace:
#0 C:\proyectos\reservalo\system\Database\BaseBuilder.php(1616): CodeIgniter\Database\BaseConnection->query('SELECT `comenta...', Array, false)
#1 C:\proyectos\reservalo\app\Models\comentariosModel.php(54): CodeIgniter\Database\BaseBuilder->get()
#2 C:\proyectos\reservalo\app\Controllers\instalaciones.php(200): App\Models\comentariosModel->getInfoComentarios(1)
#3 C:\proyectos\reservalo\system\CodeIgniter.php(941): App\Controllers\instalaciones->mostrarInstalacion(1)
#4 C:\proyectos\reservalo\system\CodeIgniter.php(502): CodeIgniter\CodeIgniter->runController(Object(App\Controllers\instalaciones))
#5 C:\proyectos\reservalo\system\CodeIgniter.php(361): CodeIgniter\CodeIgniter->handleRequest(NULL, Object(Config\Cache), false)
#6 C:\proyectos\reservalo\index.php(79): CodeIgniter\CodeIgniter->run()
#7 {main}
  thrown
in SYSTEMPATH\Database\BaseConnection.php on line 647.
 1 [internal function]: CodeIgniter\Debug\Exceptions->shutdownHandler()
INFO - 2024-06-05 07:15:31 --> Session: Class initialized using 'CodeIgniter\Session\Handlers\FileHandler' driver.
ERROR - 2024-06-05 07:15:31 --> mysqli_sql_exception: Unknown column 'id_instalacion' in 'where clause' in C:\proyectos\reservalo\system\Database\MySQLi\Connection.php:306
Stack trace:
#0 C:\proyectos\reservalo\system\Database\MySQLi\Connection.php(306): mysqli->query('SELECT `comenta...', 0)
#1 C:\proyectos\reservalo\system\Database\BaseConnection.php(693): CodeIgniter\Database\MySQLi\Connection->execute('SELECT `comenta...')
#2 C:\proyectos\reservalo\system\Database\BaseConnection.php(607): CodeIgniter\Database\BaseConnection->simpleQuery('SELECT `comenta...')
#3 C:\proyectos\reservalo\system\Database\BaseBuilder.php(1616): CodeIgniter\Database\BaseConnection->query('SELECT `comenta...', Array, false)
#4 C:\proyectos\reservalo\app\Models\comentariosModel.php(54): CodeIgniter\Database\BaseBuilder->get()
#5 C:\proyectos\reservalo\app\Controllers\instalaciones.php(200): App\Models\comentariosModel->getInfoComentarios(1)
#6 C:\proyectos\reservalo\system\CodeIgniter.php(941): App\Controllers\instalaciones->mostrarInstalacion(1)
#7 C:\proyectos\reservalo\system\CodeIgniter.php(502): CodeIgniter\CodeIgniter->runController(Object(App\Controllers\instalaciones))
#8 C:\proyectos\reservalo\system\CodeIgniter.php(361): CodeIgniter\CodeIgniter->handleRequest(NULL, Object(Config\Cache), false)
#9 C:\proyectos\reservalo\index.php(79): CodeIgniter\CodeIgniter->run()
#10 {main}
CRITICAL - 2024-06-05 07:15:32 --> CodeIgniter\Database\Exceptions\DatabaseException: Unknown column 'id_instalacion' in 'where clause'
in SYSTEMPATH\Database\BaseConnection.php on line 647.
 1 SYSTEMPATH\Database\BaseBuilder.php(1616): CodeIgniter\Database\BaseConnection->query('SELECT `comentarios`.*, `usuarios`.`nombre`
FROM `comentarios`
JOIN `usuarios` ON `comentarios`.`id_usuario` = `usuarios`.`id_usuario`
WHERE `id_instalacion` = :id_instalacion:', [...], false)
 2 APPPATH\Models\comentariosModel.php(54): CodeIgniter\Database\BaseBuilder->get()
 3 APPPATH\Controllers\instalaciones.php(200): App\Models\comentariosModel->getInfoComentarios(1)
 4 SYSTEMPATH\CodeIgniter.php(941): App\Controllers\instalaciones->mostrarInstalacion(1)
 5 SYSTEMPATH\CodeIgniter.php(502): CodeIgniter\CodeIgniter->runController(Object(App\Controllers\instalaciones))
 6 SYSTEMPATH\CodeIgniter.php(361): CodeIgniter\CodeIgniter->handleRequest(null, Object(Config\Cache), false)
 7 FCPATH\index.php(79): CodeIgniter\CodeIgniter->run()
CRITICAL - 2024-06-05 07:15:32 --> [Caused by] CodeIgniter\Database\Exceptions\DatabaseException: Unknown column 'id_instalacion' in 'where clause'
in SYSTEMPATH\Database\MySQLi\Connection.php on line 311.
 1 SYSTEMPATH\Database\BaseConnection.php(693): CodeIgniter\Database\MySQLi\Connection->execute('SELECT `comentarios`.*, `usuarios`.`nombre`
FROM `comentarios`
JOIN `usuarios` ON `comentarios`.`id_usuario` = `usuarios`.`id_usuario`
WHERE `id_instalacion` = 1')
 2 SYSTEMPATH\Database\BaseConnection.php(607): CodeIgniter\Database\BaseConnection->simpleQuery('SELECT `comentarios`.*, `usuarios`.`nombre`
FROM `comentarios`
JOIN `usuarios` ON `comentarios`.`id_usuario` = `usuarios`.`id_usuario`
WHERE `id_instalacion` = 1')
 3 SYSTEMPATH\Database\BaseBuilder.php(1616): CodeIgniter\Database\BaseConnection->query('SELECT `comentarios`.*, `usuarios`.`nombre`
FROM `comentarios`
JOIN `usuarios` ON `comentarios`.`id_usuario` = `usuarios`.`id_usuario`
WHERE `id_instalacion` = :id_instalacion:', [...], false)
 4 APPPATH\Models\comentariosModel.php(54): CodeIgniter\Database\BaseBuilder->get()
 5 APPPATH\Controllers\instalaciones.php(200): App\Models\comentariosModel->getInfoComentarios(1)
 6 SYSTEMPATH\CodeIgniter.php(941): App\Controllers\instalaciones->mostrarInstalacion(1)
 7 SYSTEMPATH\CodeIgniter.php(502): CodeIgniter\CodeIgniter->runController(Object(App\Controllers\instalaciones))
 8 SYSTEMPATH\CodeIgniter.php(361): CodeIgniter\CodeIgniter->handleRequest(null, Object(Config\Cache), false)
 9 FCPATH\index.php(79): CodeIgniter\CodeIgniter->run()
CRITICAL - 2024-06-05 07:15:32 --> [Caused by] mysqli_sql_exception: Unknown column 'id_instalacion' in 'where clause'
in SYSTEMPATH\Database\MySQLi\Connection.php on line 306.
 1 SYSTEMPATH\Database\MySQLi\Connection.php(306): mysqli->query('SELECT `comentarios`.*, `usuarios`.`nombre`
FROM `comentarios`
JOIN `usuarios` ON `comentarios`.`id_usuario` = `usuarios`.`id_usuario`
WHERE `id_instalacion` = 1', 0)
 2 SYSTEMPATH\Database\BaseConnection.php(693): CodeIgniter\Database\MySQLi\Connection->execute('SELECT `comentarios`.*, `usuarios`.`nombre`
FROM `comentarios`
JOIN `usuarios` ON `comentarios`.`id_usuario` = `usuarios`.`id_usuario`
WHERE `id_instalacion` = 1')
 3 SYSTEMPATH\Database\BaseConnection.php(607): CodeIgniter\Database\BaseConnection->simpleQuery('SELECT `comentarios`.*, `usuarios`.`nombre`
FROM `comentarios`
JOIN `usuarios` ON `comentarios`.`id_usuario` = `usuarios`.`id_usuario`
WHERE `id_instalacion` = 1')
 4 SYSTEMPATH\Database\BaseBuilder.php(1616): CodeIgniter\Database\BaseConnection->query('SELECT `comentarios`.*, `usuarios`.`nombre`
FROM `comentarios`
JOIN `usuarios` ON `comentarios`.`id_usuario` = `usuarios`.`id_usuario`
WHERE `id_instalacion` = :id_instalacion:', [...], false)
 5 APPPATH\Models\comentariosModel.php(54): CodeIgniter\Database\BaseBuilder->get()
 6 APPPATH\Controllers\instalaciones.php(200): App\Models\comentariosModel->getInfoComentarios(1)
 7 SYSTEMPATH\CodeIgniter.php(941): App\Controllers\instalaciones->mostrarInstalacion(1)
 8 SYSTEMPATH\CodeIgniter.php(502): CodeIgniter\CodeIgniter->runController(Object(App\Controllers\instalaciones))
 9 SYSTEMPATH\CodeIgniter.php(361): CodeIgniter\CodeIgniter->handleRequest(null, Object(Config\Cache), false)
10 FCPATH\index.php(79): CodeIgniter\CodeIgniter->run()
INFO - 2024-06-05 07:16:50 --> Session: Class initialized using 'CodeIgniter\Session\Handlers\FileHandler' driver.
INFO - 2024-06-05 07:16:53 --> Session: Class initialized using 'CodeIgniter\Session\Handlers\FileHandler' driver.
INFO - 2024-06-05 07:16:56 --> Session: Class initialized using 'CodeIgniter\Session\Handlers\FileHandler' driver.
INFO - 2024-06-05 07:17:04 --> Session: Class initialized using 'CodeIgniter\Session\Handlers\FileHandler' driver.
INFO - 2024-06-05 07:17:10 --> Session: Class initialized using 'CodeIgniter\Session\Handlers\FileHandler' driver.
INFO - 2024-06-05 07:17:16 --> Session: Class initialized using 'CodeIgniter\Session\Handlers\FileHandler' driver.
WARNING - 2024-06-05 07:17:16 --> [DEPRECATED] Creation of dynamic property PHPMailer\PHPMailer\PHPMailer::$SMTPConnectOptions is deprecated in APPPATH\Libraries\Mail\Lib_Mail.php on line 65.
 1 APPPATH\Controllers\reservas.php(302): App\Libraries\Mail\Lib_Mail->enviarCorreo('ruizsotodani2@gmail.com', 'RESERVA PISTA', '<!-- DEBUG-VIEW START 1 APPPATH\\Views\\Email\\v_plantillaEmail.php -->
<h1>Reserva Realizada</h1>
    <p>Hola, Danielo_24,</p>
    <br>
    <p>Le escribimos para informarle de que se ha realizado correctamente la reserva de la pista 1 de la instalacion Pabellón Municipal el dia 14/06/2024 a las 11:00:00</p>
    <br>
    <p>Las características de la reserva son: </p>
    <ul>
        <li>Suplemento: No</li>
        <li>Nº de reservas: 3</li>
    </ul>
    <br>
    <p>Si no coinciden alguna de las características con las deseadas o ha ocurrido algun problema, no dude en contactar con nosotros por la aplicación o vía email en reservalo@email.com</p>
    <br>
    <p>Gracias por confiar en nosotros,</p>
    <br>
    <p>Reservalo</p>
<!-- DEBUG-VIEW ENDED 1 APPPATH\\Views\\Email\\v_plantillaEmail.php -->
')
 2 APPPATH\Controllers\reservas.php(248): App\Controllers\reservas->escribirEmail('ruizsotodani2@gmail.com', [...])
 3 SYSTEMPATH\CodeIgniter.php(941): App\Controllers\reservas->realizarReserva()
 4 SYSTEMPATH\CodeIgniter.php(502): CodeIgniter\CodeIgniter->runController(Object(App\Controllers\reservas))
 5 SYSTEMPATH\CodeIgniter.php(361): CodeIgniter\CodeIgniter->handleRequest(null, Object(Config\Cache), false)
 6 FCPATH\index.php(79): CodeIgniter\CodeIgniter->run()
WARNING - 2024-06-05 07:17:16 --> [DEPRECATED] Creation of dynamic property PHPMailer\PHPMailer\PHPMailer::$WrapChars is deprecated in APPPATH\Libraries\Mail\Lib_Mail.php on line 67.
 1 APPPATH\Controllers\reservas.php(302): App\Libraries\Mail\Lib_Mail->enviarCorreo('ruizsotodani2@gmail.com', 'RESERVA PISTA', '<!-- DEBUG-VIEW START 1 APPPATH\\Views\\Email\\v_plantillaEmail.php -->
<h1>Reserva Realizada</h1>
    <p>Hola, Danielo_24,</p>
    <br>
    <p>Le escribimos para informarle de que se ha realizado correctamente la reserva de la pista 1 de la instalacion Pabellón Municipal el dia 14/06/2024 a las 11:00:00</p>
    <br>
    <p>Las características de la reserva son: </p>
    <ul>
        <li>Suplemento: No</li>
        <li>Nº de reservas: 3</li>
    </ul>
    <br>
    <p>Si no coinciden alguna de las características con las deseadas o ha ocurrido algun problema, no dude en contactar con nosotros por la aplicación o vía email en reservalo@email.com</p>
    <br>
    <p>Gracias por confiar en nosotros,</p>
    <br>
    <p>Reservalo</p>
<!-- DEBUG-VIEW ENDED 1 APPPATH\\Views\\Email\\v_plantillaEmail.php -->
')
 2 APPPATH\Controllers\reservas.php(248): App\Controllers\reservas->escribirEmail('ruizsotodani2@gmail.com', [...])
 3 SYSTEMPATH\CodeIgniter.php(941): App\Controllers\reservas->realizarReserva()
 4 SYSTEMPATH\CodeIgniter.php(502): CodeIgniter\CodeIgniter->runController(Object(App\Controllers\reservas))
 5 SYSTEMPATH\CodeIgniter.php(361): CodeIgniter\CodeIgniter->handleRequest(null, Object(Config\Cache), false)
 6 FCPATH\index.php(79): CodeIgniter\CodeIgniter->run()
WARNING - 2024-06-05 07:17:16 --> [DEPRECATED] Creation of dynamic property PHPMailer\PHPMailer\PHPMailer::$SMTPValidateCert is deprecated in APPPATH\Libraries\Mail\Lib_Mail.php on line 70.
 1 APPPATH\Controllers\reservas.php(302): App\Libraries\Mail\Lib_Mail->enviarCorreo('ruizsotodani2@gmail.com', 'RESERVA PISTA', '<!-- DEBUG-VIEW START 1 APPPATH\\Views\\Email\\v_plantillaEmail.php -->
<h1>Reserva Realizada</h1>
    <p>Hola, Danielo_24,</p>
    <br>
    <p>Le escribimos para informarle de que se ha realizado correctamente la reserva de la pista 1 de la instalacion Pabellón Municipal el dia 14/06/2024 a las 11:00:00</p>
    <br>
    <p>Las características de la reserva son: </p>
    <ul>
        <li>Suplemento: No</li>
        <li>Nº de reservas: 3</li>
    </ul>
    <br>
    <p>Si no coinciden alguna de las características con las deseadas o ha ocurrido algun problema, no dude en contactar con nosotros por la aplicación o vía email en reservalo@email.com</p>
    <br>
    <p>Gracias por confiar en nosotros,</p>
    <br>
    <p>Reservalo</p>
<!-- DEBUG-VIEW ENDED 1 APPPATH\\Views\\Email\\v_plantillaEmail.php -->
')
 2 APPPATH\Controllers\reservas.php(248): App\Controllers\reservas->escribirEmail('ruizsotodani2@gmail.com', [...])
 3 SYSTEMPATH\CodeIgniter.php(941): App\Controllers\reservas->realizarReserva()
 4 SYSTEMPATH\CodeIgniter.php(502): CodeIgniter\CodeIgniter->runController(Object(App\Controllers\reservas))
 5 SYSTEMPATH\CodeIgniter.php(361): CodeIgniter\CodeIgniter->handleRequest(null, Object(Config\Cache), false)
 6 FCPATH\index.php(79): CodeIgniter\CodeIgniter->run()
WARNING - 2024-06-05 07:17:17 --> [DEPRECATED] Creation of dynamic property PHPMailer\PHPMailer\PHPMailer::$SMTPCharset is deprecated in APPPATH\Libraries\Mail\Lib_Mail.php on line 81.
 1 APPPATH\Controllers\reservas.php(302): App\Libraries\Mail\Lib_Mail->enviarCorreo('ruizsotodani2@gmail.com', 'RESERVA PISTA', '<!-- DEBUG-VIEW START 1 APPPATH\\Views\\Email\\v_plantillaEmail.php -->
<h1>Reserva Realizada</h1>
    <p>Hola, Danielo_24,</p>
    <br>
    <p>Le escribimos para informarle de que se ha realizado correctamente la reserva de la pista 1 de la instalacion Pabellón Municipal el dia 14/06/2024 a las 11:00:00</p>
    <br>
    <p>Las características de la reserva son: </p>
    <ul>
        <li>Suplemento: No</li>
        <li>Nº de reservas: 3</li>
    </ul>
    <br>
    <p>Si no coinciden alguna de las características con las deseadas o ha ocurrido algun problema, no dude en contactar con nosotros por la aplicación o vía email en reservalo@email.com</p>
    <br>
    <p>Gracias por confiar en nosotros,</p>
    <br>
    <p>Reservalo</p>
<!-- DEBUG-VIEW ENDED 1 APPPATH\\Views\\Email\\v_plantillaEmail.php -->
')
 2 APPPATH\Controllers\reservas.php(248): App\Controllers\reservas->escribirEmail('ruizsotodani2@gmail.com', [...])
 3 SYSTEMPATH\CodeIgniter.php(941): App\Controllers\reservas->realizarReserva()
 4 SYSTEMPATH\CodeIgniter.php(502): CodeIgniter\CodeIgniter->runController(Object(App\Controllers\reservas))
 5 SYSTEMPATH\CodeIgniter.php(361): CodeIgniter\CodeIgniter->handleRequest(null, Object(Config\Cache), false)
 6 FCPATH\index.php(79): CodeIgniter\CodeIgniter->run()
INFO - 2024-06-05 07:17:19 --> Session: Class initialized using 'CodeIgniter\Session\Handlers\FileHandler' driver.
INFO - 2024-06-05 07:17:22 --> Session: Class initialized using 'CodeIgniter\Session\Handlers\FileHandler' driver.
INFO - 2024-06-05 07:17:27 --> Session: Class initialized using 'CodeIgniter\Session\Handlers\FileHandler' driver.
INFO - 2024-06-05 07:17:33 --> Session: Class initialized using 'CodeIgniter\Session\Handlers\FileHandler' driver.
INFO - 2024-06-05 07:17:43 --> Session: Class initialized using 'CodeIgniter\Session\Handlers\FileHandler' driver.
INFO - 2024-06-05 07:18:15 --> Session: Class initialized using 'CodeIgniter\Session\Handlers\FileHandler' driver.
INFO - 2024-06-05 07:26:13 --> Session: Class initialized using 'CodeIgniter\Session\Handlers\FileHandler' driver.
INFO - 2024-06-05 07:26:13 --> Session: Class initialized using 'CodeIgniter\Session\Handlers\FileHandler' driver.
INFO - 2024-06-05 07:26:13 --> Session: Class initialized using 'CodeIgniter\Session\Handlers\FileHandler' driver.
INFO - 2024-06-05 07:26:15 --> Session: Class initialized using 'CodeIgniter\Session\Handlers\FileHandler' driver.
INFO - 2024-06-05 07:26:23 --> Session: Class initialized using 'CodeIgniter\Session\Handlers\FileHandler' driver.
INFO - 2024-06-05 07:27:58 --> Session: Class initialized using 'CodeIgniter\Session\Handlers\FileHandler' driver.
INFO - 2024-06-05 07:28:37 --> Session: Class initialized using 'CodeIgniter\Session\Handlers\FileHandler' driver.
INFO - 2024-06-05 07:28:43 --> Session: Class initialized using 'CodeIgniter\Session\Handlers\FileHandler' driver.
INFO - 2024-06-05 07:28:52 --> Session: Class initialized using 'CodeIgniter\Session\Handlers\FileHandler' driver.
INFO - 2024-06-05 07:28:57 --> Session: Class initialized using 'CodeIgniter\Session\Handlers\FileHandler' driver.
INFO - 2024-06-05 07:29:28 --> Session: Class initialized using 'CodeIgniter\Session\Handlers\FileHandler' driver.
INFO - 2024-06-05 07:29:32 --> Session: Class initialized using 'CodeIgniter\Session\Handlers\FileHandler' driver.
INFO - 2024-06-05 07:35:22 --> Session: Class initialized using 'CodeIgniter\Session\Handlers\FileHandler' driver.
INFO - 2024-06-05 07:35:30 --> Session: Class initialized using 'CodeIgniter\Session\Handlers\FileHandler' driver.
INFO - 2024-06-05 07:35:53 --> Session: Class initialized using 'CodeIgniter\Session\Handlers\FileHandler' driver.
INFO - 2024-06-05 07:37:49 --> Session: Class initialized using 'CodeIgniter\Session\Handlers\FileHandler' driver.
INFO - 2024-06-05 07:37:53 --> Session: Class initialized using 'CodeIgniter\Session\Handlers\FileHandler' driver.
INFO - 2024-06-05 07:38:32 --> Session: Class initialized using 'CodeIgniter\Session\Handlers\FileHandler' driver.
INFO - 2024-06-05 07:38:41 --> Session: Class initialized using 'CodeIgniter\Session\Handlers\FileHandler' driver.
INFO - 2024-06-05 07:39:00 --> Session: Class initialized using 'CodeIgniter\Session\Handlers\FileHandler' driver.
CRITICAL - 2024-06-05 07:39:20 --> BadMethodCallException: Call to undefined method App\Models\reservasModel::getIdHoraReserva
in SYSTEMPATH\Model.php on line 874.
 1 APPPATH\Controllers\reservas.php(282): CodeIgniter\Model->__call('getIdHoraReserva', [...])
 2 SYSTEMPATH\CodeIgniter.php(941): App\Controllers\reservas->borrarReserva()
 3 SYSTEMPATH\CodeIgniter.php(502): CodeIgniter\CodeIgniter->runController(Object(App\Controllers\reservas))
 4 SYSTEMPATH\CodeIgniter.php(361): CodeIgniter\CodeIgniter->handleRequest(null, Object(Config\Cache), false)
 5 FCPATH\index.php(79): CodeIgniter\CodeIgniter->run()
INFO - 2024-06-05 07:42:26 --> Session: Class initialized using 'CodeIgniter\Session\Handlers\FileHandler' driver.
INFO - 2024-06-05 07:42:32 --> Session: Class initialized using 'CodeIgniter\Session\Handlers\FileHandler' driver.
INFO - 2024-06-05 07:42:36 --> Session: Class initialized using 'CodeIgniter\Session\Handlers\FileHandler' driver.
ERROR - 2024-06-05 07:43:33 --> mysqli_sql_exception: Table 'reservalo.reserva' doesn't exist in C:\proyectos\reservalo\system\Database\MySQLi\Connection.php:306
Stack trace:
#0 C:\proyectos\reservalo\system\Database\MySQLi\Connection.php(306): mysqli->query('DELETE FROM `re...', 0)
#1 C:\proyectos\reservalo\system\Database\BaseConnection.php(693): CodeIgniter\Database\MySQLi\Connection->execute('DELETE FROM `re...')
#2 C:\proyectos\reservalo\system\Database\BaseConnection.php(607): CodeIgniter\Database\BaseConnection->simpleQuery('DELETE FROM `re...')
#3 C:\proyectos\reservalo\system\Database\BaseBuilder.php(2787): CodeIgniter\Database\BaseConnection->query('DELETE FROM `re...', Array, false)
#4 C:\proyectos\reservalo\app\Models\reservasModel.php(223): CodeIgniter\Database\BaseBuilder->delete()
#5 C:\proyectos\reservalo\app\Controllers\reservas.php(285): App\Models\reservasModel->borrarReserva('47')
#6 C:\proyectos\reservalo\system\CodeIgniter.php(941): App\Controllers\reservas->borrarReserva()
#7 C:\proyectos\reservalo\system\CodeIgniter.php(502): CodeIgniter\CodeIgniter->runController(Object(App\Controllers\reservas))
#8 C:\proyectos\reservalo\system\CodeIgniter.php(361): CodeIgniter\CodeIgniter->handleRequest(NULL, Object(Config\Cache), false)
#9 C:\proyectos\reservalo\index.php(79): CodeIgniter\CodeIgniter->run()
#10 {main}
CRITICAL - 2024-06-05 07:43:36 --> CodeIgniter\Database\Exceptions\DatabaseException: Table 'reservalo.reserva' doesn't exist
in SYSTEMPATH\Database\BaseConnection.php on line 647.
 1 SYSTEMPATH\Database\BaseBuilder.php(2787): CodeIgniter\Database\BaseConnection->query('DELETE FROM `reserva`
WHERE `id_reserva` = :id_reserva:', [...], false)
 2 APPPATH\Models\reservasModel.php(223): CodeIgniter\Database\BaseBuilder->delete()
 3 APPPATH\Controllers\reservas.php(285): App\Models\reservasModel->borrarReserva('47')
 4 SYSTEMPATH\CodeIgniter.php(941): App\Controllers\reservas->borrarReserva()
 5 SYSTEMPATH\CodeIgniter.php(502): CodeIgniter\CodeIgniter->runController(Object(App\Controllers\reservas))
 6 SYSTEMPATH\CodeIgniter.php(361): CodeIgniter\CodeIgniter->handleRequest(null, Object(Config\Cache), false)
 7 FCPATH\index.php(79): CodeIgniter\CodeIgniter->run()
CRITICAL - 2024-06-05 07:43:36 --> [Caused by] CodeIgniter\Database\Exceptions\DatabaseException: Table 'reservalo.reserva' doesn't exist
in SYSTEMPATH\Database\MySQLi\Connection.php on line 311.
 1 SYSTEMPATH\Database\BaseConnection.php(693): CodeIgniter\Database\MySQLi\Connection->execute('DELETE FROM `reserva`
WHERE `id_reserva` = \'47\'')
 2 SYSTEMPATH\Database\BaseConnection.php(607): CodeIgniter\Database\BaseConnection->simpleQuery('DELETE FROM `reserva`
WHERE `id_reserva` = \'47\'')
 3 SYSTEMPATH\Database\BaseBuilder.php(2787): CodeIgniter\Database\BaseConnection->query('DELETE FROM `reserva`
WHERE `id_reserva` = :id_reserva:', [...], false)
 4 APPPATH\Models\reservasModel.php(223): CodeIgniter\Database\BaseBuilder->delete()
 5 APPPATH\Controllers\reservas.php(285): App\Models\reservasModel->borrarReserva('47')
 6 SYSTEMPATH\CodeIgniter.php(941): App\Controllers\reservas->borrarReserva()
 7 SYSTEMPATH\CodeIgniter.php(502): CodeIgniter\CodeIgniter->runController(Object(App\Controllers\reservas))
 8 SYSTEMPATH\CodeIgniter.php(361): CodeIgniter\CodeIgniter->handleRequest(null, Object(Config\Cache), false)
 9 FCPATH\index.php(79): CodeIgniter\CodeIgniter->run()
CRITICAL - 2024-06-05 07:43:36 --> [Caused by] mysqli_sql_exception: Table 'reservalo.reserva' doesn't exist
in SYSTEMPATH\Database\MySQLi\Connection.php on line 306.
 1 SYSTEMPATH\Database\MySQLi\Connection.php(306): mysqli->query('DELETE FROM `reserva`
WHERE `id_reserva` = \'47\'', 0)
 2 SYSTEMPATH\Database\BaseConnection.php(693): CodeIgniter\Database\MySQLi\Connection->execute('DELETE FROM `reserva`
WHERE `id_reserva` = \'47\'')
 3 SYSTEMPATH\Database\BaseConnection.php(607): CodeIgniter\Database\BaseConnection->simpleQuery('DELETE FROM `reserva`
WHERE `id_reserva` = \'47\'')
 4 SYSTEMPATH\Database\BaseBuilder.php(2787): CodeIgniter\Database\BaseConnection->query('DELETE FROM `reserva`
WHERE `id_reserva` = :id_reserva:', [...], false)
 5 APPPATH\Models\reservasModel.php(223): CodeIgniter\Database\BaseBuilder->delete()
 6 APPPATH\Controllers\reservas.php(285): App\Models\reservasModel->borrarReserva('47')
 7 SYSTEMPATH\CodeIgniter.php(941): App\Controllers\reservas->borrarReserva()
 8 SYSTEMPATH\CodeIgniter.php(502): CodeIgniter\CodeIgniter->runController(Object(App\Controllers\reservas))
 9 SYSTEMPATH\CodeIgniter.php(361): CodeIgniter\CodeIgniter->handleRequest(null, Object(Config\Cache), false)
10 FCPATH\index.php(79): CodeIgniter\CodeIgniter->run()
INFO - 2024-06-05 07:43:40 --> Session: Class initialized using 'CodeIgniter\Session\Handlers\FileHandler' driver.
INFO - 2024-06-05 07:43:47 --> Session: Class initialized using 'CodeIgniter\Session\Handlers\FileHandler' driver.
INFO - 2024-06-05 07:43:51 --> Session: Class initialized using 'CodeIgniter\Session\Handlers\FileHandler' driver.
ERROR - 2024-06-05 07:44:01 --> mysqli_sql_exception: Table 'reservalo.reserva' doesn't exist in C:\proyectos\reservalo\system\Database\MySQLi\Connection.php:306
Stack trace:
#0 C:\proyectos\reservalo\system\Database\MySQLi\Connection.php(306): mysqli->query('DELETE FROM `re...', 0)
#1 C:\proyectos\reservalo\system\Database\BaseConnection.php(693): CodeIgniter\Database\MySQLi\Connection->execute('DELETE FROM `re...')
#2 C:\proyectos\reservalo\system\Database\BaseConnection.php(607): CodeIgniter\Database\BaseConnection->simpleQuery('DELETE FROM `re...')
#3 C:\proyectos\reservalo\system\Database\BaseBuilder.php(2787): CodeIgniter\Database\BaseConnection->query('DELETE FROM `re...', Array, false)
#4 C:\proyectos\reservalo\app\Models\reservasModel.php(223): CodeIgniter\Database\BaseBuilder->delete()
#5 C:\proyectos\reservalo\app\Controllers\reservas.php(285): App\Models\reservasModel->borrarReserva('47')
#6 C:\proyectos\reservalo\system\CodeIgniter.php(941): App\Controllers\reservas->borrarReserva()
#7 C:\proyectos\reservalo\system\CodeIgniter.php(502): CodeIgniter\CodeIgniter->runController(Object(App\Controllers\reservas))
#8 C:\proyectos\reservalo\system\CodeIgniter.php(361): CodeIgniter\CodeIgniter->handleRequest(NULL, Object(Config\Cache), false)
#9 C:\proyectos\reservalo\index.php(79): CodeIgniter\CodeIgniter->run()
#10 {main}
CRITICAL - 2024-06-05 07:44:12 --> CodeIgniter\Database\Exceptions\DatabaseException: Table 'reservalo.reserva' doesn't exist
in SYSTEMPATH\Database\BaseConnection.php on line 647.
 1 SYSTEMPATH\Database\BaseBuilder.php(2787): CodeIgniter\Database\BaseConnection->query('DELETE FROM `reserva`
WHERE `id_reserva` = :id_reserva:', [...], false)
 2 APPPATH\Models\reservasModel.php(223): CodeIgniter\Database\BaseBuilder->delete()
 3 APPPATH\Controllers\reservas.php(285): App\Models\reservasModel->borrarReserva('47')
 4 SYSTEMPATH\CodeIgniter.php(941): App\Controllers\reservas->borrarReserva()
 5 SYSTEMPATH\CodeIgniter.php(502): CodeIgniter\CodeIgniter->runController(Object(App\Controllers\reservas))
 6 SYSTEMPATH\CodeIgniter.php(361): CodeIgniter\CodeIgniter->handleRequest(null, Object(Config\Cache), false)
 7 FCPATH\index.php(79): CodeIgniter\CodeIgniter->run()
CRITICAL - 2024-06-05 07:44:12 --> [Caused by] CodeIgniter\Database\Exceptions\DatabaseException: Table 'reservalo.reserva' doesn't exist
in SYSTEMPATH\Database\MySQLi\Connection.php on line 311.
 1 SYSTEMPATH\Database\BaseConnection.php(693): CodeIgniter\Database\MySQLi\Connection->execute('DELETE FROM `reserva`
WHERE `id_reserva` = \'47\'')
 2 SYSTEMPATH\Database\BaseConnection.php(607): CodeIgniter\Database\BaseConnection->simpleQuery('DELETE FROM `reserva`
WHERE `id_reserva` = \'47\'')
 3 SYSTEMPATH\Database\BaseBuilder.php(2787): CodeIgniter\Database\BaseConnection->query('DELETE FROM `reserva`
WHERE `id_reserva` = :id_reserva:', [...], false)
 4 APPPATH\Models\reservasModel.php(223): CodeIgniter\Database\BaseBuilder->delete()
 5 APPPATH\Controllers\reservas.php(285): App\Models\reservasModel->borrarReserva('47')
 6 SYSTEMPATH\CodeIgniter.php(941): App\Controllers\reservas->borrarReserva()
 7 SYSTEMPATH\CodeIgniter.php(502): CodeIgniter\CodeIgniter->runController(Object(App\Controllers\reservas))
 8 SYSTEMPATH\CodeIgniter.php(361): CodeIgniter\CodeIgniter->handleRequest(null, Object(Config\Cache), false)
 9 FCPATH\index.php(79): CodeIgniter\CodeIgniter->run()
CRITICAL - 2024-06-05 07:44:12 --> [Caused by] mysqli_sql_exception: Table 'reservalo.reserva' doesn't exist
in SYSTEMPATH\Database\MySQLi\Connection.php on line 306.
 1 SYSTEMPATH\Database\MySQLi\Connection.php(306): mysqli->query('DELETE FROM `reserva`
WHERE `id_reserva` = \'47\'', 0)
 2 SYSTEMPATH\Database\BaseConnection.php(693): CodeIgniter\Database\MySQLi\Connection->execute('DELETE FROM `reserva`
WHERE `id_reserva` = \'47\'')
 3 SYSTEMPATH\Database\BaseConnection.php(607): CodeIgniter\Database\BaseConnection->simpleQuery('DELETE FROM `reserva`
WHERE `id_reserva` = \'47\'')
 4 SYSTEMPATH\Database\BaseBuilder.php(2787): CodeIgniter\Database\BaseConnection->query('DELETE FROM `reserva`
WHERE `id_reserva` = :id_reserva:', [...], false)
 5 APPPATH\Models\reservasModel.php(223): CodeIgniter\Database\BaseBuilder->delete()
 6 APPPATH\Controllers\reservas.php(285): App\Models\reservasModel->borrarReserva('47')
 7 SYSTEMPATH\CodeIgniter.php(941): App\Controllers\reservas->borrarReserva()
 8 SYSTEMPATH\CodeIgniter.php(502): CodeIgniter\CodeIgniter->runController(Object(App\Controllers\reservas))
 9 SYSTEMPATH\CodeIgniter.php(361): CodeIgniter\CodeIgniter->handleRequest(null, Object(Config\Cache), false)
10 FCPATH\index.php(79): CodeIgniter\CodeIgniter->run()
INFO - 2024-06-05 07:44:55 --> Session: Class initialized using 'CodeIgniter\Session\Handlers\FileHandler' driver.
INFO - 2024-06-05 07:45:02 --> Session: Class initialized using 'CodeIgniter\Session\Handlers\FileHandler' driver.
INFO - 2024-06-05 07:45:10 --> Session: Class initialized using 'CodeIgniter\Session\Handlers\FileHandler' driver.
ERROR - 2024-06-05 07:45:17 --> mysqli_sql_exception: Cannot delete or update a parent row: a foreign key constraint fails (`reservalo`.`horas_reserva`, CONSTRAINT `fk_horaReserva_reserva` FOREIGN KEY (`id_reserva`) REFERENCES `reservas` (`id_reserva`) ON DELETE NO ACTION ON UPDATE CASCADE) in C:\proyectos\reservalo\system\Database\MySQLi\Connection.php:306
Stack trace:
#0 C:\proyectos\reservalo\system\Database\MySQLi\Connection.php(306): mysqli->query('DELETE FROM `re...', 0)
#1 C:\proyectos\reservalo\system\Database\BaseConnection.php(693): CodeIgniter\Database\MySQLi\Connection->execute('DELETE FROM `re...')
#2 C:\proyectos\reservalo\system\Database\BaseConnection.php(607): CodeIgniter\Database\BaseConnection->simpleQuery('DELETE FROM `re...')
#3 C:\proyectos\reservalo\system\Database\BaseBuilder.php(2787): CodeIgniter\Database\BaseConnection->query('DELETE FROM `re...', Array, false)
#4 C:\proyectos\reservalo\app\Models\reservasModel.php(223): CodeIgniter\Database\BaseBuilder->delete()
#5 C:\proyectos\reservalo\app\Controllers\reservas.php(285): App\Models\reservasModel->borrarReserva('47')
#6 C:\proyectos\reservalo\system\CodeIgniter.php(941): App\Controllers\reservas->borrarReserva()
#7 C:\proyectos\reservalo\system\CodeIgniter.php(502): CodeIgniter\CodeIgniter->runController(Object(App\Controllers\reservas))
#8 C:\proyectos\reservalo\system\CodeIgniter.php(361): CodeIgniter\CodeIgniter->handleRequest(NULL, Object(Config\Cache), false)
#9 C:\proyectos\reservalo\index.php(79): CodeIgniter\CodeIgniter->run()
#10 {main}
CRITICAL - 2024-06-05 07:45:44 --> CodeIgniter\Database\Exceptions\DatabaseException: Cannot delete or update a parent row: a foreign key constraint fails (`reservalo`.`horas_reserva`, CONSTRAINT `fk_horaReserva_reserva` FOREIGN KEY (`id_reserva`) REFERENCES `reservas` (`id_reserva`) ON DELETE NO ACTION ON UPDATE CASCADE)
in SYSTEMPATH\Database\BaseConnection.php on line 647.
 1 SYSTEMPATH\Database\BaseBuilder.php(2787): CodeIgniter\Database\BaseConnection->query('DELETE FROM `reservas`
WHERE `id_reserva` = :id_reserva:', [...], false)
 2 APPPATH\Models\reservasModel.php(223): CodeIgniter\Database\BaseBuilder->delete()
 3 APPPATH\Controllers\reservas.php(285): App\Models\reservasModel->borrarReserva('47')
 4 SYSTEMPATH\CodeIgniter.php(941): App\Controllers\reservas->borrarReserva()
 5 SYSTEMPATH\CodeIgniter.php(502): CodeIgniter\CodeIgniter->runController(Object(App\Controllers\reservas))
 6 SYSTEMPATH\CodeIgniter.php(361): CodeIgniter\CodeIgniter->handleRequest(null, Object(Config\Cache), false)
 7 FCPATH\index.php(79): CodeIgniter\CodeIgniter->run()
CRITICAL - 2024-06-05 07:45:44 --> [Caused by] CodeIgniter\Database\Exceptions\DatabaseException: Cannot delete or update a parent row: a foreign key constraint fails (`reservalo`.`horas_reserva`, CONSTRAINT `fk_horaReserva_reserva` FOREIGN KEY (`id_reserva`) REFERENCES `reservas` (`id_reserva`) ON DELETE NO ACTION ON UPDATE CASCADE)
in SYSTEMPATH\Database\MySQLi\Connection.php on line 311.
 1 SYSTEMPATH\Database\BaseConnection.php(693): CodeIgniter\Database\MySQLi\Connection->execute('DELETE FROM `reservas`
WHERE `id_reserva` = \'47\'')
 2 SYSTEMPATH\Database\BaseConnection.php(607): CodeIgniter\Database\BaseConnection->simpleQuery('DELETE FROM `reservas`
WHERE `id_reserva` = \'47\'')
 3 SYSTEMPATH\Database\BaseBuilder.php(2787): CodeIgniter\Database\BaseConnection->query('DELETE FROM `reservas`
WHERE `id_reserva` = :id_reserva:', [...], false)
 4 APPPATH\Models\reservasModel.php(223): CodeIgniter\Database\BaseBuilder->delete()
 5 APPPATH\Controllers\reservas.php(285): App\Models\reservasModel->borrarReserva('47')
 6 SYSTEMPATH\CodeIgniter.php(941): App\Controllers\reservas->borrarReserva()
 7 SYSTEMPATH\CodeIgniter.php(502): CodeIgniter\CodeIgniter->runController(Object(App\Controllers\reservas))
 8 SYSTEMPATH\CodeIgniter.php(361): CodeIgniter\CodeIgniter->handleRequest(null, Object(Config\Cache), false)
 9 FCPATH\index.php(79): CodeIgniter\CodeIgniter->run()
CRITICAL - 2024-06-05 07:45:44 --> [Caused by] mysqli_sql_exception: Cannot delete or update a parent row: a foreign key constraint fails (`reservalo`.`horas_reserva`, CONSTRAINT `fk_horaReserva_reserva` FOREIGN KEY (`id_reserva`) REFERENCES `reservas` (`id_reserva`) ON DELETE NO ACTION ON UPDATE CASCADE)
in SYSTEMPATH\Database\MySQLi\Connection.php on line 306.
 1 SYSTEMPATH\Database\MySQLi\Connection.php(306): mysqli->query('DELETE FROM `reservas`
WHERE `id_reserva` = \'47\'', 0)
 2 SYSTEMPATH\Database\BaseConnection.php(693): CodeIgniter\Database\MySQLi\Connection->execute('DELETE FROM `reservas`
WHERE `id_reserva` = \'47\'')
 3 SYSTEMPATH\Database\BaseConnection.php(607): CodeIgniter\Database\BaseConnection->simpleQuery('DELETE FROM `reservas`
WHERE `id_reserva` = \'47\'')
 4 SYSTEMPATH\Database\BaseBuilder.php(2787): CodeIgniter\Database\BaseConnection->query('DELETE FROM `reservas`
WHERE `id_reserva` = :id_reserva:', [...], false)
 5 APPPATH\Models\reservasModel.php(223): CodeIgniter\Database\BaseBuilder->delete()
 6 APPPATH\Controllers\reservas.php(285): App\Models\reservasModel->borrarReserva('47')
 7 SYSTEMPATH\CodeIgniter.php(941): App\Controllers\reservas->borrarReserva()
 8 SYSTEMPATH\CodeIgniter.php(502): CodeIgniter\CodeIgniter->runController(Object(App\Controllers\reservas))
 9 SYSTEMPATH\CodeIgniter.php(361): CodeIgniter\CodeIgniter->handleRequest(null, Object(Config\Cache), false)
10 FCPATH\index.php(79): CodeIgniter\CodeIgniter->run()
INFO - 2024-06-05 07:46:11 --> Session: Class initialized using 'CodeIgniter\Session\Handlers\FileHandler' driver.
INFO - 2024-06-05 07:46:47 --> Session: Class initialized using 'CodeIgniter\Session\Handlers\FileHandler' driver.
INFO - 2024-06-05 07:46:56 --> Session: Class initialized using 'CodeIgniter\Session\Handlers\FileHandler' driver.
INFO - 2024-06-05 07:47:05 --> Session: Class initialized using 'CodeIgniter\Session\Handlers\FileHandler' driver.
INFO - 2024-06-05 07:47:13 --> Session: Class initialized using 'CodeIgniter\Session\Handlers\FileHandler' driver.
ERROR - 2024-06-05 07:47:21 --> mysqli_sql_exception: Cannot delete or update a parent row: a foreign key constraint fails (`reservalo`.`horas_reserva`, CONSTRAINT `fk_horaReserva_reserva` FOREIGN KEY (`id_reserva`) REFERENCES `reservas` (`id_reserva`) ON DELETE NO ACTION ON UPDATE CASCADE) in C:\proyectos\reservalo\system\Database\MySQLi\Connection.php:306
Stack trace:
#0 C:\proyectos\reservalo\system\Database\MySQLi\Connection.php(306): mysqli->query('DELETE FROM `re...', 0)
#1 C:\proyectos\reservalo\system\Database\BaseConnection.php(693): CodeIgniter\Database\MySQLi\Connection->execute('DELETE FROM `re...')
#2 C:\proyectos\reservalo\system\Database\BaseConnection.php(607): CodeIgniter\Database\BaseConnection->simpleQuery('DELETE FROM `re...')
#3 C:\proyectos\reservalo\system\Database\BaseBuilder.php(2787): CodeIgniter\Database\BaseConnection->query('DELETE FROM `re...', Array, false)
#4 C:\proyectos\reservalo\app\Models\reservasModel.php(223): CodeIgniter\Database\BaseBuilder->delete()
#5 C:\proyectos\reservalo\app\Controllers\reservas.php(287): App\Models\reservasModel->borrarReserva('47')
#6 C:\proyectos\reservalo\system\CodeIgniter.php(941): App\Controllers\reservas->borrarReserva()
#7 C:\proyectos\reservalo\system\CodeIgniter.php(502): CodeIgniter\CodeIgniter->runController(Object(App\Controllers\reservas))
#8 C:\proyectos\reservalo\system\CodeIgniter.php(361): CodeIgniter\CodeIgniter->handleRequest(NULL, Object(Config\Cache), false)
#9 C:\proyectos\reservalo\index.php(79): CodeIgniter\CodeIgniter->run()
#10 {main}
CRITICAL - 2024-06-05 07:47:44 --> ErrorException: Uncaught mysqli_sql_exception: Cannot delete or update a parent row: a foreign key constraint fails (`reservalo`.`horas_reserva`, CONSTRAINT `fk_horaReserva_reserva` FOREIGN KEY (`id_reserva`) REFERENCES `reservas` (`id_reserva`) ON DELETE NO ACTION ON UPDATE CASCADE) in C:\proyectos\reservalo\system\Database\MySQLi\Connection.php:306
Stack trace:
#0 C:\proyectos\reservalo\system\Database\MySQLi\Connection.php(306): mysqli->query('DELETE FROM `re...', 0)
#1 C:\proyectos\reservalo\system\Database\BaseConnection.php(693): CodeIgniter\Database\MySQLi\Connection->execute('DELETE FROM `re...')
#2 C:\proyectos\reservalo\system\Database\BaseConnection.php(607): CodeIgniter\Database\BaseConnection->simpleQuery('DELETE FROM `re...')
#3 C:\proyectos\reservalo\system\Database\BaseBuilder.php(2787): CodeIgniter\Database\BaseConnection->query('DELETE FROM `re...', Array, false)
#4 C:\proyectos\reservalo\app\Models\reservasModel.php(223): CodeIgniter\Database\BaseBuilder->delete()
#5 C:\proyectos\reservalo\app\Controllers\reservas.php(287): App\Models\reservasModel->borrarReserva('47')
#6 C:\proyectos\reservalo\system\CodeIgniter.php(941): App\Controllers\reservas->borrarReserva()
#7 C:\proyectos\reservalo\system\CodeIgniter.php(502): CodeIgniter\CodeIgniter->runController(Object(App\Controllers\reservas))
#8 C:\proyectos\reservalo\system\CodeIgniter.php(361): CodeIgniter\CodeIgniter->handleRequest(NULL, Object(Config\Cache), false)
#9 C:\proyectos\reservalo\index.php(79): CodeIgniter\CodeIgniter->run()
#10 {main}

Next CodeIgniter\Database\Exceptions\DatabaseException: Cannot delete or update a parent row: a foreign key constraint fails (`reservalo`.`horas_reserva`, CONSTRAINT `fk_horaReserva_reserva` FOREIGN KEY (`id_reserva`) REFERENCES `reservas` (`id_reserva`) ON DELETE NO ACTION ON UPDATE CASCADE) in C:\proyectos\reservalo\system\Database\MySQLi\Connection.php:311
Stack trace:
#0 C:\proyectos\reservalo\system\Database\BaseConnection.php(693): CodeIgniter\Database\MySQLi\Connection->execute('DELETE FROM `re...')
#1 C:\proyectos\reservalo\system\Database\BaseConnection.php(607): CodeIgniter\Database\BaseConnection->simpleQuery('DELETE FROM `re...')
#2 C:\proyectos\reservalo\system\Database\BaseBuilder.php(2787): CodeIgniter\Database\BaseConnection->query('DELETE FROM `re...', Array, false)
#3 C:\proyectos\reservalo\app\Models\reservasModel.php(223): CodeIgniter\Database\BaseBuilder->delete()
#4 C:\proyectos\reservalo\app\Controllers\reservas.php(287): App\Models\reservasModel->borrarReserva('47')
#5 C:\proyectos\reservalo\system\CodeIgniter.php(941): App\Controllers\reservas->borrarReserva()
#6 C:\proyectos\reservalo\system\CodeIgniter.php(502): CodeIgniter\CodeIgniter->runController(Object(App\Controllers\reservas))
#7 C:\proyectos\reservalo\system\CodeIgniter.php(361): CodeIgniter\CodeIgniter->handleRequest(NULL, Object(Config\Cache), false)
#8 C:\proyectos\reservalo\index.php(79): CodeIgniter\CodeIgniter->run()
#9 {main}

Next CodeIgniter\Database\Exceptions\DatabaseException: Cannot delete or update a parent row: a foreign key constraint fails (`reservalo`.`horas_reserva`, CONSTRAINT `fk_horaReserva_reserva` FOREIGN KEY (`id_reserva`) REFERENCES `reservas` (`id_reserva`) ON DELETE NO ACTION ON UPDATE CASCADE) in C:\proyectos\reservalo\system\Database\BaseConnection.php:647
Stack trace:
#0 C:\proyectos\reservalo\system\Database\BaseBuilder.php(2787): CodeIgniter\Database\BaseConnection->query('DELETE FROM `re...', Array, false)
#1 C:\proyectos\reservalo\app\Models\reservasModel.php(223): CodeIgniter\Database\BaseBuilder->delete()
#2 C:\proyectos\reservalo\app\Controllers\reservas.php(287): App\Models\reservasModel->borrarReserva('47')
#3 C:\proyectos\reservalo\system\CodeIgniter.php(941): App\Controllers\reservas->borrarReserva()
#4 C:\proyectos\reservalo\system\CodeIgniter.php(502): CodeIgniter\CodeIgniter->runController(Object(App\Controllers\reservas))
#5 C:\proyectos\reservalo\system\CodeIgniter.php(361): CodeIgniter\CodeIgniter->handleRequest(NULL, Object(Config\Cache), false)
#6 C:\proyectos\reservalo\index.php(79): CodeIgniter\CodeIgniter->run()
#7 {main}
  thrown
in SYSTEMPATH\Database\BaseConnection.php on line 647.
 1 [internal function]: CodeIgniter\Debug\Exceptions->shutdownHandler()
INFO - 2024-06-05 07:47:49 --> Session: Class initialized using 'CodeIgniter\Session\Handlers\FileHandler' driver.
INFO - 2024-06-05 07:48:57 --> Session: Class initialized using 'CodeIgniter\Session\Handlers\FileHandler' driver.
INFO - 2024-06-05 07:49:02 --> Session: Class initialized using 'CodeIgniter\Session\Handlers\FileHandler' driver.
INFO - 2024-06-05 07:49:05 --> Session: Class initialized using 'CodeIgniter\Session\Handlers\FileHandler' driver.
INFO - 2024-06-05 07:49:07 --> Session: Class initialized using 'CodeIgniter\Session\Handlers\FileHandler' driver.
INFO - 2024-06-05 07:49:12 --> Session: Class initialized using 'CodeIgniter\Session\Handlers\FileHandler' driver.
INFO - 2024-06-05 07:49:16 --> Session: Class initialized using 'CodeIgniter\Session\Handlers\FileHandler' driver.
INFO - 2024-06-05 07:49:22 --> Session: Class initialized using 'CodeIgniter\Session\Handlers\FileHandler' driver.
WARNING - 2024-06-05 07:49:22 --> [DEPRECATED] Creation of dynamic property PHPMailer\PHPMailer\PHPMailer::$SMTPConnectOptions is deprecated in APPPATH\Libraries\Mail\Lib_Mail.php on line 65.
 1 APPPATH\Controllers\reservas.php(305): App\Libraries\Mail\Lib_Mail->enviarCorreo('ruizsotodani2@gmail.com', 'RESERVA PISTA', '<!-- DEBUG-VIEW START 1 APPPATH\\Views\\Email\\v_plantillaEmail.php -->
<h1>Reserva Realizada</h1>
    <p>Hola, Danielo_24,</p>
    <br>
    <p>Le escribimos para informarle de que se ha realizado correctamente la reserva de la pista 1 de la instalacion Pabellón Municipal el dia 07/06/2024 a las 11:00:00</p>
    <br>
    <p>Las características de la reserva son: </p>
    <ul>
        <li>Suplemento: No</li>
        <li>Nº de reservas: 3</li>
    </ul>
    <br>
    <p>Si no coinciden alguna de las características con las deseadas o ha ocurrido algun problema, no dude en contactar con nosotros por la aplicación o vía email en reservalo@email.com</p>
    <br>
    <p>Gracias por confiar en nosotros,</p>
    <br>
    <p>Reservalo</p>
<!-- DEBUG-VIEW ENDED 1 APPPATH\\Views\\Email\\v_plantillaEmail.php -->
')
 2 APPPATH\Controllers\reservas.php(248): App\Controllers\reservas->escribirEmail('ruizsotodani2@gmail.com', [...])
 3 SYSTEMPATH\CodeIgniter.php(941): App\Controllers\reservas->realizarReserva()
 4 SYSTEMPATH\CodeIgniter.php(502): CodeIgniter\CodeIgniter->runController(Object(App\Controllers\reservas))
 5 SYSTEMPATH\CodeIgniter.php(361): CodeIgniter\CodeIgniter->handleRequest(null, Object(Config\Cache), false)
 6 FCPATH\index.php(79): CodeIgniter\CodeIgniter->run()
WARNING - 2024-06-05 07:49:22 --> [DEPRECATED] Creation of dynamic property PHPMailer\PHPMailer\PHPMailer::$WrapChars is deprecated in APPPATH\Libraries\Mail\Lib_Mail.php on line 67.
 1 APPPATH\Controllers\reservas.php(305): App\Libraries\Mail\Lib_Mail->enviarCorreo('ruizsotodani2@gmail.com', 'RESERVA PISTA', '<!-- DEBUG-VIEW START 1 APPPATH\\Views\\Email\\v_plantillaEmail.php -->
<h1>Reserva Realizada</h1>
    <p>Hola, Danielo_24,</p>
    <br>
    <p>Le escribimos para informarle de que se ha realizado correctamente la reserva de la pista 1 de la instalacion Pabellón Municipal el dia 07/06/2024 a las 11:00:00</p>
    <br>
    <p>Las características de la reserva son: </p>
    <ul>
        <li>Suplemento: No</li>
        <li>Nº de reservas: 3</li>
    </ul>
    <br>
    <p>Si no coinciden alguna de las características con las deseadas o ha ocurrido algun problema, no dude en contactar con nosotros por la aplicación o vía email en reservalo@email.com</p>
    <br>
    <p>Gracias por confiar en nosotros,</p>
    <br>
    <p>Reservalo</p>
<!-- DEBUG-VIEW ENDED 1 APPPATH\\Views\\Email\\v_plantillaEmail.php -->
')
 2 APPPATH\Controllers\reservas.php(248): App\Controllers\reservas->escribirEmail('ruizsotodani2@gmail.com', [...])
 3 SYSTEMPATH\CodeIgniter.php(941): App\Controllers\reservas->realizarReserva()
 4 SYSTEMPATH\CodeIgniter.php(502): CodeIgniter\CodeIgniter->runController(Object(App\Controllers\reservas))
 5 SYSTEMPATH\CodeIgniter.php(361): CodeIgniter\CodeIgniter->handleRequest(null, Object(Config\Cache), false)
 6 FCPATH\index.php(79): CodeIgniter\CodeIgniter->run()
WARNING - 2024-06-05 07:49:22 --> [DEPRECATED] Creation of dynamic property PHPMailer\PHPMailer\PHPMailer::$SMTPValidateCert is deprecated in APPPATH\Libraries\Mail\Lib_Mail.php on line 70.
 1 APPPATH\Controllers\reservas.php(305): App\Libraries\Mail\Lib_Mail->enviarCorreo('ruizsotodani2@gmail.com', 'RESERVA PISTA', '<!-- DEBUG-VIEW START 1 APPPATH\\Views\\Email\\v_plantillaEmail.php -->
<h1>Reserva Realizada</h1>
    <p>Hola, Danielo_24,</p>
    <br>
    <p>Le escribimos para informarle de que se ha realizado correctamente la reserva de la pista 1 de la instalacion Pabellón Municipal el dia 07/06/2024 a las 11:00:00</p>
    <br>
    <p>Las características de la reserva son: </p>
    <ul>
        <li>Suplemento: No</li>
        <li>Nº de reservas: 3</li>
    </ul>
    <br>
    <p>Si no coinciden alguna de las características con las deseadas o ha ocurrido algun problema, no dude en contactar con nosotros por la aplicación o vía email en reservalo@email.com</p>
    <br>
    <p>Gracias por confiar en nosotros,</p>
    <br>
    <p>Reservalo</p>
<!-- DEBUG-VIEW ENDED 1 APPPATH\\Views\\Email\\v_plantillaEmail.php -->
')
 2 APPPATH\Controllers\reservas.php(248): App\Controllers\reservas->escribirEmail('ruizsotodani2@gmail.com', [...])
 3 SYSTEMPATH\CodeIgniter.php(941): App\Controllers\reservas->realizarReserva()
 4 SYSTEMPATH\CodeIgniter.php(502): CodeIgniter\CodeIgniter->runController(Object(App\Controllers\reservas))
 5 SYSTEMPATH\CodeIgniter.php(361): CodeIgniter\CodeIgniter->handleRequest(null, Object(Config\Cache), false)
 6 FCPATH\index.php(79): CodeIgniter\CodeIgniter->run()
WARNING - 2024-06-05 07:49:22 --> [DEPRECATED] Creation of dynamic property PHPMailer\PHPMailer\PHPMailer::$SMTPCharset is deprecated in APPPATH\Libraries\Mail\Lib_Mail.php on line 81.
 1 APPPATH\Controllers\reservas.php(305): App\Libraries\Mail\Lib_Mail->enviarCorreo('ruizsotodani2@gmail.com', 'RESERVA PISTA', '<!-- DEBUG-VIEW START 1 APPPATH\\Views\\Email\\v_plantillaEmail.php -->
<h1>Reserva Realizada</h1>
    <p>Hola, Danielo_24,</p>
    <br>
    <p>Le escribimos para informarle de que se ha realizado correctamente la reserva de la pista 1 de la instalacion Pabellón Municipal el dia 07/06/2024 a las 11:00:00</p>
    <br>
    <p>Las características de la reserva son: </p>
    <ul>
        <li>Suplemento: No</li>
        <li>Nº de reservas: 3</li>
    </ul>
    <br>
    <p>Si no coinciden alguna de las características con las deseadas o ha ocurrido algun problema, no dude en contactar con nosotros por la aplicación o vía email en reservalo@email.com</p>
    <br>
    <p>Gracias por confiar en nosotros,</p>
    <br>
    <p>Reservalo</p>
<!-- DEBUG-VIEW ENDED 1 APPPATH\\Views\\Email\\v_plantillaEmail.php -->
')
 2 APPPATH\Controllers\reservas.php(248): App\Controllers\reservas->escribirEmail('ruizsotodani2@gmail.com', [...])
 3 SYSTEMPATH\CodeIgniter.php(941): App\Controllers\reservas->realizarReserva()
 4 SYSTEMPATH\CodeIgniter.php(502): CodeIgniter\CodeIgniter->runController(Object(App\Controllers\reservas))
 5 SYSTEMPATH\CodeIgniter.php(361): CodeIgniter\CodeIgniter->handleRequest(null, Object(Config\Cache), false)
 6 FCPATH\index.php(79): CodeIgniter\CodeIgniter->run()
INFO - 2024-06-05 07:49:25 --> Session: Class initialized using 'CodeIgniter\Session\Handlers\FileHandler' driver.
INFO - 2024-06-05 07:49:27 --> Session: Class initialized using 'CodeIgniter\Session\Handlers\FileHandler' driver.
INFO - 2024-06-05 07:49:30 --> Session: Class initialized using 'CodeIgniter\Session\Handlers\FileHandler' driver.
INFO - 2024-06-05 07:49:37 --> Session: Class initialized using 'CodeIgniter\Session\Handlers\FileHandler' driver.
INFO - 2024-06-05 07:49:46 --> Session: Class initialized using 'CodeIgniter\Session\Handlers\FileHandler' driver.
INFO - 2024-06-05 07:49:56 --> Session: Class initialized using 'CodeIgniter\Session\Handlers\FileHandler' driver.
INFO - 2024-06-05 07:50:44 --> Session: Class initialized using 'CodeIgniter\Session\Handlers\FileHandler' driver.
INFO - 2024-06-05 07:56:54 --> Session: Class initialized using 'CodeIgniter\Session\Handlers\FileHandler' driver.
INFO - 2024-06-05 07:59:30 --> Session: Class initialized using 'CodeIgniter\Session\Handlers\FileHandler' driver.
INFO - 2024-06-05 07:59:36 --> Session: Class initialized using 'CodeIgniter\Session\Handlers\FileHandler' driver.
INFO - 2024-06-05 07:59:42 --> Session: Class initialized using 'CodeIgniter\Session\Handlers\FileHandler' driver.
INFO - 2024-06-05 08:00:29 --> Session: Class initialized using 'CodeIgniter\Session\Handlers\FileHandler' driver.
INFO - 2024-06-05 08:00:32 --> Session: Class initialized using 'CodeIgniter\Session\Handlers\FileHandler' driver.
INFO - 2024-06-05 08:00:36 --> Session: Class initialized using 'CodeIgniter\Session\Handlers\FileHandler' driver.
INFO - 2024-06-05 08:00:46 --> Session: Class initialized using 'CodeIgniter\Session\Handlers\FileHandler' driver.
INFO - 2024-06-05 08:00:55 --> Session: Class initialized using 'CodeIgniter\Session\Handlers\FileHandler' driver.
INFO - 2024-06-05 08:01:03 --> Session: Class initialized using 'CodeIgniter\Session\Handlers\FileHandler' driver.
WARNING - 2024-06-05 08:01:03 --> [DEPRECATED] Creation of dynamic property PHPMailer\PHPMailer\PHPMailer::$SMTPConnectOptions is deprecated in APPPATH\Libraries\Mail\Lib_Mail.php on line 65.
 1 APPPATH\Controllers\reservas.php(307): App\Libraries\Mail\Lib_Mail->enviarCorreo('ruizsotodani2@gmail.com', 'RESERVA PISTA', '<!-- DEBUG-VIEW START 1 APPPATH\\Views\\Email\\v_plantillaEmail.php -->
<h1>Reserva Realizada</h1>
    <p>Hola, Danielo_24,</p>
    <br>
    <p>Le escribimos para informarle de que se ha realizado correctamente la reserva de la pista 1 de la instalacion Pabellón Municipal el dia 07/06/2024 a las 11:00:00</p>
    <br>
    <p>Las características de la reserva son: </p>
    <ul>
        <li>Suplemento: No</li>
        <li>Nº de reservas: 3</li>
    </ul>
    <br>
    <p>Si no coinciden alguna de las características con las deseadas o ha ocurrido algun problema, no dude en contactar con nosotros por la aplicación o vía email en reservalo@email.com</p>
    <br>
    <p>Gracias por confiar en nosotros,</p>
    <br>
    <p>Reservalo</p>
<!-- DEBUG-VIEW ENDED 1 APPPATH\\Views\\Email\\v_plantillaEmail.php -->
')
 2 APPPATH\Controllers\reservas.php(248): App\Controllers\reservas->escribirEmail('ruizsotodani2@gmail.com', [...])
 3 SYSTEMPATH\CodeIgniter.php(941): App\Controllers\reservas->realizarReserva()
 4 SYSTEMPATH\CodeIgniter.php(502): CodeIgniter\CodeIgniter->runController(Object(App\Controllers\reservas))
 5 SYSTEMPATH\CodeIgniter.php(361): CodeIgniter\CodeIgniter->handleRequest(null, Object(Config\Cache), false)
 6 FCPATH\index.php(79): CodeIgniter\CodeIgniter->run()
WARNING - 2024-06-05 08:01:03 --> [DEPRECATED] Creation of dynamic property PHPMailer\PHPMailer\PHPMailer::$WrapChars is deprecated in APPPATH\Libraries\Mail\Lib_Mail.php on line 67.
 1 APPPATH\Controllers\reservas.php(307): App\Libraries\Mail\Lib_Mail->enviarCorreo('ruizsotodani2@gmail.com', 'RESERVA PISTA', '<!-- DEBUG-VIEW START 1 APPPATH\\Views\\Email\\v_plantillaEmail.php -->
<h1>Reserva Realizada</h1>
    <p>Hola, Danielo_24,</p>
    <br>
    <p>Le escribimos para informarle de que se ha realizado correctamente la reserva de la pista 1 de la instalacion Pabellón Municipal el dia 07/06/2024 a las 11:00:00</p>
    <br>
    <p>Las características de la reserva son: </p>
    <ul>
        <li>Suplemento: No</li>
        <li>Nº de reservas: 3</li>
    </ul>
    <br>
    <p>Si no coinciden alguna de las características con las deseadas o ha ocurrido algun problema, no dude en contactar con nosotros por la aplicación o vía email en reservalo@email.com</p>
    <br>
    <p>Gracias por confiar en nosotros,</p>
    <br>
    <p>Reservalo</p>
<!-- DEBUG-VIEW ENDED 1 APPPATH\\Views\\Email\\v_plantillaEmail.php -->
')
 2 APPPATH\Controllers\reservas.php(248): App\Controllers\reservas->escribirEmail('ruizsotodani2@gmail.com', [...])
 3 SYSTEMPATH\CodeIgniter.php(941): App\Controllers\reservas->realizarReserva()
 4 SYSTEMPATH\CodeIgniter.php(502): CodeIgniter\CodeIgniter->runController(Object(App\Controllers\reservas))
 5 SYSTEMPATH\CodeIgniter.php(361): CodeIgniter\CodeIgniter->handleRequest(null, Object(Config\Cache), false)
 6 FCPATH\index.php(79): CodeIgniter\CodeIgniter->run()
WARNING - 2024-06-05 08:01:03 --> [DEPRECATED] Creation of dynamic property PHPMailer\PHPMailer\PHPMailer::$SMTPValidateCert is deprecated in APPPATH\Libraries\Mail\Lib_Mail.php on line 70.
 1 APPPATH\Controllers\reservas.php(307): App\Libraries\Mail\Lib_Mail->enviarCorreo('ruizsotodani2@gmail.com', 'RESERVA PISTA', '<!-- DEBUG-VIEW START 1 APPPATH\\Views\\Email\\v_plantillaEmail.php -->
<h1>Reserva Realizada</h1>
    <p>Hola, Danielo_24,</p>
    <br>
    <p>Le escribimos para informarle de que se ha realizado correctamente la reserva de la pista 1 de la instalacion Pabellón Municipal el dia 07/06/2024 a las 11:00:00</p>
    <br>
    <p>Las características de la reserva son: </p>
    <ul>
        <li>Suplemento: No</li>
        <li>Nº de reservas: 3</li>
    </ul>
    <br>
    <p>Si no coinciden alguna de las características con las deseadas o ha ocurrido algun problema, no dude en contactar con nosotros por la aplicación o vía email en reservalo@email.com</p>
    <br>
    <p>Gracias por confiar en nosotros,</p>
    <br>
    <p>Reservalo</p>
<!-- DEBUG-VIEW ENDED 1 APPPATH\\Views\\Email\\v_plantillaEmail.php -->
')
 2 APPPATH\Controllers\reservas.php(248): App\Controllers\reservas->escribirEmail('ruizsotodani2@gmail.com', [...])
 3 SYSTEMPATH\CodeIgniter.php(941): App\Controllers\reservas->realizarReserva()
 4 SYSTEMPATH\CodeIgniter.php(502): CodeIgniter\CodeIgniter->runController(Object(App\Controllers\reservas))
 5 SYSTEMPATH\CodeIgniter.php(361): CodeIgniter\CodeIgniter->handleRequest(null, Object(Config\Cache), false)
 6 FCPATH\index.php(79): CodeIgniter\CodeIgniter->run()
WARNING - 2024-06-05 08:01:03 --> [DEPRECATED] Creation of dynamic property PHPMailer\PHPMailer\PHPMailer::$SMTPCharset is deprecated in APPPATH\Libraries\Mail\Lib_Mail.php on line 81.
 1 APPPATH\Controllers\reservas.php(307): App\Libraries\Mail\Lib_Mail->enviarCorreo('ruizsotodani2@gmail.com', 'RESERVA PISTA', '<!-- DEBUG-VIEW START 1 APPPATH\\Views\\Email\\v_plantillaEmail.php -->
<h1>Reserva Realizada</h1>
    <p>Hola, Danielo_24,</p>
    <br>
    <p>Le escribimos para informarle de que se ha realizado correctamente la reserva de la pista 1 de la instalacion Pabellón Municipal el dia 07/06/2024 a las 11:00:00</p>
    <br>
    <p>Las características de la reserva son: </p>
    <ul>
        <li>Suplemento: No</li>
        <li>Nº de reservas: 3</li>
    </ul>
    <br>
    <p>Si no coinciden alguna de las características con las deseadas o ha ocurrido algun problema, no dude en contactar con nosotros por la aplicación o vía email en reservalo@email.com</p>
    <br>
    <p>Gracias por confiar en nosotros,</p>
    <br>
    <p>Reservalo</p>
<!-- DEBUG-VIEW ENDED 1 APPPATH\\Views\\Email\\v_plantillaEmail.php -->
')
 2 APPPATH\Controllers\reservas.php(248): App\Controllers\reservas->escribirEmail('ruizsotodani2@gmail.com', [...])
 3 SYSTEMPATH\CodeIgniter.php(941): App\Controllers\reservas->realizarReserva()
 4 SYSTEMPATH\CodeIgniter.php(502): CodeIgniter\CodeIgniter->runController(Object(App\Controllers\reservas))
 5 SYSTEMPATH\CodeIgniter.php(361): CodeIgniter\CodeIgniter->handleRequest(null, Object(Config\Cache), false)
 6 FCPATH\index.php(79): CodeIgniter\CodeIgniter->run()
INFO - 2024-06-05 08:01:08 --> Session: Class initialized using 'CodeIgniter\Session\Handlers\FileHandler' driver.
INFO - 2024-06-05 08:01:11 --> Session: Class initialized using 'CodeIgniter\Session\Handlers\FileHandler' driver.
INFO - 2024-06-05 08:01:40 --> Session: Class initialized using 'CodeIgniter\Session\Handlers\FileHandler' driver.
INFO - 2024-06-05 08:03:30 --> Session: Class initialized using 'CodeIgniter\Session\Handlers\FileHandler' driver.
INFO - 2024-06-05 08:03:38 --> Session: Class initialized using 'CodeIgniter\Session\Handlers\FileHandler' driver.
INFO - 2024-06-05 08:03:54 --> Session: Class initialized using 'CodeIgniter\Session\Handlers\FileHandler' driver.
INFO - 2024-06-05 08:03:55 --> Session: Class initialized using 'CodeIgniter\Session\Handlers\FileHandler' driver.
INFO - 2024-06-05 08:04:07 --> Session: Class initialized using 'CodeIgniter\Session\Handlers\FileHandler' driver.
INFO - 2024-06-05 08:06:12 --> Session: Class initialized using 'CodeIgniter\Session\Handlers\FileHandler' driver.
INFO - 2024-06-05 08:06:18 --> Session: Class initialized using 'CodeIgniter\Session\Handlers\FileHandler' driver.
INFO - 2024-06-05 08:06:26 --> Session: Class initialized using 'CodeIgniter\Session\Handlers\FileHandler' driver.
INFO - 2024-06-05 08:06:35 --> Session: Class initialized using 'CodeIgniter\Session\Handlers\FileHandler' driver.
INFO - 2024-06-05 08:06:38 --> Session: Class initialized using 'CodeIgniter\Session\Handlers\FileHandler' driver.
INFO - 2024-06-05 08:06:41 --> Session: Class initialized using 'CodeIgniter\Session\Handlers\FileHandler' driver.
